#
# A fatal error has been detected by the Java Runtime Environment:
#
#  EXCEPTION_ACCESS_VIOLATION (0xc0000005) at pc=0x0000000061fb6182, pid=17100, tid=0x0000000000002c44
#
# JRE version: Java(TM) SE Runtime Environment (8.0_212-b10) (build 1.8.0_212-b10)
# Java VM: Java HotSpot(TM) 64-Bit Server VM (25.212-b10 mixed mode windows-amd64 compressed oops)
# Problematic frame:
# V  [jvm.dll+0x146182]
#
# Failed to write core dump. Minidumps are not enabled by default on client versions of Windows
#
# If you would like to submit a bug report, please visit:
#   http://bugreport.java.com/bugreport/crash.jsp
#

---------------  T H R E A D  ---------------

Current thread (0x000000001f6c6000):  JavaThread "http-nio-8080-exec-3" daemon [_thread_in_vm, id=11332, stack(0x0000000021390000,0x0000000021490000)]

siginfo: ExceptionCode=0xc0000005, reading address 0x0000000000000000

Registers:
RAX=0x0000000000000000, RBX=0x000000001f6c6000, RCX=0x000000001f6c6000, RDX=0x0000000782c97fa0
RSP=0x000000002148ce90, RBP=0x0000000000000000, RSI=0x0000000000000000, RDI=0x0000000000000000
R8 =0x0000000000000000, R9 =0x0000000061320000, R10=0x0000000000000000, R11=0x0000000000000200
R12=0x0000000000000000, R13=0x0000000020149850, R14=0x000000002148d040, R15=0x000000001f6c6000
RIP=0x0000000061fb6182, EFLAGS=0x0000000000010202

Top of Stack: (sp=0x000000002148ce90)
0x000000002148ce90:   0000000000000001 00000007820f9208
0x000000002148cea0:   000000002148ced0 0000000000000000
0x000000002148ceb0:   000000001f6c6000 000000001f7ab270
0x000000002148cec0:   0000000000000d9d 000000006247c530
0x000000002148ced0:   0000000020140031 0000000000000000
0x000000002148cee0:   00003c3e95c6cea4 000000001f6fa590
0x000000002148cef0:   00000007c0368950 0000000000200021
0x000000002148cf00:   0000000000200021 000000006ec43b23
0x000000002148cf10:   000000002148cf30 00000007c0368950
0x000000002148cf20:   00000000000003d8 0000000020149860
0x000000002148cf30:   000000002148cf80 000000006ec41732
0x000000002148cf40:   000000001f6c61f8 0000000000000000
0x000000002148cf50:   0000000000000000 0000000002d58ad7
0x000000002148cf60:   000000001f6b7b00 0000000000000000
0x000000002148cf70:   000000001d4b9c00 0000000000200021
0x000000002148cf80:   000000002148d010 0000000002d58c67 

Instructions: (pc=0x0000000061fb6182)
0x0000000061fb6162:   89 5c 24 20 48 89 74 24 28 48 39 73 08 74 0a 48
0x0000000061fb6172:   8d 4c 24 20 e8 05 8c 13 00 40 38 35 be 07 6d 00
0x0000000061fb6182:   48 8b 3f 48 63 05 08 67 6b 00 74 1b 8b 0c 38 85
0x0000000061fb6192:   c9 74 7c 8b c1 8b 0d bb 36 66 00 48 d3 e0 48 03 


Register to memory mapping:

RAX=0x0000000000000000 is an unknown value
RBX=0x000000001f6c6000 is a thread
RCX=0x000000001f6c6000 is a thread
RDX=0x0000000782c97fa0 is an oop
java.lang.ArrayIndexOutOfBoundsException 
 - klass: 'java/lang/ArrayIndexOutOfBoundsException'
RSP=0x000000002148ce90 is pointing into the stack for thread: 0x000000001f6c6000
RBP=0x0000000000000000 is an unknown value
RSI=0x0000000000000000 is an unknown value
RDI=0x0000000000000000 is an unknown value
R8 =0x0000000000000000 is an unknown value
R9 =0x0000000061320000 is an unknown value
R10=0x0000000000000000 is an unknown value
R11=0x0000000000000200 is an unknown value
R12=0x0000000000000000 is an unknown value
R13=0x0000000020149850 is pointing into metadata
R14=0x000000002148d040 is pointing into the stack for thread: 0x000000001f6c6000
R15=0x000000001f6c6000 is a thread


Stack: [0x0000000021390000,0x0000000021490000],  sp=0x000000002148ce90,  free space=1011k
Native frames: (J=compiled Java code, j=interpreted, Vv=VM code, C=native code)

Java frames: (J=compiled Java code, j=interpreted, Vv=VM code)
j  it.project.SpringBootProject.Service.NativeStats.nativeString([Ljava/lang/String;I)V+0
j  it.project.SpringBootProject.Service.ReportServiceImpl.reportStatsStrJni(Ljava/lang/String;)Ljava/util/List;+174
j  it.project.SpringBootProject.Controller.ReportController.reportStatsStrJni(Ljava/lang/String;)Lorg/springframework/http/ResponseEntity;+9
v  ~StubRoutines::call_stub
J 1972  sun.reflect.NativeMethodAccessorImpl.invoke0(Ljava/lang/reflect/Method;Ljava/lang/Object;[Ljava/lang/Object;)Ljava/lang/Object; (0 bytes) @ 0x000000000319e37f [0x000000000319e300+0x7f]
J 1971 C1 sun.reflect.NativeMethodAccessorImpl.invoke(Ljava/lang/Object;[Ljava/lang/Object;)Ljava/lang/Object; (104 bytes) @ 0x000000000319f3e4 [0x000000000319f020+0x3c4]
J 1510 C1 sun.reflect.DelegatingMethodAccessorImpl.invoke(Ljava/lang/Object;[Ljava/lang/Object;)Ljava/lang/Object; (10 bytes) @ 0x0000000003096764 [0x0000000003096720+0x44]
J 1509 C1 java.lang.reflect.Method.invoke(Ljava/lang/Object;[Ljava/lang/Object;)Ljava/lang/Object; (62 bytes) @ 0x0000000003096024 [0x0000000003095f20+0x104]
j  org.springframework.web.method.support.InvocableHandlerMethod.doInvoke([Ljava/lang/Object;)Ljava/lang/Object;+16
j  org.springframework.web.method.support.InvocableHandlerMethod.invokeForRequest(Lorg/springframework/web/context/request/NativeWebRequest;Lorg/springframework/web/method/support/ModelAndViewContainer;[Ljava/lang/Object;)Ljava/lang/Object;+56
j  org.springframework.web.servlet.mvc.method.annotation.ServletInvocableHandlerMethod.invokeAndHandle(Lorg/springframework/web/context/request/ServletWebRequest;Lorg/springframework/web/method/support/ModelAndViewContainer;[Ljava/lang/Object;)V+4
j  org.springframework.web.servlet.mvc.method.annotation.RequestMappingHandlerAdapter.invokeHandlerMethod(Ljavax/servlet/http/HttpServletRequest;Ljavax/servlet/http/HttpServletResponse;Lorg/springframework/web/method/HandlerMethod;)Lorg/springframework/web/servlet/ModelAndView;+244
j  org.springframework.web.servlet.mvc.method.annotation.RequestMappingHandlerAdapter.handleInternal(Ljavax/servlet/http/HttpServletRequest;Ljavax/servlet/http/HttpServletResponse;Lorg/springframework/web/method/HandlerMethod;)Lorg/springframework/web/servlet/ModelAndView;+81
j  org.springframework.web.servlet.mvc.method.AbstractHandlerMethodAdapter.handle(Ljavax/servlet/http/HttpServletRequest;Ljavax/servlet/http/HttpServletResponse;Ljava/lang/Object;)Lorg/springframework/web/servlet/ModelAndView;+7
j  org.springframework.web.servlet.DispatcherServlet.doDispatch(Ljavax/servlet/http/HttpServletRequest;Ljavax/servlet/http/HttpServletResponse;)V+257
j  org.springframework.web.servlet.DispatcherServlet.doService(Ljavax/servlet/http/HttpServletRequest;Ljavax/servlet/http/HttpServletResponse;)V+212
j  org.springframework.web.servlet.FrameworkServlet.processRequest(Ljavax/servlet/http/HttpServletRequest;Ljavax/servlet/http/HttpServletResponse;)V+71
j  org.springframework.web.servlet.FrameworkServlet.doGet(Ljavax/servlet/http/HttpServletRequest;Ljavax/servlet/http/HttpServletResponse;)V+3
j  javax.servlet.http.HttpServlet.service(Ljavax/servlet/http/HttpServletRequest;Ljavax/servlet/http/HttpServletResponse;)V+35
j  org.springframework.web.servlet.FrameworkServlet.service(Ljavax/servlet/http/HttpServletRequest;Ljavax/servlet/http/HttpServletResponse;)V+33
j  javax.servlet.http.HttpServlet.service(Ljavax/servlet/ServletRequest;Ljavax/servlet/ServletResponse;)V+36
j  org.apache.catalina.core.ApplicationFilterChain.internalDoFilter(Ljavax/servlet/ServletRequest;Ljavax/servlet/ServletResponse;)V+304
j  org.apache.catalina.core.ApplicationFilterChain.doFilter(Ljavax/servlet/ServletRequest;Ljavax/servlet/ServletResponse;)V+101
j  org.apache.tomcat.websocket.server.WsFilter.doFilter(Ljavax/servlet/ServletRequest;Ljavax/servlet/ServletResponse;Ljavax/servlet/FilterChain;)V+21
j  org.apache.catalina.core.ApplicationFilterChain.internalDoFilter(Ljavax/servlet/ServletRequest;Ljavax/servlet/ServletResponse;)V+135
j  org.apache.catalina.core.ApplicationFilterChain.doFilter(Ljavax/servlet/ServletRequest;Ljavax/servlet/ServletResponse;)V+101
j  org.springframework.web.filter.RequestContextFilter.doFilterInternal(Ljavax/servlet/http/HttpServletRequest;Ljavax/servlet/http/HttpServletResponse;Ljavax/servlet/FilterChain;)V+21
j  org.springframework.web.filter.OncePerRequestFilter.doFilter(Ljavax/servlet/ServletRequest;Ljavax/servlet/ServletResponse;Ljavax/servlet/FilterChain;)V+120
j  org.apache.catalina.core.ApplicationFilterChain.internalDoFilter(Ljavax/servlet/ServletRequest;Ljavax/servlet/ServletResponse;)V+135
j  org.apache.catalina.core.ApplicationFilterChain.doFilter(Ljavax/servlet/ServletRequest;Ljavax/servlet/ServletResponse;)V+101
j  org.springframework.web.filter.FormContentFilter.doFilterInternal(Ljavax/servlet/http/HttpServletRequest;Ljavax/servlet/http/HttpServletResponse;Ljavax/servlet/FilterChain;)V+38
j  org.springframework.web.filter.OncePerRequestFilter.doFilter(Ljavax/servlet/ServletRequest;Ljavax/servlet/ServletResponse;Ljavax/servlet/FilterChain;)V+120
j  org.apache.catalina.core.ApplicationFilterChain.internalDoFilter(Ljavax/servlet/ServletRequest;Ljavax/servlet/ServletResponse;)V+135
j  org.apache.catalina.core.ApplicationFilterChain.doFilter(Ljavax/servlet/ServletRequest;Ljavax/servlet/ServletResponse;)V+101
j  org.springframework.web.filter.HiddenHttpMethodFilter.doFilterInternal(Ljavax/servlet/http/HttpServletRequest;Ljavax/servlet/http/HttpServletResponse;Ljavax/servlet/FilterChain;)V+87
j  org.springframework.web.filter.OncePerRequestFilter.doFilter(Ljavax/servlet/ServletRequest;Ljavax/servlet/ServletResponse;Ljavax/servlet/FilterChain;)V+120
j  org.apache.catalina.core.ApplicationFilterChain.internalDoFilter(Ljavax/servlet/ServletRequest;Ljavax/servlet/ServletResponse;)V+135
j  org.apache.catalina.core.ApplicationFilterChain.doFilter(Ljavax/servlet/ServletRequest;Ljavax/servlet/ServletResponse;)V+101
j  org.springframework.web.filter.CharacterEncodingFilter.doFilterInternal(Ljavax/servlet/http/HttpServletRequest;Ljavax/servlet/http/HttpServletResponse;Ljavax/servlet/FilterChain;)V+53
j  org.springframework.web.filter.OncePerRequestFilter.doFilter(Ljavax/servlet/ServletRequest;Ljavax/servlet/ServletResponse;Ljavax/servlet/FilterChain;)V+120
j  org.apache.catalina.core.ApplicationFilterChain.internalDoFilter(Ljavax/servlet/ServletRequest;Ljavax/servlet/ServletResponse;)V+135
j  org.apache.catalina.core.ApplicationFilterChain.doFilter(Ljavax/servlet/ServletRequest;Ljavax/servlet/ServletResponse;)V+101
j  org.apache.catalina.core.StandardWrapperValve.invoke(Lorg/apache/catalina/connector/Request;Lorg/apache/catalina/connector/Response;)V+694
j  org.apache.catalina.core.StandardContextValve.invoke(Lorg/apache/catalina/connector/Request;Lorg/apache/catalina/connector/Response;)V+166
j  org.apache.catalina.authenticator.AuthenticatorBase.invoke(Lorg/apache/catalina/connector/Request;Lorg/apache/catalina/connector/Response;)V+260
j  org.apache.catalina.core.StandardHostValve.invoke(Lorg/apache/catalina/connector/Request;Lorg/apache/catalina/connector/Response;)V+114
j  org.apache.catalina.valves.ErrorReportValve.invoke(Lorg/apache/catalina/connector/Request;Lorg/apache/catalina/connector/Response;)V+6
j  org.apache.catalina.core.StandardEngineValve.invoke(Lorg/apache/catalina/connector/Request;Lorg/apache/catalina/connector/Response;)V+45
j  org.apache.catalina.connector.CoyoteAdapter.service(Lorg/apache/coyote/Request;Lorg/apache/coyote/Response;)V+199
j  org.apache.coyote.http11.Http11Processor.service(Lorg/apache/tomcat/util/net/SocketWrapperBase;)Lorg/apache/tomcat/util/net/AbstractEndpoint$Handler$SocketState;+791
j  org.apache.coyote.AbstractProcessorLight.process(Lorg/apache/tomcat/util/net/SocketWrapperBase;Lorg/apache/tomcat/util/net/SocketEvent;)Lorg/apache/tomcat/util/net/AbstractEndpoint$Handler$SocketState;+113
j  org.apache.coyote.AbstractProtocol$ConnectionHandler.process(Lorg/apache/tomcat/util/net/SocketWrapperBase;Lorg/apache/tomcat/util/net/SocketEvent;)Lorg/apache/tomcat/util/net/AbstractEndpoint$Handler$SocketState;+422
j  org.apache.tomcat.util.net.NioEndpoint$SocketProcessor.doRun()V+221
j  org.apache.tomcat.util.net.SocketProcessorBase.run()V+21
j  java.util.concurrent.ThreadPoolExecutor.runWorker(Ljava/util/concurrent/ThreadPoolExecutor$Worker;)V+95
j  java.util.concurrent.ThreadPoolExecutor$Worker.run()V+5
j  org.apache.tomcat.util.threads.TaskThread$WrappingRunnable.run()V+4
j  java.lang.Thread.run()V+11
v  ~StubRoutines::call_stub

---------------  P R O C E S S  ---------------

Java Threads: ( => current thread )
  0x000000001f7bc800 JavaThread "DestroyJavaVM" [_thread_blocked, id=14992, stack(0x0000000002b40000,0x0000000002c40000)]
  0x000000001f7bd000 JavaThread "http-nio-8080-Acceptor" daemon [_thread_in_native, id=9920, stack(0x0000000021c90000,0x0000000021d90000)]
  0x000000001f7b9800 JavaThread "http-nio-8080-ClientPoller" daemon [_thread_in_native, id=13616, stack(0x0000000021b90000,0x0000000021c90000)]
  0x000000001f7c0000 JavaThread "http-nio-8080-exec-10" daemon [_thread_blocked, id=19048, stack(0x0000000021a90000,0x0000000021b90000)]
  0x000000001f7bb800 JavaThread "http-nio-8080-exec-9" daemon [_thread_blocked, id=11764, stack(0x0000000021990000,0x0000000021a90000)]
  0x000000001f7bb000 JavaThread "http-nio-8080-exec-8" daemon [_thread_blocked, id=15476, stack(0x0000000021890000,0x0000000021990000)]
  0x000000001f6c4000 JavaThread "http-nio-8080-exec-7" daemon [_thread_blocked, id=11964, stack(0x0000000021790000,0x0000000021890000)]
  0x000000001f6c1800 JavaThread "http-nio-8080-exec-6" daemon [_thread_blocked, id=12724, stack(0x0000000021690000,0x0000000021790000)]
  0x000000001f6c3000 JavaThread "http-nio-8080-exec-5" daemon [_thread_blocked, id=10176, stack(0x0000000021590000,0x0000000021690000)]
  0x000000001f6c0800 JavaThread "http-nio-8080-exec-4" daemon [_thread_blocked, id=18512, stack(0x0000000021490000,0x0000000021590000)]
=>0x000000001f6c6000 JavaThread "http-nio-8080-exec-3" daemon [_thread_in_vm, id=11332, stack(0x0000000021390000,0x0000000021490000)]
  0x000000001f6c4800 JavaThread "http-nio-8080-exec-2" daemon [_thread_blocked, id=14128, stack(0x0000000021290000,0x0000000021390000)]
  0x000000001f6c2800 JavaThread "http-nio-8080-exec-1" daemon [_thread_blocked, id=4044, stack(0x0000000021190000,0x0000000021290000)]
  0x000000001f6c5800 JavaThread "http-nio-8080-BlockPoller" daemon [_thread_in_native, id=3140, stack(0x0000000021090000,0x0000000021190000)]
  0x000000001f6c7800 JavaThread "Live Reload Server" daemon [_thread_in_native, id=14356, stack(0x0000000020f90000,0x0000000021090000)]
  0x000000001f6c7000 JavaThread "File Watcher" daemon [_thread_blocked, id=18452, stack(0x0000000020d90000,0x0000000020e90000)]
  0x000000001f665000 JavaThread "container-0" [_thread_blocked, id=14920, stack(0x0000000020a90000,0x0000000020b90000)]
  0x000000001f664800 JavaThread "Catalina-utility-2" [_thread_blocked, id=19932, stack(0x0000000020990000,0x0000000020a90000)]
  0x000000001f663800 JavaThread "Catalina-utility-1" [_thread_blocked, id=5304, stack(0x0000000020890000,0x0000000020990000)]
  0x000000001d5b9800 JavaThread "JMX server connection timeout 21" daemon [_thread_blocked, id=11132, stack(0x000000001e8c0000,0x000000001e9c0000)]
  0x000000001d5b8800 JavaThread "RMI Scheduler(0)" daemon [_thread_blocked, id=15660, stack(0x000000001e7c0000,0x000000001e8c0000)]
  0x000000001d516000 JavaThread "RMI TCP Connection(1)-127.0.0.1" daemon [_thread_in_native, id=236, stack(0x000000001e6c0000,0x000000001e7c0000)]
  0x000000001d28d000 JavaThread "RMI TCP Accept-0" daemon [_thread_in_native, id=15396, stack(0x000000001db60000,0x000000001dc60000)]
  0x000000001d284800 JavaThread "RMI TCP Accept-63373" daemon [_thread_in_native, id=4452, stack(0x000000001da60000,0x000000001db60000)]
  0x000000001d26f800 JavaThread "RMI TCP Accept-0" daemon [_thread_in_native, id=18864, stack(0x000000001d960000,0x000000001da60000)]
  0x000000001c1bf000 JavaThread "Service Thread" daemon [_thread_blocked, id=18732, stack(0x000000001cd20000,0x000000001ce20000)]
  0x000000001c142800 JavaThread "C1 CompilerThread3" daemon [_thread_blocked, id=1468, stack(0x000000001cc20000,0x000000001cd20000)]
  0x000000001c13f800 JavaThread "C2 CompilerThread2" daemon [_thread_blocked, id=7852, stack(0x000000001cb20000,0x000000001cc20000)]
  0x000000001c13c800 JavaThread "C2 CompilerThread1" daemon [_thread_blocked, id=18464, stack(0x000000001ca20000,0x000000001cb20000)]
  0x000000001c139000 JavaThread "C2 CompilerThread0" daemon [_thread_blocked, id=3708, stack(0x000000001c920000,0x000000001ca20000)]
  0x000000001c131000 JavaThread "Attach Listener" daemon [_thread_blocked, id=3864, stack(0x000000001c820000,0x000000001c920000)]
  0x000000001c130800 JavaThread "Signal Dispatcher" daemon [_thread_blocked, id=13160, stack(0x000000001c720000,0x000000001c820000)]
  0x000000001c120800 JavaThread "Finalizer" daemon [_thread_blocked, id=396, stack(0x000000001c500000,0x000000001c600000)]
  0x0000000002d3b000 JavaThread "Reference Handler" daemon [_thread_blocked, id=16636, stack(0x000000001c000000,0x000000001c100000)]

Other Threads:
  0x000000001a209000 VMThread [stack: 0x000000001bf00000,0x000000001c000000] [id=7144]
  0x000000001d28e000 WatcherThread [stack: 0x000000001dc60000,0x000000001dd60000] [id=3748]

VM state:not at safepoint (normal execution)

VM Mutex/Monitor currently owned by a thread: None

heap address: 0x0000000701c00000, size: 3044 MB, Compressed Oops mode: Zero based, Oop shift amount: 3
Narrow klass base: 0x0000000000000000, Narrow klass shift: 3
Compressed class space size: 1073741824 Address: 0x00000007c0000000

Heap:
 PSYoungGen      total 138752K, used 50277K [0x0000000780980000, 0x000000078b880000, 0x00000007c0000000)
  eden space 124928K, 29% used [0x0000000780980000,0x0000000782d1cb08,0x0000000788380000)
  from space 13824K, 99% used [0x0000000789400000,0x000000078a17c9f0,0x000000078a180000)
  to   space 16896K, 0% used [0x0000000788380000,0x0000000788380000,0x0000000789400000)
 ParOldGen       total 73216K, used 10923K [0x0000000701c00000, 0x0000000706380000, 0x0000000780980000)
  object space 73216K, 14% used [0x0000000701c00000,0x00000007026aaec8,0x0000000706380000)
 Metaspace       used 31574K, capacity 33368K, committed 33664K, reserved 1079296K
  class space    used 4291K, capacity 4634K, committed 4736K, reserved 1048576K

Card table byte_map: [0x0000000012100000,0x0000000012700000] byte_map_base: 0x000000000e8f2000

Marking Bits: (ParMarkBitMap*) 0x0000000062695ce0
 Begin Bits: [0x0000000013300000, 0x0000000016290000)
 End Bits:   [0x0000000016290000, 0x0000000019220000)

Polling page: 0x0000000000f10000

CodeCache: size=245760Kb used=6672Kb max_used=6672Kb free=239087Kb
 bounds [0x0000000002d40000, 0x00000000033d0000, 0x0000000011d40000]
 total_blobs=3567 nmethods=3129 adapters=349
 compilation: enabled

Compilation events (10 events):
Event: 11.371 Thread 0x000000001c142800 3125       1       org.apache.tomcat.util.buf.Ascii::toLower (14 bytes)
Event: 11.371 Thread 0x000000001c142800 nmethod 3125 0x00000000033c2e50 code [0x00000000033c2fa0, 0x00000000033c30d0]
Event: 11.372 Thread 0x000000001c142800 3126       1       java.util.ArrayList$ArrayListSpliterator::characteristics (4 bytes)
Event: 11.372 Thread 0x000000001c142800 nmethod 3126 0x00000000033c3190 code [0x00000000033c32e0, 0x00000000033c33f0]
Event: 11.381 Thread 0x000000001c142800 3127       1       org.springframework.core.convert.TypeDescriptor::hashCode (8 bytes)
Event: 11.381 Thread 0x000000001c142800 nmethod 3127 0x00000000033c3450 code [0x00000000033c35a0, 0x00000000033c36e8]
Event: 11.381 Thread 0x000000001c142800 3128       1       it.project.SpringBootProject.Model.Report::getCountry (5 bytes)
Event: 11.381 Thread 0x000000001c142800 nmethod 3128 0x00000000033c3790 code [0x00000000033c38e0, 0x00000000033c39f0]
Event: 11.381 Thread 0x000000001c142800 3129   !   1       sun.reflect.GeneratedMethodAccessor35::invoke (61 bytes)
Event: 11.382 Thread 0x000000001c142800 nmethod 3129 0x00000000033c3a50 code [0x00000000033c3c00, 0x00000000033c3f68]

GC Heap History (10 events):
Event: 1.039 GC heap before
{Heap before GC invocations=3 (full 0):
 PSYoungGen      total 57344K, used 18188K [0x0000000780980000, 0x0000000787980000, 0x00000007c0000000)
  eden space 49152K, 20% used [0x0000000780980000,0x0000000781347ca8,0x0000000783980000)
  from space 8192K, 99% used [0x0000000784180000,0x000000078497b6b0,0x0000000784980000)
  to   space 8192K, 0% used [0x0000000783980000,0x0000000783980000,0x0000000784180000)
 ParOldGen       total 131072K, used 1940K [0x0000000701c00000, 0x0000000709c00000, 0x0000000780980000)
  object space 131072K, 1% used [0x0000000701c00000,0x0000000701de5280,0x0000000709c00000)
 Metaspace       used 20512K, capacity 21142K, committed 21248K, reserved 1067008K
  class space    used 2781K, capacity 2984K, committed 3072K, reserved 1048576K
Event: 1.043 GC heap after
Heap after GC invocations=3 (full 0):
 PSYoungGen      total 57344K, used 6092K [0x0000000780980000, 0x0000000787980000, 0x00000007c0000000)
  eden space 49152K, 0% used [0x0000000780980000,0x0000000780980000,0x0000000783980000)
  from space 8192K, 74% used [0x0000000783980000,0x0000000783f73370,0x0000000784180000)
  to   space 8192K, 0% used [0x0000000787180000,0x0000000787180000,0x0000000787980000)
 ParOldGen       total 131072K, used 1948K [0x0000000701c00000, 0x0000000709c00000, 0x0000000780980000)
  object space 131072K, 1% used [0x0000000701c00000,0x0000000701de7280,0x0000000709c00000)
 Metaspace       used 20512K, capacity 21142K, committed 21248K, reserved 1067008K
  class space    used 2781K, capacity 2984K, committed 3072K, reserved 1048576K
}
Event: 1.043 GC heap before
{Heap before GC invocations=4 (full 1):
 PSYoungGen      total 57344K, used 6092K [0x0000000780980000, 0x0000000787980000, 0x00000007c0000000)
  eden space 49152K, 0% used [0x0000000780980000,0x0000000780980000,0x0000000783980000)
  from space 8192K, 74% used [0x0000000783980000,0x0000000783f73370,0x0000000784180000)
  to   space 8192K, 0% used [0x0000000787180000,0x0000000787180000,0x0000000787980000)
 ParOldGen       total 131072K, used 1948K [0x0000000701c00000, 0x0000000709c00000, 0x0000000780980000)
  object space 131072K, 1% used [0x0000000701c00000,0x0000000701de7280,0x0000000709c00000)
 Metaspace       used 20512K, capacity 21142K, committed 21248K, reserved 1067008K
  class space    used 2781K, capacity 2984K, committed 3072K, reserved 1048576K
Event: 1.065 GC heap after
Heap after GC invocations=4 (full 1):
 PSYoungGen      total 57344K, used 0K [0x0000000780980000, 0x0000000787980000, 0x00000007c0000000)
  eden space 49152K, 0% used [0x0000000780980000,0x0000000780980000,0x0000000783980000)
  from space 8192K, 0% used [0x0000000783980000,0x0000000783980000,0x0000000784180000)
  to   space 8192K, 0% used [0x0000000787180000,0x0000000787180000,0x0000000787980000)
 ParOldGen       total 73216K, used 5890K [0x0000000701c00000, 0x0000000706380000, 0x0000000780980000)
  object space 73216K, 8% used [0x0000000701c00000,0x00000007021c0a50,0x0000000706380000)
 Metaspace       used 20511K, capacity 21136K, committed 21248K, reserved 1067008K
  class space    used 2780K, capacity 2983K, committed 3072K, reserved 1048576K
}
Event: 1.349 GC heap before
{Heap before GC invocations=5 (full 1):
 PSYoungGen      total 57344K, used 49152K [0x0000000780980000, 0x0000000787980000, 0x00000007c0000000)
  eden space 49152K, 100% used [0x0000000780980000,0x0000000783980000,0x0000000783980000)
  from space 8192K, 0% used [0x0000000783980000,0x0000000783980000,0x0000000784180000)
  to   space 8192K, 0% used [0x0000000787180000,0x0000000787180000,0x0000000787980000)
 ParOldGen       total 73216K, used 5890K [0x0000000701c00000, 0x0000000706380000, 0x0000000780980000)
  object space 73216K, 8% used [0x0000000701c00000,0x00000007021c0a50,0x0000000706380000)
 Metaspace       used 23167K, capacity 24116K, committed 24192K, reserved 1071104K
  class space    used 3161K, capacity 3387K, committed 3456K, reserved 1048576K
Event: 1.353 GC heap after
Heap after GC invocations=5 (full 1):
 PSYoungGen      total 85504K, used 5096K [0x0000000780980000, 0x0000000787680000, 0x00000007c0000000)
  eden space 80384K, 0% used [0x0000000780980000,0x0000000780980000,0x0000000785800000)
  from space 5120K, 99% used [0x0000000787180000,0x000000078767a138,0x0000000787680000)
  to   space 8192K, 0% used [0x0000000786680000,0x0000000786680000,0x0000000786e80000)
 ParOldGen       total 73216K, used 5962K [0x0000000701c00000, 0x0000000706380000, 0x0000000780980000)
  object space 73216K, 8% used [0x0000000701c00000,0x00000007021d2a60,0x0000000706380000)
 Metaspace       used 23167K, capacity 24116K, committed 24192K, reserved 1071104K
  class space    used 3161K, capacity 3387K, committed 3456K, reserved 1048576K
}
Event: 1.974 GC heap before
{Heap before GC invocations=6 (full 1):
 PSYoungGen      total 85504K, used 85480K [0x0000000780980000, 0x0000000787680000, 0x00000007c0000000)
  eden space 80384K, 100% used [0x0000000780980000,0x0000000785800000,0x0000000785800000)
  from space 5120K, 99% used [0x0000000787180000,0x000000078767a138,0x0000000787680000)
  to   space 8192K, 0% used [0x0000000786680000,0x0000000786680000,0x0000000786e80000)
 ParOldGen       total 73216K, used 5962K [0x0000000701c00000, 0x0000000706380000, 0x0000000780980000)
  object space 73216K, 8% used [0x0000000701c00000,0x00000007021d2a60,0x0000000706380000)
 Metaspace       used 29583K, capacity 31176K, committed 31232K, reserved 1077248K
  class space    used 4006K, capacity 4318K, committed 4352K, reserved 1048576K
Event: 1.982 GC heap after
Heap after GC invocations=6 (full 1):
 PSYoungGen      total 103424K, used 8174K [0x0000000780980000, 0x000000078a180000, 0x00000007c0000000)
  eden space 95232K, 0% used [0x0000000780980000,0x0000000780980000,0x0000000786680000)
  from space 8192K, 99% used [0x0000000786680000,0x0000000786e7b930,0x0000000786e80000)
  to   space 13824K, 0% used [0x0000000789400000,0x0000000789400000,0x000000078a180000)
 ParOldGen       total 73216K, used 9763K [0x0000000701c00000, 0x0000000706380000, 0x0000000780980000)
  object space 73216K, 13% used [0x0000000701c00000,0x0000000702588f80,0x0000000706380000)
 Metaspace       used 29583K, capacity 31176K, committed 31232K, reserved 1077248K
  class space    used 4006K, capacity 4318K, committed 4352K, reserved 1048576K
}
Event: 8.084 GC heap before
{Heap before GC invocations=7 (full 1):
 PSYoungGen      total 103424K, used 103406K [0x0000000780980000, 0x000000078a180000, 0x00000007c0000000)
  eden space 95232K, 100% used [0x0000000780980000,0x0000000786680000,0x0000000786680000)
  from space 8192K, 99% used [0x0000000786680000,0x0000000786e7b930,0x0000000786e80000)
  to   space 13824K, 0% used [0x0000000789400000,0x0000000789400000,0x000000078a180000)
 ParOldGen       total 73216K, used 9763K [0x0000000701c00000, 0x0000000706380000, 0x0000000780980000)
  object space 73216K, 13% used [0x0000000701c00000,0x0000000702588f80,0x0000000706380000)
 Metaspace       used 31210K, capacity 32928K, committed 33024K, reserved 1077248K
  class space    used 4240K, capacity 4556K, committed 4608K, reserved 1048576K
Event: 8.094 GC heap after
Heap after GC invocations=7 (full 1):
 PSYoungGen      total 138752K, used 13810K [0x0000000780980000, 0x000000078b880000, 0x00000007c0000000)
  eden space 124928K, 0% used [0x0000000780980000,0x0000000780980000,0x0000000788380000)
  from space 13824K, 99% used [0x0000000789400000,0x000000078a17c9f0,0x000000078a180000)
  to   space 16896K, 0% used [0x0000000788380000,0x0000000788380000,0x0000000789400000)
 ParOldGen       total 73216K, used 10923K [0x0000000701c00000, 0x0000000706380000, 0x0000000780980000)
  object space 73216K, 14% used [0x0000000701c00000,0x00000007026aaec8,0x0000000706380000)
 Metaspace       used 31210K, capacity 32928K, committed 33024K, reserved 1077248K
  class space    used 4240K, capacity 4556K, committed 4608K, reserved 1048576K
}

Deoptimization events (0 events):
No events

Classes redefined (0 events):
No events

Internal exceptions (10 events):
Event: 10.787 Thread 0x000000001d516000 Exception <a 'java/lang/ClassNotFoundException': org/springframework/boot/actuate/endpoint/jmx/EndpointMBean> (0x0000000781ed1db0) thrown at [C:\re\workspace\8-2-build-windows-amd64-cygwin\jdk8u212\12974\hotspot\src\share\vm\classfile\systemDictionary.cpp
Event: 10.787 Thread 0x000000001d516000 Exception <a 'java/lang/ClassNotFoundException': org/springframework/boot/actuate/endpoint/jmx/DataEndpointMBean> (0x0000000781ed2310) thrown at [C:\re\workspace\8-2-build-windows-amd64-cygwin\jdk8u212\12974\hotspot\src\share\vm\classfile\systemDictionary
Event: 10.787 Thread 0x000000001d516000 Exception <a 'java/lang/ClassNotFoundException': org/springframework/context/support/LiveBeansView> (0x0000000781ed2858) thrown at [C:\re\workspace\8-2-build-windows-amd64-cygwin\jdk8u212\12974\hotspot\src\share\vm\classfile\systemDictionary.cpp, line 210
Event: 10.788 Thread 0x000000001d516000 Exception <a 'java/lang/ClassNotFoundException': org/springframework/boot/actuate/endpoint/jmx/EndpointMBean> (0x0000000781f2a178) thrown at [C:\re\workspace\8-2-build-windows-amd64-cygwin\jdk8u212\12974\hotspot\src\share\vm\classfile\systemDictionary.cpp
Event: 10.788 Thread 0x000000001d516000 Exception <a 'java/lang/ClassNotFoundException': org/springframework/boot/actuate/endpoint/jmx/DataEndpointMBean> (0x0000000781f2a6d8) thrown at [C:\re\workspace\8-2-build-windows-amd64-cygwin\jdk8u212\12974\hotspot\src\share\vm\classfile\systemDictionary
Event: 10.788 Thread 0x000000001d516000 Exception <a 'java/lang/ClassNotFoundException': org/springframework/context/support/LiveBeansView> (0x0000000781f2ac20) thrown at [C:\re\workspace\8-2-build-windows-amd64-cygwin\jdk8u212\12974\hotspot\src\share\vm\classfile\systemDictionary.cpp, line 210
Event: 10.788 Thread 0x000000001d516000 Exception <a 'java/lang/ClassNotFoundException': org/springframework/boot/actuate/endpoint/jmx/EndpointMBean> (0x0000000781f2af50) thrown at [C:\re\workspace\8-2-build-windows-amd64-cygwin\jdk8u212\12974\hotspot\src\share\vm\classfile\systemDictionary.cpp
Event: 10.788 Thread 0x000000001d516000 Exception <a 'java/lang/ClassNotFoundException': org/springframework/boot/actuate/endpoint/jmx/DataEndpointMBean> (0x0000000781f2b470) thrown at [C:\re\workspace\8-2-build-windows-amd64-cygwin\jdk8u212\12974\hotspot\src\share\vm\classfile\systemDictionary
Event: 10.788 Thread 0x000000001d516000 Exception <a 'java/lang/ClassNotFoundException': org/springframework/context/support/LiveBeansView> (0x0000000781f2b978) thrown at [C:\re\workspace\8-2-build-windows-amd64-cygwin\jdk8u212\12974\hotspot\src\share\vm\classfile\systemDictionary.cpp, line 210
Event: 11.668 Thread 0x000000001f6c6000 Exception <a 'java/lang/ArrayIndexOutOfBoundsException': 1> (0x0000000782c97fa0) thrown at [C:\re\workspace\8-2-build-windows-amd64-cygwin\jdk8u212\12974\hotspot\src\share\vm\prims\jni.cpp, line 3485]

Events (10 events):
Event: 11.378 loading class org/springframework/web/bind/WebDataBinder
Event: 11.378 loading class org/springframework/web/bind/WebDataBinder done
Event: 11.378 loading class org/springframework/validation/DataBinder
Event: 11.378 loading class org/springframework/validation/DataBinder done
Event: 11.379 Executing VM operation: Deoptimize
Event: 11.379 Executing VM operation: Deoptimize done
Event: 11.380 loading class org/springframework/validation/DefaultBindingErrorProcessor
Event: 11.380 loading class org/springframework/validation/DefaultBindingErrorProcessor done
Event: 11.380 loading class org/springframework/validation/BindingErrorProcessor
Event: 11.380 loading class org/springframework/validation/BindingErrorProcessor done


Dynamic libraries:
0x00007ff681b50000 - 0x00007ff681b87000 	C:\Program Files\Java\jre1.8.0_212\bin\javaw.exe
0x00007ff985a70000 - 0x00007ff985c5d000 	C:\Windows\SYSTEM32\ntdll.dll
0x00007ff97e380000 - 0x00007ff97e392000 	C:\Program Files\AVAST Software\Avast\aswhook.dll
0x00007ff9853c0000 - 0x00007ff985473000 	C:\Windows\System32\KERNEL32.DLL
0x00007ff982420000 - 0x00007ff9826b3000 	C:\Windows\System32\KERNELBASE.dll
0x00007ff985990000 - 0x00007ff985a33000 	C:\Windows\System32\ADVAPI32.dll
0x00007ff982ca0000 - 0x00007ff982d3e000 	C:\Windows\System32\msvcrt.dll
0x00007ff985310000 - 0x00007ff9853ae000 	C:\Windows\System32\sechost.dll
0x00007ff9834b0000 - 0x00007ff9835d2000 	C:\Windows\System32\RPCRT4.dll
0x00007ff982fe0000 - 0x00007ff983177000 	C:\Windows\System32\USER32.dll
0x00007ff982400000 - 0x00007ff982420000 	C:\Windows\System32\win32u.dll
0x00007ff9831e0000 - 0x00007ff983209000 	C:\Windows\System32\GDI32.dll
0x00007ff9827a0000 - 0x00007ff982939000 	C:\Windows\System32\gdi32full.dll
0x00007ff981b40000 - 0x00007ff981be0000 	C:\Windows\System32\msvcp_win.dll
0x00007ff982940000 - 0x00007ff982a3a000 	C:\Windows\System32\ucrtbase.dll
0x00007ff9728c0000 - 0x00007ff972b39000 	C:\Windows\WinSxS\amd64_microsoft.windows.common-controls_6595b64144ccf1df_6.0.17763.615_none_05b4414a072024d4\COMCTL32.dll
0x00007ff985480000 - 0x00007ff9857ac000 	C:\Windows\System32\combase.dll
0x00007ff982a40000 - 0x00007ff982abe000 	C:\Windows\System32\bcryptPrimitives.dll
0x00007ff982f50000 - 0x00007ff982f7e000 	C:\Windows\System32\IMM32.DLL
0x0000000061320000 - 0x00000000613f2000 	C:\Program Files\Java\jre1.8.0_212\bin\msvcr100.dll
0x0000000061e70000 - 0x0000000062715000 	C:\Program Files\Java\jre1.8.0_212\bin\server\jvm.dll
0x00007ff9835e0000 - 0x00007ff9835e8000 	C:\Windows\System32\PSAPI.DLL
0x00007ff96ddd0000 - 0x00007ff96ddd9000 	C:\Windows\SYSTEM32\WSOCK32.dll
0x00007ff983210000 - 0x00007ff98327d000 	C:\Windows\System32\WS2_32.dll
0x00007ff97e2a0000 - 0x00007ff97e2c4000 	C:\Windows\SYSTEM32\WINMM.dll
0x00007ff97b3a0000 - 0x00007ff97b3aa000 	C:\Windows\SYSTEM32\VERSION.dll
0x00007ff97e270000 - 0x00007ff97e29d000 	C:\Windows\SYSTEM32\WINMMBASE.dll
0x00007ff9826c0000 - 0x00007ff98270a000 	C:\Windows\System32\cfgmgr32.dll
0x00007ff97e370000 - 0x00007ff97e37f000 	C:\Program Files\Java\jre1.8.0_212\bin\verify.dll
0x00007ff97af10000 - 0x00007ff97af39000 	C:\Program Files\Java\jre1.8.0_212\bin\java.dll
0x00007ff97b640000 - 0x00007ff97b656000 	C:\Program Files\Java\jre1.8.0_212\bin\zip.dll
0x00007ff9835f0000 - 0x00007ff984ae0000 	C:\Windows\System32\SHELL32.dll
0x00007ff985130000 - 0x00007ff9851d8000 	C:\Windows\System32\shcore.dll
0x00007ff981cb0000 - 0x00007ff9823fa000 	C:\Windows\System32\windows.storage.dll
0x00007ff981b10000 - 0x00007ff981b34000 	C:\Windows\System32\profapi.dll
0x00007ff981a90000 - 0x00007ff981aed000 	C:\Windows\System32\powrprof.dll
0x00007ff983180000 - 0x00007ff9831d2000 	C:\Windows\System32\shlwapi.dll
0x00007ff981af0000 - 0x00007ff981b01000 	C:\Windows\System32\kernel.appcore.dll
0x00007ff981be0000 - 0x00007ff981bf7000 	C:\Windows\System32\cryptsp.dll
0x00007ff97e320000 - 0x00007ff97e32d000 	C:\Program Files\Java\jre1.8.0_212\bin\management.dll
0x00007ff97aeb0000 - 0x00007ff97aeca000 	C:\Program Files\Java\jre1.8.0_212\bin\net.dll
0x00007ff973840000 - 0x00007ff973a17000 	C:\Windows\SYSTEM32\urlmon.dll
0x00007ff972010000 - 0x00007ff9722b8000 	C:\Windows\SYSTEM32\iertutil.dll
0x00007ff9814b0000 - 0x00007ff9814bc000 	C:\Windows\SYSTEM32\CRYPTBASE.DLL
0x00007ff9812e0000 - 0x00007ff981347000 	C:\Windows\system32\mswsock.dll
0x00007ff97ae10000 - 0x00007ff97ae22000 	C:\Program Files\Java\jre1.8.0_212\bin\nio.dll
0x00007ff973a20000 - 0x00007ff973a36000 	C:\Windows\system32\napinsp.dll
0x00007ff95f3e0000 - 0x00007ff95f3fa000 	C:\Windows\system32\pnrpnsp.dll
0x00007ff981080000 - 0x00007ff981146000 	C:\Windows\SYSTEM32\DNSAPI.dll
0x00007ff982dc0000 - 0x00007ff982dc8000 	C:\Windows\System32\NSI.dll
0x00007ff981040000 - 0x00007ff98107d000 	C:\Windows\SYSTEM32\IPHLPAPI.DLL
0x00007ff95f3d0000 - 0x00007ff95f3de000 	C:\Windows\System32\winrnr.dll
0x00007ff97e2d0000 - 0x00007ff97e2eb000 	C:\Windows\system32\NLAapi.dll
0x00007ff97b380000 - 0x00007ff97b395000 	C:\Windows\system32\wshbth.dll
0x00007ff970370000 - 0x00007ff97037a000 	C:\Windows\System32\rasadhlp.dll
0x00007ff970840000 - 0x00007ff9708b9000 	C:\Windows\System32\fwpuclnt.dll
0x00007ff982770000 - 0x00007ff982796000 	C:\Windows\System32\bcrypt.dll
0x00007ff980ea0000 - 0x00007ff980ed3000 	C:\Windows\system32\rsaenh.dll
0x00007ff9819a0000 - 0x00007ff9819c8000 	C:\Windows\SYSTEM32\USERENV.dll
0x00007ff97fa20000 - 0x00007ff97fa36000 	C:\Windows\SYSTEM32\dhcpcsvc6.DLL
0x00007ff97fa00000 - 0x00007ff97fa1c000 	C:\Windows\SYSTEM32\dhcpcsvc.DLL
0x000000006ec40000 - 0x000000006ec55000 	C:\Users\Simone\Documents\GitHub\OOPeCalc\SpringBootProject\src\main\java\it\project\SpringBootProject\Service\NativeStats.dll
0x000000006fc40000 - 0x000000006fda3000 	C:\mingw-64\mingw64\bin\libstdc++-6.dll
0x0000000061440000 - 0x000000006145a000 	C:\mingw-64\mingw64\bin\libgcc_s_seh-1.dll
0x0000000064940000 - 0x0000000064955000 	C:\mingw-64\mingw64\bin\libwinpthread-1.dll
0x00007ff980450000 - 0x00007ff98063d000 	C:\Windows\SYSTEM32\dbghelp.dll

VM Arguments:
jvm_args: -Dcom.sun.management.jmxremote -Dcom.sun.management.jmxremote.port=63373 -Dcom.sun.management.jmxremote.authenticate=false -Dcom.sun.management.jmxremote.ssl=false -Djava.rmi.server.hostname=localhost -Dspring.jmx.enabled=true -Dspring.application.admin.enabled=true -Djava.library.path=C:\Users\Simone\Documents\GitHub\OOPeCalc\SpringBootProject\src\main\java\it\project\SpringBootProject\Service -Xverify:none -XX:TieredStopAtLevel=1 -Dfile.encoding=UTF-8 
java_command: it.project.SpringBootProject.SpringBootProjectApplication
java_class_path (initial): C:\Users\Simone\Documents\GitHub\OOPeCalc\SpringBootProject\target\classes;C:\Users\Simone\Documents\GitHub\OOPeCalc\json-simple-1.1.1.jar;C:\Users\Simone\Documents\GitHub\OOPeCalc\opencsv-2.2.jar;C:\Users\Simone\.m2\repository\org\springframework\boot\spring-boot-starter-web\2.1.6.RELEASE\spring-boot-starter-web-2.1.6.RELEASE.jar;C:\Users\Simone\.m2\repository\org\springframework\boot\spring-boot-starter\2.1.6.RELEASE\spring-boot-starter-2.1.6.RELEASE.jar;C:\Users\Simone\.m2\repository\org\springframework\boot\spring-boot-starter-logging\2.1.6.RELEASE\spring-boot-starter-logging-2.1.6.RELEASE.jar;C:\Users\Simone\.m2\repository\ch\qos\logback\logback-classic\1.2.3\logback-classic-1.2.3.jar;C:\Users\Simone\.m2\repository\ch\qos\logback\logback-core\1.2.3\logback-core-1.2.3.jar;C:\Users\Simone\.m2\repository\org\apache\logging\log4j\log4j-to-slf4j\2.11.2\log4j-to-slf4j-2.11.2.jar;C:\Users\Simone\.m2\repository\org\apache\logging\log4j\log4j-api\2.11.2\log4j-api-2.11.2.jar;C:\Users\Simone\.m2\repository\org\slf4j\jul-to-slf4j\1.7.26\jul-to-slf4j-1.7.26.jar;C:\Users\Simone\.m2\repository\javax\annotation\javax.annotation-api\1.3.2\javax.annotation-api-1.3.2.jar;C:\Users\Simone\.m2\repository\org\yaml\snakeyaml\1.23\snakeyaml-1.23.jar;C:\Users\Simone\.m2\repository\org\springframework\boot\spring-boot-starter-json\2.1.6.RELEASE\spring-boot-starter-json-2.1.6.RELEASE.jar;C:\Users\Simone\.m2\repository\com\fasterxml\jackson\core\jackson-databind\2.9.9\jackson-databind-2.9.9.jar;C:\Users\Simone\.m2\repository\com\fasterxml\jackson\core\jackson-annotations\2.9.0\jackson-annotations-2.9.0.jar;C:\Users\Simone\.m2\repository\com\fasterxml\jackson\core\jackson-core\2.9.9\jackson-core-2.9.9.jar;C:\Users\Simone\.m2\repository\com\fasterxml\jackson\datatype\jackson-datatype-jdk8\2.9.9\jackson-datatype-jdk8-2.9.9.jar;C:\Users\Simone\.m2\repository\com\fasterxml\jackson\datatype\jackson-datatype-jsr310\2.9.9\jackson-datatype-jsr310-2.9.9.jar;C:\Users\Simo
Launcher Type: SUN_STANDARD

Environment Variables:
PATH=C:/Program Files/Java/jre1.8.0_212/bin/server;C:/Program Files/Java/jre1.8.0_212/bin;C:/Program Files/Java/jre1.8.0_212/lib/amd64;C:\Program Files\NVIDIA GPU Computing Toolkit\CUDA\v10.1\bin;C:\Program Files\NVIDIA GPU Computing Toolkit\CUDA\v10.1\libnvvp;C:\Program Files (x86)\Common Files\Oracle\Java\javapath;C:\Windows\system32;C:\Windows;C:\Windows\System32\Wbem;C:\Windows\System32\WindowsPowerShell\v1.0\;C:\Windows\System32\OpenSSH\;C:\Program Files\dotnet\;C:\Program Files\Microsoft SQL Server\130\Tools\Binn\;C:\Program Files\Git\cmd;C:\Program Files\NVIDIA Corporation\Nsight Compute 2019.1\;C:\Program Files (x86)\NVIDIA Corporation\PhysX\Common;C:\Program Files\NVIDIA Corporation\NVIDIA NvDLISR;C:\Program Files (x86)\Android\android-sdk\platform-tools;C:\Program Files\PuTTY\;C:\Windows;C:\Windows\System32;C:\xampp\php;C:\ZendFramework-1.12.3\bin;C:\ZendFramework-1.12.3\bin\zf.bat;C:\apache-maven-3.6.1\bin;C:\Program Files\Java\jdk1.8.0_212\bin;C:\MinGW\bin;C:\Program Files (x86)\mingw-w64\i686-8.1.0-posix-dwarf-rt_v6-rev0;C:\mingw-64\mingw64\bin;C:\Users\Simone\Desktop\Uni\Programmazione ad Oggetti\Progetti Eclipse\JNItest\src;C:\mingw-64\mingw64\lib\gcc\x86_64-w64-mingw32\8.1.0\include\c++;C:\Program Files (x86)\Microsoft Visual Studio\2017\Community\VC\Tools\MSVC\14.16.27023\bin\Hostx64\x64;C:\Users\Simone\AppData\Local\Microsoft\WindowsApps;C:\Users\Simone\AppData\Local\GitHubDesktop\bin;C:\Users\Simone\AppData\Local\atom\bin;C:\Windows\System32;C:\Windows;C:\Users\Simone\Desktop\Uni\Programmazione ad Oggetti\Progetti Eclipse\JNIexample;C:\mingw-64\mingw64\lib\gcc\x86_64-w64-mingw32\8.1.0\include\c++;;C:\Users\Simone\Desktop;
USERNAME=Simone
OS=Windows_NT
PROCESSOR_IDENTIFIER=Intel64 Family 6 Model 142 Stepping 10, GenuineIntel



---------------  S Y S T E M  ---------------

OS: Windows 10.0 , 64 bit Build 17763 (10.0.17763.475)

CPU:total 8 (initial active 8) (4 cores per cpu, 2 threads per core) family 6 model 142 stepping 10, cmov, cx8, fxsr, mmx, sse, sse2, sse3, ssse3, sse4.1, sse4.2, popcnt, avx, avx2, aes, clmul, erms, 3dnowpref, lzcnt, ht, tsc, tscinvbit, bmi1, bmi2, adx

Memory: 4k page, physical 12466404k(6252808k free), swap 16593924k(5703196k free)

vm_info: Java HotSpot(TM) 64-Bit Server VM (25.212-b10) for windows-amd64 JRE (1.8.0_212-b10), built on Apr  1 2019 22:50:23 by "java_re" with MS VC++ 10.0 (VS2010)

time: Thu Jul 18 12:03:55 2019
timezone: ora legale Europa occidentale
elapsed time: 11 seconds (0d 0h 0m 11s)

