#
# A fatal error has been detected by the Java Runtime Environment:
#
#  Internal Error (0x20474343), pid=20352, tid=0x0000000000001378
#
# JRE version: Java(TM) SE Runtime Environment (8.0_212-b10) (build 1.8.0_212-b10)
# Java VM: Java HotSpot(TM) 64-Bit Server VM (25.212-b10 mixed mode windows-amd64 compressed oops)
# Problematic frame:
# C  [KERNELBASE.dll+0x39129]
#
# Failed to write core dump. Minidumps are not enabled by default on client versions of Windows
#
# If you would like to submit a bug report, please visit:
#   http://bugreport.java.com/bugreport/crash.jsp
# The crash happened outside the Java Virtual Machine in native code.
# See problematic frame for where to report the bug.
#

---------------  T H R E A D  ---------------

Current thread (0x000000001ede4000):  JavaThread "http-nio-8080-exec-3" daemon [_thread_in_native, id=4984, stack(0x00000000208b0000,0x00000000209b0000)]

siginfo: ExceptionCode=0x20474343, ExceptionInformation=0x0000000000c9c460 

Registers:
RAX=0x0000000000000000, RBX=0x0000000000c9c460, RCX=0x0000000000000000, RDX=0x0000000000000000
RSP=0x00000000208ebca0, RBP=0x00000000208ec070, RSI=0x000000006fcb3480, RDI=0x0000000000c9c4a0
R8 =0x0000000000000000, R9 =0x0000000000000000, R10=0x0000000000000000, R11=0x0000000000000000
R12=0x00000000209acff0, R13=0x000000001f5f47e0, R14=0x00000000209ad1a0, R15=0x000000001ede4000
RIP=0x00007ff982459129, EFLAGS=0x0000000000000206

Top of Stack: (sp=0x00000000208ebca0)
0x00000000208ebca0:   0000000000000000 0000000000c9c460
0x00000000208ebcb0:   000000006fcb3480 0000000000c9c4a0
0x00000000208ebcc0:   0000000020474343 0000000000000000
0x00000000208ebcd0:   00007ff982459129 0000000000000001
0x00000000208ebce0:   0000000000c9c460 0000000064945138
0x00000000208ebcf0:   000000001ede4000 00000000209ad1a0
0x00000000208ebd00:   000000001f5f47e0 00000000209acff0
0x00000000208ebd10:   0000000000000018 0000000000000008
0x00000000208ebd20:   0000000000000010 00007ff982cb9db0
0x00000000208ebd30:   0000000000000000 0000000000000018
0x00000000208ebd40:   000000001f5f47e0 00000000209a0000
0x00000000208ebd50:   000000006fd0b500 000000006144df1a
0x00000000208ebd60:   0000c9f55511a0d4 0000000000000008
0x00000000208ebd70:   0000000000000000 000000006144d5c6
0x00000000208ebd80:   0000000000c9c4a0 000000006fcb3480
0x00000000208ebd90:   000000006fd18810 00000000208ec070 

Instructions: (pc=0x00007ff982459129)
0x00007ff982459109:   8b d1 44 0f 47 c0 44 89 44 24 38 49 c1 e0 03 e8
0x00007ff982459119:   2a 1d 05 00 48 8d 4c 24 20 48 ff 15 ef 21 16 00
0x00007ff982459129:   0f 1f 44 00 00 48 8b 8c 24 c0 00 00 00 48 33 cc
0x00007ff982459139:   e8 12 e7 04 00 48 81 c4 d8 00 00 00 c3 83 64 24 


Register to memory mapping:

RAX=0x0000000000000000 is an unknown value
RBX=0x0000000000c9c460 is an unknown value
RCX=0x0000000000000000 is an unknown value
RDX=0x0000000000000000 is an unknown value
RSP=0x00000000208ebca0 is pointing into the stack for thread: 0x000000001ede4000
RBP=0x00000000208ec070 is pointing into the stack for thread: 0x000000001ede4000
RSI=0x000000006fcb3480 is an unknown value
RDI=0x0000000000c9c4a0 is an unknown value
R8 =0x0000000000000000 is an unknown value
R9 =0x0000000000000000 is an unknown value
R10=0x0000000000000000 is an unknown value
R11=0x0000000000000000 is an unknown value
R12=0x00000000209acff0 is pointing into the stack for thread: 0x000000001ede4000
R13=0x000000001f5f47e0 is pointing into metadata
R14=0x00000000209ad1a0 is pointing into the stack for thread: 0x000000001ede4000
R15=0x000000001ede4000 is a thread


Stack: [0x00000000208b0000,0x00000000209b0000],  sp=0x00000000208ebca0,  free space=239k
Native frames: (J=compiled Java code, j=interpreted, Vv=VM code, C=native code)
C  [KERNELBASE.dll+0x39129]
C  [libgcc_s_seh-1.dll+0xd5c6]
C  [libstdc++-6.dll+0xc5e05]
C  [libstdc++-6.dll+0xba5ed]
C  [NativeStats.dll+0x4726]
C  [NativeStats.dll+0x53f0]
C  [NativeStats.dll+0x1899]
C  0x00000000027a8c67

Java frames: (J=compiled Java code, j=interpreted, Vv=VM code)
j  it.project.SpringBootProject.Service.NativeStats.nativeString([Ljava/lang/String;I)V+0
j  it.project.SpringBootProject.Service.ReportServiceImpl.reportStatsStrJni(Ljava/lang/String;)Ljava/util/List;+168
j  it.project.SpringBootProject.Controller.ReportController.reportStatsStrJni(Ljava/lang/String;)Lorg/springframework/http/ResponseEntity;+9
v  ~StubRoutines::call_stub
J 2009  sun.reflect.NativeMethodAccessorImpl.invoke0(Ljava/lang/reflect/Method;Ljava/lang/Object;[Ljava/lang/Object;)Ljava/lang/Object; (0 bytes) @ 0x0000000002bfe1bf [0x0000000002bfe140+0x7f]
J 2008 C1 sun.reflect.NativeMethodAccessorImpl.invoke(Ljava/lang/Object;[Ljava/lang/Object;)Ljava/lang/Object; (104 bytes) @ 0x0000000002c01564 [0x0000000002c011a0+0x3c4]
J 1454 C1 sun.reflect.DelegatingMethodAccessorImpl.invoke(Ljava/lang/Object;[Ljava/lang/Object;)Ljava/lang/Object; (10 bytes) @ 0x0000000002ac4f64 [0x0000000002ac4f20+0x44]
J 1453 C1 java.lang.reflect.Method.invoke(Ljava/lang/Object;[Ljava/lang/Object;)Ljava/lang/Object; (62 bytes) @ 0x0000000002ac4b64 [0x0000000002ac4a60+0x104]
j  org.springframework.web.method.support.InvocableHandlerMethod.doInvoke([Ljava/lang/Object;)Ljava/lang/Object;+16
j  org.springframework.web.method.support.InvocableHandlerMethod.invokeForRequest(Lorg/springframework/web/context/request/NativeWebRequest;Lorg/springframework/web/method/support/ModelAndViewContainer;[Ljava/lang/Object;)Ljava/lang/Object;+56
j  org.springframework.web.servlet.mvc.method.annotation.ServletInvocableHandlerMethod.invokeAndHandle(Lorg/springframework/web/context/request/ServletWebRequest;Lorg/springframework/web/method/support/ModelAndViewContainer;[Ljava/lang/Object;)V+4
j  org.springframework.web.servlet.mvc.method.annotation.RequestMappingHandlerAdapter.invokeHandlerMethod(Ljavax/servlet/http/HttpServletRequest;Ljavax/servlet/http/HttpServletResponse;Lorg/springframework/web/method/HandlerMethod;)Lorg/springframework/web/servlet/ModelAndView;+244
j  org.springframework.web.servlet.mvc.method.annotation.RequestMappingHandlerAdapter.handleInternal(Ljavax/servlet/http/HttpServletRequest;Ljavax/servlet/http/HttpServletResponse;Lorg/springframework/web/method/HandlerMethod;)Lorg/springframework/web/servlet/ModelAndView;+81
j  org.springframework.web.servlet.mvc.method.AbstractHandlerMethodAdapter.handle(Ljavax/servlet/http/HttpServletRequest;Ljavax/servlet/http/HttpServletResponse;Ljava/lang/Object;)Lorg/springframework/web/servlet/ModelAndView;+7
j  org.springframework.web.servlet.DispatcherServlet.doDispatch(Ljavax/servlet/http/HttpServletRequest;Ljavax/servlet/http/HttpServletResponse;)V+257
j  org.springframework.web.servlet.DispatcherServlet.doService(Ljavax/servlet/http/HttpServletRequest;Ljavax/servlet/http/HttpServletResponse;)V+212
j  org.springframework.web.servlet.FrameworkServlet.processRequest(Ljavax/servlet/http/HttpServletRequest;Ljavax/servlet/http/HttpServletResponse;)V+71
j  org.springframework.web.servlet.FrameworkServlet.doGet(Ljavax/servlet/http/HttpServletRequest;Ljavax/servlet/http/HttpServletResponse;)V+3
j  javax.servlet.http.HttpServlet.service(Ljavax/servlet/http/HttpServletRequest;Ljavax/servlet/http/HttpServletResponse;)V+35
j  org.springframework.web.servlet.FrameworkServlet.service(Ljavax/servlet/http/HttpServletRequest;Ljavax/servlet/http/HttpServletResponse;)V+33
j  javax.servlet.http.HttpServlet.service(Ljavax/servlet/ServletRequest;Ljavax/servlet/ServletResponse;)V+36
j  org.apache.catalina.core.ApplicationFilterChain.internalDoFilter(Ljavax/servlet/ServletRequest;Ljavax/servlet/ServletResponse;)V+304
j  org.apache.catalina.core.ApplicationFilterChain.doFilter(Ljavax/servlet/ServletRequest;Ljavax/servlet/ServletResponse;)V+101
j  org.apache.tomcat.websocket.server.WsFilter.doFilter(Ljavax/servlet/ServletRequest;Ljavax/servlet/ServletResponse;Ljavax/servlet/FilterChain;)V+21
j  org.apache.catalina.core.ApplicationFilterChain.internalDoFilter(Ljavax/servlet/ServletRequest;Ljavax/servlet/ServletResponse;)V+135
j  org.apache.catalina.core.ApplicationFilterChain.doFilter(Ljavax/servlet/ServletRequest;Ljavax/servlet/ServletResponse;)V+101
j  org.springframework.web.filter.RequestContextFilter.doFilterInternal(Ljavax/servlet/http/HttpServletRequest;Ljavax/servlet/http/HttpServletResponse;Ljavax/servlet/FilterChain;)V+21
j  org.springframework.web.filter.OncePerRequestFilter.doFilter(Ljavax/servlet/ServletRequest;Ljavax/servlet/ServletResponse;Ljavax/servlet/FilterChain;)V+120
j  org.apache.catalina.core.ApplicationFilterChain.internalDoFilter(Ljavax/servlet/ServletRequest;Ljavax/servlet/ServletResponse;)V+135
j  org.apache.catalina.core.ApplicationFilterChain.doFilter(Ljavax/servlet/ServletRequest;Ljavax/servlet/ServletResponse;)V+101
j  org.springframework.web.filter.FormContentFilter.doFilterInternal(Ljavax/servlet/http/HttpServletRequest;Ljavax/servlet/http/HttpServletResponse;Ljavax/servlet/FilterChain;)V+38
j  org.springframework.web.filter.OncePerRequestFilter.doFilter(Ljavax/servlet/ServletRequest;Ljavax/servlet/ServletResponse;Ljavax/servlet/FilterChain;)V+120
j  org.apache.catalina.core.ApplicationFilterChain.internalDoFilter(Ljavax/servlet/ServletRequest;Ljavax/servlet/ServletResponse;)V+135
j  org.apache.catalina.core.ApplicationFilterChain.doFilter(Ljavax/servlet/ServletRequest;Ljavax/servlet/ServletResponse;)V+101
j  org.springframework.web.filter.HiddenHttpMethodFilter.doFilterInternal(Ljavax/servlet/http/HttpServletRequest;Ljavax/servlet/http/HttpServletResponse;Ljavax/servlet/FilterChain;)V+87
j  org.springframework.web.filter.OncePerRequestFilter.doFilter(Ljavax/servlet/ServletRequest;Ljavax/servlet/ServletResponse;Ljavax/servlet/FilterChain;)V+120
j  org.apache.catalina.core.ApplicationFilterChain.internalDoFilter(Ljavax/servlet/ServletRequest;Ljavax/servlet/ServletResponse;)V+135
j  org.apache.catalina.core.ApplicationFilterChain.doFilter(Ljavax/servlet/ServletRequest;Ljavax/servlet/ServletResponse;)V+101
j  org.springframework.web.filter.CharacterEncodingFilter.doFilterInternal(Ljavax/servlet/http/HttpServletRequest;Ljavax/servlet/http/HttpServletResponse;Ljavax/servlet/FilterChain;)V+53
j  org.springframework.web.filter.OncePerRequestFilter.doFilter(Ljavax/servlet/ServletRequest;Ljavax/servlet/ServletResponse;Ljavax/servlet/FilterChain;)V+120
j  org.apache.catalina.core.ApplicationFilterChain.internalDoFilter(Ljavax/servlet/ServletRequest;Ljavax/servlet/ServletResponse;)V+135
j  org.apache.catalina.core.ApplicationFilterChain.doFilter(Ljavax/servlet/ServletRequest;Ljavax/servlet/ServletResponse;)V+101
j  org.apache.catalina.core.StandardWrapperValve.invoke(Lorg/apache/catalina/connector/Request;Lorg/apache/catalina/connector/Response;)V+694
j  org.apache.catalina.core.StandardContextValve.invoke(Lorg/apache/catalina/connector/Request;Lorg/apache/catalina/connector/Response;)V+166
j  org.apache.catalina.authenticator.AuthenticatorBase.invoke(Lorg/apache/catalina/connector/Request;Lorg/apache/catalina/connector/Response;)V+260
j  org.apache.catalina.core.StandardHostValve.invoke(Lorg/apache/catalina/connector/Request;Lorg/apache/catalina/connector/Response;)V+114
j  org.apache.catalina.valves.ErrorReportValve.invoke(Lorg/apache/catalina/connector/Request;Lorg/apache/catalina/connector/Response;)V+6
j  org.apache.catalina.core.StandardEngineValve.invoke(Lorg/apache/catalina/connector/Request;Lorg/apache/catalina/connector/Response;)V+45
j  org.apache.catalina.connector.CoyoteAdapter.service(Lorg/apache/coyote/Request;Lorg/apache/coyote/Response;)V+199
j  org.apache.coyote.http11.Http11Processor.service(Lorg/apache/tomcat/util/net/SocketWrapperBase;)Lorg/apache/tomcat/util/net/AbstractEndpoint$Handler$SocketState;+791
j  org.apache.coyote.AbstractProcessorLight.process(Lorg/apache/tomcat/util/net/SocketWrapperBase;Lorg/apache/tomcat/util/net/SocketEvent;)Lorg/apache/tomcat/util/net/AbstractEndpoint$Handler$SocketState;+113
j  org.apache.coyote.AbstractProtocol$ConnectionHandler.process(Lorg/apache/tomcat/util/net/SocketWrapperBase;Lorg/apache/tomcat/util/net/SocketEvent;)Lorg/apache/tomcat/util/net/AbstractEndpoint$Handler$SocketState;+422
j  org.apache.tomcat.util.net.NioEndpoint$SocketProcessor.doRun()V+221
j  org.apache.tomcat.util.net.SocketProcessorBase.run()V+21
j  java.util.concurrent.ThreadPoolExecutor.runWorker(Ljava/util/concurrent/ThreadPoolExecutor$Worker;)V+95
j  java.util.concurrent.ThreadPoolExecutor$Worker.run()V+5
j  org.apache.tomcat.util.threads.TaskThread$WrappingRunnable.run()V+4
j  java.lang.Thread.run()V+11
v  ~StubRoutines::call_stub

---------------  P R O C E S S  ---------------

Java Threads: ( => current thread )
  0x000000001edfa800 JavaThread "JMX server connection timeout 43" daemon [_thread_blocked, id=6312, stack(0x00000000217b0000,0x00000000218b0000)]
  0x000000001edf3000 JavaThread "RMI Scheduler(0)" daemon [_thread_blocked, id=9116, stack(0x00000000216b0000,0x00000000217b0000)]
  0x000000001edf3800 JavaThread "RMI TCP Connection(1)-127.0.0.1" daemon [_thread_in_native, id=17728, stack(0x00000000215b0000,0x00000000216b0000)]
  0x000000001edf9800 JavaThread "DestroyJavaVM" [_thread_blocked, id=11032, stack(0x0000000002590000,0x0000000002690000)]
  0x000000001edf2000 JavaThread "http-nio-8080-Acceptor" daemon [_thread_in_native, id=10420, stack(0x00000000211b0000,0x00000000212b0000)]
  0x000000001edf9000 JavaThread "http-nio-8080-ClientPoller" daemon [_thread_in_native, id=4928, stack(0x00000000210b0000,0x00000000211b0000)]
  0x000000001edf6000 JavaThread "http-nio-8080-exec-10" daemon [_thread_blocked, id=14348, stack(0x0000000020fb0000,0x00000000210b0000)]
  0x000000001edf8000 JavaThread "http-nio-8080-exec-9" daemon [_thread_blocked, id=19432, stack(0x0000000020eb0000,0x0000000020fb0000)]
  0x000000001edf7800 JavaThread "http-nio-8080-exec-8" daemon [_thread_blocked, id=3172, stack(0x0000000020db0000,0x0000000020eb0000)]
  0x000000001edf1800 JavaThread "http-nio-8080-exec-7" daemon [_thread_blocked, id=17132, stack(0x0000000020cb0000,0x0000000020db0000)]
  0x000000001edf6800 JavaThread "http-nio-8080-exec-6" daemon [_thread_blocked, id=8040, stack(0x0000000020bb0000,0x0000000020cb0000)]
  0x000000001ede5800 JavaThread "http-nio-8080-exec-5" daemon [_thread_blocked, id=13544, stack(0x0000000020ab0000,0x0000000020bb0000)]
  0x000000001ede5000 JavaThread "http-nio-8080-exec-4" daemon [_thread_blocked, id=5464, stack(0x00000000209b0000,0x0000000020ab0000)]
=>0x000000001ede4000 JavaThread "http-nio-8080-exec-3" daemon [_thread_in_native, id=4984, stack(0x00000000208b0000,0x00000000209b0000)]
  0x000000001ede3800 JavaThread "http-nio-8080-exec-2" daemon [_thread_blocked, id=5900, stack(0x00000000207b0000,0x00000000208b0000)]
  0x000000001ede6800 JavaThread "http-nio-8080-exec-1" daemon [_thread_blocked, id=16444, stack(0x00000000206b0000,0x00000000207b0000)]
  0x000000001ed9b000 JavaThread "http-nio-8080-BlockPoller" daemon [_thread_in_native, id=12484, stack(0x00000000205b0000,0x00000000206b0000)]
  0x000000001ed50000 JavaThread "Live Reload Server" daemon [_thread_in_native, id=20056, stack(0x00000000204b0000,0x00000000205b0000)]
  0x000000001ed4a800 JavaThread "File Watcher" daemon [_thread_blocked, id=11332, stack(0x00000000202b0000,0x00000000203b0000)]
  0x000000001eccb800 JavaThread "container-0" [_thread_blocked, id=19912, stack(0x000000001ffb0000,0x00000000200b0000)]
  0x000000001ecca800 JavaThread "Catalina-utility-2" [_thread_blocked, id=4828, stack(0x000000001feb0000,0x000000001ffb0000)]
  0x000000001ecc4000 JavaThread "Catalina-utility-1" [_thread_blocked, id=19204, stack(0x000000001fdb0000,0x000000001feb0000)]
  0x000000001ccab800 JavaThread "RMI TCP Accept-0" daemon [_thread_in_native, id=10704, stack(0x000000001d580000,0x000000001d680000)]
  0x000000001cca6800 JavaThread "RMI TCP Accept-52296" daemon [_thread_in_native, id=4344, stack(0x000000001d480000,0x000000001d580000)]
  0x000000001cc94000 JavaThread "RMI TCP Accept-0" daemon [_thread_in_native, id=6236, stack(0x000000001d380000,0x000000001d480000)]
  0x000000001bbeb800 JavaThread "Service Thread" daemon [_thread_blocked, id=11328, stack(0x000000001c740000,0x000000001c840000)]
  0x000000001bb61800 JavaThread "C1 CompilerThread3" daemon [_thread_blocked, id=14844, stack(0x000000001c640000,0x000000001c740000)]
  0x000000001bb5b800 JavaThread "C2 CompilerThread2" daemon [_thread_blocked, id=15408, stack(0x000000001c540000,0x000000001c640000)]
  0x000000001bb57000 JavaThread "C2 CompilerThread1" daemon [_thread_blocked, id=17868, stack(0x000000001c440000,0x000000001c540000)]
  0x000000001bb50800 JavaThread "C2 CompilerThread0" daemon [_thread_blocked, id=7220, stack(0x000000001c340000,0x000000001c440000)]
  0x000000001bb50000 JavaThread "Attach Listener" daemon [_thread_blocked, id=15992, stack(0x000000001c240000,0x000000001c340000)]
  0x000000001bb4f000 JavaThread "Signal Dispatcher" daemon [_thread_blocked, id=16080, stack(0x000000001c140000,0x000000001c240000)]
  0x000000001bb40800 JavaThread "Finalizer" daemon [_thread_blocked, id=18296, stack(0x000000001bf20000,0x000000001c020000)]
  0x0000000019c5d800 JavaThread "Reference Handler" daemon [_thread_blocked, id=19584, stack(0x000000001ba20000,0x000000001bb20000)]

Other Threads:
  0x0000000019c59800 VMThread [stack: 0x000000001b920000,0x000000001ba20000] [id=18112]
  0x000000001ccb2000 WatcherThread [stack: 0x000000001d680000,0x000000001d780000] [id=13212]

VM state:not at safepoint (normal execution)

VM Mutex/Monitor currently owned by a thread: None

heap address: 0x0000000701c00000, size: 3044 MB, Compressed Oops mode: Zero based, Oop shift amount: 3
Narrow klass base: 0x0000000000000000, Narrow klass shift: 3
Compressed class space size: 1073741824 Address: 0x00000007c0000000

Heap:
 PSYoungGen      total 143360K, used 45212K [0x0000000780980000, 0x000000078be00000, 0x00000007c0000000)
  eden space 129536K, 24% used [0x0000000780980000,0x000000078282b268,0x0000000788800000)
  from space 13824K, 99% used [0x0000000789900000,0x000000078a67be88,0x000000078a680000)
  to   space 17408K, 0% used [0x0000000788800000,0x0000000788800000,0x0000000789900000)
 ParOldGen       total 71680K, used 11480K [0x0000000701c00000, 0x0000000706200000, 0x0000000780980000)
  object space 71680K, 16% used [0x0000000701c00000,0x0000000702736078,0x0000000706200000)
 Metaspace       used 31546K, capacity 33310K, committed 33664K, reserved 1079296K
  class space    used 4292K, capacity 4633K, committed 4736K, reserved 1048576K

Card table byte_map: [0x0000000011b50000,0x0000000012150000] byte_map_base: 0x000000000e342000

Marking Bits: (ParMarkBitMap*) 0x0000000062695ce0
 Begin Bits: [0x0000000012d50000, 0x0000000015ce0000)
 End Bits:   [0x0000000015ce0000, 0x0000000018c70000)

Polling page: 0x0000000000c50000

CodeCache: size=245760Kb used=6621Kb max_used=6621Kb free=239138Kb
 bounds [0x0000000002790000, 0x0000000002e10000, 0x0000000011790000]
 total_blobs=3539 nmethods=3100 adapters=349
 compilation: enabled

Compilation events (10 events):
Event: 4.523 Thread 0x000000001bb61800 3095       1       org.springframework.core.convert.TypeDescriptor::hashCode (8 bytes)
Event: 4.523 Thread 0x000000001bb61800 nmethod 3095 0x0000000002e05b50 code [0x0000000002e05ca0, 0x0000000002e05de8]
Event: 4.523 Thread 0x000000001bb61800 3096       1       it.project.SpringBootProject.Model.Report::getCountry (5 bytes)
Event: 4.524 Thread 0x000000001bb61800 nmethod 3096 0x0000000002e05e90 code [0x0000000002e05fe0, 0x0000000002e060f0]
Event: 4.524 Thread 0x000000001bb61800 3097   !   1       sun.reflect.GeneratedMethodAccessor35::invoke (61 bytes)
Event: 4.524 Thread 0x000000001bb61800 nmethod 3097 0x0000000002e06150 code [0x0000000002e06300, 0x0000000002e06668]
Event: 4.730 Thread 0x000000001bb61800 3098       1       java.io.File::isFile (43 bytes)
Event: 4.730 Thread 0x000000001bb61800 nmethod 3098 0x0000000002e069d0 code [0x0000000002e06b40, 0x0000000002e06d28]
Event: 4.731 Thread 0x000000001bb61800 3099       1       java.io.File::lastModified (33 bytes)
Event: 4.731 Thread 0x000000001bb61800 nmethod 3099 0x0000000002e07190 code [0x0000000002e07300, 0x0000000002e074c8]

GC Heap History (10 events):
Event: 1.117 GC heap before
{Heap before GC invocations=3 (full 0):
 PSYoungGen      total 57344K, used 16626K [0x0000000780980000, 0x0000000787980000, 0x00000007c0000000)
  eden space 49152K, 17% used [0x0000000780980000,0x00000007811c2188,0x0000000783980000)
  from space 8192K, 99% used [0x0000000784180000,0x000000078497a7e0,0x0000000784980000)
  to   space 8192K, 0% used [0x0000000783980000,0x0000000783980000,0x0000000784180000)
 ParOldGen       total 131072K, used 2071K [0x0000000701c00000, 0x0000000709c00000, 0x0000000780980000)
  object space 131072K, 1% used [0x0000000701c00000,0x0000000701e05d00,0x0000000709c00000)
 Metaspace       used 20686K, capacity 21198K, committed 21296K, reserved 1067008K
  class space    used 2791K, capacity 2932K, committed 2944K, reserved 1048576K
Event: 1.122 GC heap after
Heap after GC invocations=3 (full 0):
 PSYoungGen      total 57344K, used 5875K [0x0000000780980000, 0x0000000787980000, 0x00000007c0000000)
  eden space 49152K, 0% used [0x0000000780980000,0x0000000780980000,0x0000000783980000)
  from space 8192K, 71% used [0x0000000783980000,0x0000000783f3ccc0,0x0000000784180000)
  to   space 8192K, 0% used [0x0000000787180000,0x0000000787180000,0x0000000787980000)
 ParOldGen       total 131072K, used 2143K [0x0000000701c00000, 0x0000000709c00000, 0x0000000780980000)
  object space 131072K, 1% used [0x0000000701c00000,0x0000000701e17d10,0x0000000709c00000)
 Metaspace       used 20686K, capacity 21198K, committed 21296K, reserved 1067008K
  class space    used 2791K, capacity 2932K, committed 2944K, reserved 1048576K
}
Event: 1.122 GC heap before
{Heap before GC invocations=4 (full 1):
 PSYoungGen      total 57344K, used 5875K [0x0000000780980000, 0x0000000787980000, 0x00000007c0000000)
  eden space 49152K, 0% used [0x0000000780980000,0x0000000780980000,0x0000000783980000)
  from space 8192K, 71% used [0x0000000783980000,0x0000000783f3ccc0,0x0000000784180000)
  to   space 8192K, 0% used [0x0000000787180000,0x0000000787180000,0x0000000787980000)
 ParOldGen       total 131072K, used 2143K [0x0000000701c00000, 0x0000000709c00000, 0x0000000780980000)
  object space 131072K, 1% used [0x0000000701c00000,0x0000000701e17d10,0x0000000709c00000)
 Metaspace       used 20686K, capacity 21198K, committed 21296K, reserved 1067008K
  class space    used 2791K, capacity 2932K, committed 2944K, reserved 1048576K
Event: 1.146 GC heap after
Heap after GC invocations=4 (full 1):
 PSYoungGen      total 57344K, used 0K [0x0000000780980000, 0x0000000787980000, 0x00000007c0000000)
  eden space 49152K, 0% used [0x0000000780980000,0x0000000780980000,0x0000000783980000)
  from space 8192K, 0% used [0x0000000783980000,0x0000000783980000,0x0000000784180000)
  to   space 8192K, 0% used [0x0000000787180000,0x0000000787180000,0x0000000787980000)
 ParOldGen       total 71680K, used 5764K [0x0000000701c00000, 0x0000000706200000, 0x0000000780980000)
  object space 71680K, 8% used [0x0000000701c00000,0x00000007021a1310,0x0000000706200000)
 Metaspace       used 20684K, capacity 21192K, committed 21296K, reserved 1067008K
  class space    used 2791K, capacity 2931K, committed 2944K, reserved 1048576K
}
Event: 1.492 GC heap before
{Heap before GC invocations=5 (full 1):
 PSYoungGen      total 57344K, used 49152K [0x0000000780980000, 0x0000000787980000, 0x00000007c0000000)
  eden space 49152K, 100% used [0x0000000780980000,0x0000000783980000,0x0000000783980000)
  from space 8192K, 0% used [0x0000000783980000,0x0000000783980000,0x0000000784180000)
  to   space 8192K, 0% used [0x0000000787180000,0x0000000787180000,0x0000000787980000)
 ParOldGen       total 71680K, used 5764K [0x0000000701c00000, 0x0000000706200000, 0x0000000780980000)
  object space 71680K, 8% used [0x0000000701c00000,0x00000007021a1310,0x0000000706200000)
 Metaspace       used 22986K, capacity 23852K, committed 24192K, reserved 1071104K
  class space    used 3127K, capacity 3335K, committed 3456K, reserved 1048576K
Event: 1.496 GC heap after
Heap after GC invocations=5 (full 1):
 PSYoungGen      total 87040K, used 5087K [0x0000000780980000, 0x0000000787680000, 0x00000007c0000000)
  eden space 81920K, 0% used [0x0000000780980000,0x0000000780980000,0x0000000785980000)
  from space 5120K, 99% used [0x0000000787180000,0x0000000787677cc8,0x0000000787680000)
  to   space 8192K, 0% used [0x0000000786680000,0x0000000786680000,0x0000000786e80000)
 ParOldGen       total 71680K, used 5772K [0x0000000701c00000, 0x0000000706200000, 0x0000000780980000)
  object space 71680K, 8% used [0x0000000701c00000,0x00000007021a3310,0x0000000706200000)
 Metaspace       used 22986K, capacity 23852K, committed 24192K, reserved 1071104K
  class space    used 3127K, capacity 3335K, committed 3456K, reserved 1048576K
}
Event: 2.098 GC heap before
{Heap before GC invocations=6 (full 1):
 PSYoungGen      total 87040K, used 87007K [0x0000000780980000, 0x0000000787680000, 0x00000007c0000000)
  eden space 81920K, 100% used [0x0000000780980000,0x0000000785980000,0x0000000785980000)
  from space 5120K, 99% used [0x0000000787180000,0x0000000787677cc8,0x0000000787680000)
  to   space 8192K, 0% used [0x0000000786680000,0x0000000786680000,0x0000000786e80000)
 ParOldGen       total 71680K, used 5772K [0x0000000701c00000, 0x0000000706200000, 0x0000000780980000)
  object space 71680K, 8% used [0x0000000701c00000,0x00000007021a3310,0x0000000706200000)
 Metaspace       used 29318K, capacity 30936K, committed 31232K, reserved 1077248K
  class space    used 3971K, capacity 4270K, committed 4352K, reserved 1048576K
Event: 2.106 GC heap after
Heap after GC invocations=6 (full 1):
 PSYoungGen      total 103424K, used 8189K [0x0000000780980000, 0x000000078a680000, 0x00000007c0000000)
  eden space 95232K, 0% used [0x0000000780980000,0x0000000780980000,0x0000000786680000)
  from space 8192K, 99% used [0x0000000786680000,0x0000000786e7f748,0x0000000786e80000)
  to   space 13824K, 0% used [0x0000000789900000,0x0000000789900000,0x000000078a680000)
 ParOldGen       total 71680K, used 9672K [0x0000000701c00000, 0x0000000706200000, 0x0000000780980000)
  object space 71680K, 13% used [0x0000000701c00000,0x0000000702572190,0x0000000706200000)
 Metaspace       used 29318K, capacity 30936K, committed 31232K, reserved 1077248K
  class space    used 3971K, capacity 4270K, committed 4352K, reserved 1048576K
}
Event: 3.311 GC heap before
{Heap before GC invocations=7 (full 1):
 PSYoungGen      total 103424K, used 103421K [0x0000000780980000, 0x000000078a680000, 0x00000007c0000000)
  eden space 95232K, 100% used [0x0000000780980000,0x0000000786680000,0x0000000786680000)
  from space 8192K, 99% used [0x0000000786680000,0x0000000786e7f748,0x0000000786e80000)
  to   space 13824K, 0% used [0x0000000789900000,0x0000000789900000,0x000000078a680000)
 ParOldGen       total 71680K, used 9672K [0x0000000701c00000, 0x0000000706200000, 0x0000000780980000)
  object space 71680K, 13% used [0x0000000701c00000,0x0000000702572190,0x0000000706200000)
 Metaspace       used 30788K, capacity 32512K, committed 32640K, reserved 1077248K
  class space    used 4174K, capacity 4472K, committed 4480K, reserved 1048576K
Event: 3.324 GC heap after
Heap after GC invocations=7 (full 1):
 PSYoungGen      total 143360K, used 13807K [0x0000000780980000, 0x000000078be00000, 0x00000007c0000000)
  eden space 129536K, 0% used [0x0000000780980000,0x0000000780980000,0x0000000788800000)
  from space 13824K, 99% used [0x0000000789900000,0x000000078a67be88,0x000000078a680000)
  to   space 17408K, 0% used [0x0000000788800000,0x0000000788800000,0x0000000789900000)
 ParOldGen       total 71680K, used 11480K [0x0000000701c00000, 0x0000000706200000, 0x0000000780980000)
  object space 71680K, 16% used [0x0000000701c00000,0x0000000702736078,0x0000000706200000)
 Metaspace       used 30788K, capacity 32512K, committed 32640K, reserved 1077248K
  class space    used 4174K, capacity 4472K, committed 4480K, reserved 1048576K
}

Deoptimization events (0 events):
No events

Classes redefined (0 events):
No events

Internal exceptions (10 events):
Event: 3.831 Thread 0x000000001edf3800 Exception <a 'java/lang/ClassNotFoundException': org/springframework/context/support/LiveBeansView> (0x0000000781aceb28) thrown at [C:\re\workspace\8-2-build-windows-amd64-cygwin\jdk8u212\12974\hotspot\src\share\vm\classfile\systemDictionary.cpp, line 210
Event: 3.831 Thread 0x000000001edf3800 Exception <a 'java/lang/ClassNotFoundException': org/springframework/boot/actuate/endpoint/jmx/EndpointMBean> (0x0000000781adb748) thrown at [C:\re\workspace\8-2-build-windows-amd64-cygwin\jdk8u212\12974\hotspot\src\share\vm\classfile\systemDictionary.cpp
Event: 3.832 Thread 0x000000001edf3800 Exception <a 'java/lang/ClassNotFoundException': org/springframework/boot/actuate/endpoint/jmx/DataEndpointMBean> (0x0000000781adbca8) thrown at [C:\re\workspace\8-2-build-windows-amd64-cygwin\jdk8u212\12974\hotspot\src\share\vm\classfile\systemDictionary
Event: 3.832 Thread 0x000000001edf3800 Exception <a 'java/lang/ClassNotFoundException': org/springframework/context/support/LiveBeansView> (0x0000000781adc1f0) thrown at [C:\re\workspace\8-2-build-windows-amd64-cygwin\jdk8u212\12974\hotspot\src\share\vm\classfile\systemDictionary.cpp, line 210
Event: 3.833 Thread 0x000000001edf3800 Exception <a 'java/lang/ClassNotFoundException': org/springframework/boot/actuate/endpoint/jmx/EndpointMBean> (0x0000000781b33b50) thrown at [C:\re\workspace\8-2-build-windows-amd64-cygwin\jdk8u212\12974\hotspot\src\share\vm\classfile\systemDictionary.cpp
Event: 3.833 Thread 0x000000001edf3800 Exception <a 'java/lang/ClassNotFoundException': org/springframework/boot/actuate/endpoint/jmx/DataEndpointMBean> (0x0000000781b340b0) thrown at [C:\re\workspace\8-2-build-windows-amd64-cygwin\jdk8u212\12974\hotspot\src\share\vm\classfile\systemDictionary
Event: 3.833 Thread 0x000000001edf3800 Exception <a 'java/lang/ClassNotFoundException': org/springframework/context/support/LiveBeansView> (0x0000000781b345f8) thrown at [C:\re\workspace\8-2-build-windows-amd64-cygwin\jdk8u212\12974\hotspot\src\share\vm\classfile\systemDictionary.cpp, line 210
Event: 3.833 Thread 0x000000001edf3800 Exception <a 'java/lang/ClassNotFoundException': org/springframework/boot/actuate/endpoint/jmx/EndpointMBean> (0x0000000781b34928) thrown at [C:\re\workspace\8-2-build-windows-amd64-cygwin\jdk8u212\12974\hotspot\src\share\vm\classfile\systemDictionary.cpp
Event: 3.833 Thread 0x000000001edf3800 Exception <a 'java/lang/ClassNotFoundException': org/springframework/boot/actuate/endpoint/jmx/DataEndpointMBean> (0x0000000781b34e48) thrown at [C:\re\workspace\8-2-build-windows-amd64-cygwin\jdk8u212\12974\hotspot\src\share\vm\classfile\systemDictionary
Event: 3.833 Thread 0x000000001edf3800 Exception <a 'java/lang/ClassNotFoundException': org/springframework/context/support/LiveBeansView> (0x0000000781b35350) thrown at [C:\re\workspace\8-2-build-windows-amd64-cygwin\jdk8u212\12974\hotspot\src\share\vm\classfile\systemDictionary.cpp, line 210

Events (10 events):
Event: 4.520 loading class org/springframework/validation/DataBinder
Event: 4.520 loading class org/springframework/validation/DataBinder done
Event: 4.521 Executing VM operation: Deoptimize
Event: 4.522 Executing VM operation: Deoptimize done
Event: 4.522 loading class org/springframework/validation/DefaultBindingErrorProcessor
Event: 4.522 loading class org/springframework/validation/DefaultBindingErrorProcessor done
Event: 4.522 loading class org/springframework/validation/BindingErrorProcessor
Event: 4.522 loading class org/springframework/validation/BindingErrorProcessor done
Event: 4.574 Executing VM operation: EnableBiasedLocking
Event: 4.574 Executing VM operation: EnableBiasedLocking done


Dynamic libraries:
0x00007ff681b50000 - 0x00007ff681b87000 	C:\Program Files\Java\jre1.8.0_212\bin\javaw.exe
0x00007ff985a70000 - 0x00007ff985c5d000 	C:\Windows\SYSTEM32\ntdll.dll
0x00007ff97e380000 - 0x00007ff97e392000 	C:\Program Files\AVAST Software\Avast\aswhook.dll
0x00007ff9853c0000 - 0x00007ff985473000 	C:\Windows\System32\KERNEL32.DLL
0x00007ff982420000 - 0x00007ff9826b3000 	C:\Windows\System32\KERNELBASE.dll
0x00007ff985990000 - 0x00007ff985a33000 	C:\Windows\System32\ADVAPI32.dll
0x00007ff982ca0000 - 0x00007ff982d3e000 	C:\Windows\System32\msvcrt.dll
0x00007ff985310000 - 0x00007ff9853ae000 	C:\Windows\System32\sechost.dll
0x00007ff9834b0000 - 0x00007ff9835d2000 	C:\Windows\System32\RPCRT4.dll
0x00007ff982fe0000 - 0x00007ff983177000 	C:\Windows\System32\USER32.dll
0x00007ff982400000 - 0x00007ff982420000 	C:\Windows\System32\win32u.dll
0x00007ff9831e0000 - 0x00007ff983209000 	C:\Windows\System32\GDI32.dll
0x00007ff9827a0000 - 0x00007ff982939000 	C:\Windows\System32\gdi32full.dll
0x00007ff981b40000 - 0x00007ff981be0000 	C:\Windows\System32\msvcp_win.dll
0x00007ff982940000 - 0x00007ff982a3a000 	C:\Windows\System32\ucrtbase.dll
0x00007ff9728c0000 - 0x00007ff972b39000 	C:\Windows\WinSxS\amd64_microsoft.windows.common-controls_6595b64144ccf1df_6.0.17763.615_none_05b4414a072024d4\COMCTL32.dll
0x00007ff985480000 - 0x00007ff9857ac000 	C:\Windows\System32\combase.dll
0x00007ff982a40000 - 0x00007ff982abe000 	C:\Windows\System32\bcryptPrimitives.dll
0x00007ff982f50000 - 0x00007ff982f7e000 	C:\Windows\System32\IMM32.DLL
0x0000000061320000 - 0x00000000613f2000 	C:\Program Files\Java\jre1.8.0_212\bin\msvcr100.dll
0x0000000061e70000 - 0x0000000062715000 	C:\Program Files\Java\jre1.8.0_212\bin\server\jvm.dll
0x00007ff9835e0000 - 0x00007ff9835e8000 	C:\Windows\System32\PSAPI.DLL
0x00007ff96ddd0000 - 0x00007ff96ddd9000 	C:\Windows\SYSTEM32\WSOCK32.dll
0x00007ff983210000 - 0x00007ff98327d000 	C:\Windows\System32\WS2_32.dll
0x00007ff97e2a0000 - 0x00007ff97e2c4000 	C:\Windows\SYSTEM32\WINMM.dll
0x00007ff97b3a0000 - 0x00007ff97b3aa000 	C:\Windows\SYSTEM32\VERSION.dll
0x00007ff97e270000 - 0x00007ff97e29d000 	C:\Windows\SYSTEM32\WINMMBASE.dll
0x00007ff9826c0000 - 0x00007ff98270a000 	C:\Windows\System32\cfgmgr32.dll
0x00007ff97e370000 - 0x00007ff97e37f000 	C:\Program Files\Java\jre1.8.0_212\bin\verify.dll
0x00007ff97af10000 - 0x00007ff97af39000 	C:\Program Files\Java\jre1.8.0_212\bin\java.dll
0x00007ff97b640000 - 0x00007ff97b656000 	C:\Program Files\Java\jre1.8.0_212\bin\zip.dll
0x00007ff9835f0000 - 0x00007ff984ae0000 	C:\Windows\System32\SHELL32.dll
0x00007ff985130000 - 0x00007ff9851d8000 	C:\Windows\System32\shcore.dll
0x00007ff981cb0000 - 0x00007ff9823fa000 	C:\Windows\System32\windows.storage.dll
0x00007ff981b10000 - 0x00007ff981b34000 	C:\Windows\System32\profapi.dll
0x00007ff981a90000 - 0x00007ff981aed000 	C:\Windows\System32\powrprof.dll
0x00007ff983180000 - 0x00007ff9831d2000 	C:\Windows\System32\shlwapi.dll
0x00007ff981af0000 - 0x00007ff981b01000 	C:\Windows\System32\kernel.appcore.dll
0x00007ff981be0000 - 0x00007ff981bf7000 	C:\Windows\System32\cryptsp.dll
0x00007ff97e320000 - 0x00007ff97e32d000 	C:\Program Files\Java\jre1.8.0_212\bin\management.dll
0x00007ff97aeb0000 - 0x00007ff97aeca000 	C:\Program Files\Java\jre1.8.0_212\bin\net.dll
0x00007ff973840000 - 0x00007ff973a17000 	C:\Windows\SYSTEM32\urlmon.dll
0x00007ff972010000 - 0x00007ff9722b8000 	C:\Windows\SYSTEM32\iertutil.dll
0x00007ff9814b0000 - 0x00007ff9814bc000 	C:\Windows\SYSTEM32\CRYPTBASE.DLL
0x00007ff9812e0000 - 0x00007ff981347000 	C:\Windows\system32\mswsock.dll
0x00007ff97ae10000 - 0x00007ff97ae22000 	C:\Program Files\Java\jre1.8.0_212\bin\nio.dll
0x00007ff973a20000 - 0x00007ff973a36000 	C:\Windows\system32\napinsp.dll
0x00007ff95f3e0000 - 0x00007ff95f3fa000 	C:\Windows\system32\pnrpnsp.dll
0x00007ff981080000 - 0x00007ff981146000 	C:\Windows\SYSTEM32\DNSAPI.dll
0x00007ff982dc0000 - 0x00007ff982dc8000 	C:\Windows\System32\NSI.dll
0x00007ff981040000 - 0x00007ff98107d000 	C:\Windows\SYSTEM32\IPHLPAPI.DLL
0x00007ff95f3d0000 - 0x00007ff95f3de000 	C:\Windows\System32\winrnr.dll
0x00007ff97e2d0000 - 0x00007ff97e2eb000 	C:\Windows\system32\NLAapi.dll
0x00007ff97b380000 - 0x00007ff97b395000 	C:\Windows\system32\wshbth.dll
0x00007ff970370000 - 0x00007ff97037a000 	C:\Windows\System32\rasadhlp.dll
0x00007ff970840000 - 0x00007ff9708b9000 	C:\Windows\System32\fwpuclnt.dll
0x00007ff982770000 - 0x00007ff982796000 	C:\Windows\System32\bcrypt.dll
0x00007ff980ea0000 - 0x00007ff980ed3000 	C:\Windows\system32\rsaenh.dll
0x00007ff9819a0000 - 0x00007ff9819c8000 	C:\Windows\SYSTEM32\USERENV.dll
0x00007ff97fa20000 - 0x00007ff97fa36000 	C:\Windows\SYSTEM32\dhcpcsvc6.DLL
0x00007ff97fa00000 - 0x00007ff97fa1c000 	C:\Windows\SYSTEM32\dhcpcsvc.DLL
0x000000006ec40000 - 0x000000006ec58000 	C:\Users\Simone\Documents\GitHub\OOPeCalc\SpringBootProject\src\main\java\it\project\SpringBootProject\Service\NativeStats.dll
0x0000000061440000 - 0x000000006145a000 	C:\mingw-64\mingw64\bin\libgcc_s_seh-1.dll
0x000000006fc40000 - 0x000000006fda3000 	C:\mingw-64\mingw64\bin\libstdc++-6.dll
0x0000000064940000 - 0x0000000064955000 	C:\mingw-64\mingw64\bin\libwinpthread-1.dll
0x00007ff980450000 - 0x00007ff98063d000 	C:\Windows\SYSTEM32\dbghelp.dll

VM Arguments:
jvm_args: -Dcom.sun.management.jmxremote -Dcom.sun.management.jmxremote.port=52296 -Dcom.sun.management.jmxremote.authenticate=false -Dcom.sun.management.jmxremote.ssl=false -Djava.rmi.server.hostname=localhost -Dspring.jmx.enabled=true -Dspring.application.admin.enabled=true -Djava.library.path=C:\Users\Simone\Documents\GitHub\OOPeCalc\SpringBootProject\src\main\java\it\project\SpringBootProject\Service -Xverify:none -XX:TieredStopAtLevel=1 -Dfile.encoding=UTF-8 
java_command: it.project.SpringBootProject.SpringBootProjectApplication
java_class_path (initial): C:\Users\Simone\Documents\GitHub\OOPeCalc\SpringBootProject\target\classes;C:\Users\Simone\Documents\GitHub\OOPeCalc\json-simple-1.1.1.jar;C:\Users\Simone\Documents\GitHub\OOPeCalc\opencsv-2.2.jar;C:\Users\Simone\.m2\repository\org\springframework\boot\spring-boot-starter-web\2.1.6.RELEASE\spring-boot-starter-web-2.1.6.RELEASE.jar;C:\Users\Simone\.m2\repository\org\springframework\boot\spring-boot-starter\2.1.6.RELEASE\spring-boot-starter-2.1.6.RELEASE.jar;C:\Users\Simone\.m2\repository\org\springframework\boot\spring-boot-starter-logging\2.1.6.RELEASE\spring-boot-starter-logging-2.1.6.RELEASE.jar;C:\Users\Simone\.m2\repository\ch\qos\logback\logback-classic\1.2.3\logback-classic-1.2.3.jar;C:\Users\Simone\.m2\repository\ch\qos\logback\logback-core\1.2.3\logback-core-1.2.3.jar;C:\Users\Simone\.m2\repository\org\apache\logging\log4j\log4j-to-slf4j\2.11.2\log4j-to-slf4j-2.11.2.jar;C:\Users\Simone\.m2\repository\org\apache\logging\log4j\log4j-api\2.11.2\log4j-api-2.11.2.jar;C:\Users\Simone\.m2\repository\org\slf4j\jul-to-slf4j\1.7.26\jul-to-slf4j-1.7.26.jar;C:\Users\Simone\.m2\repository\javax\annotation\javax.annotation-api\1.3.2\javax.annotation-api-1.3.2.jar;C:\Users\Simone\.m2\repository\org\yaml\snakeyaml\1.23\snakeyaml-1.23.jar;C:\Users\Simone\.m2\repository\org\springframework\boot\spring-boot-starter-json\2.1.6.RELEASE\spring-boot-starter-json-2.1.6.RELEASE.jar;C:\Users\Simone\.m2\repository\com\fasterxml\jackson\core\jackson-databind\2.9.9\jackson-databind-2.9.9.jar;C:\Users\Simone\.m2\repository\com\fasterxml\jackson\core\jackson-annotations\2.9.0\jackson-annotations-2.9.0.jar;C:\Users\Simone\.m2\repository\com\fasterxml\jackson\core\jackson-core\2.9.9\jackson-core-2.9.9.jar;C:\Users\Simone\.m2\repository\com\fasterxml\jackson\datatype\jackson-datatype-jdk8\2.9.9\jackson-datatype-jdk8-2.9.9.jar;C:\Users\Simone\.m2\repository\com\fasterxml\jackson\datatype\jackson-datatype-jsr310\2.9.9\jackson-datatype-jsr310-2.9.9.jar;C:\Users\Simo
Launcher Type: SUN_STANDARD

Environment Variables:
PATH=C:/Program Files/Java/jre1.8.0_212/bin/server;C:/Program Files/Java/jre1.8.0_212/bin;C:/Program Files/Java/jre1.8.0_212/lib/amd64;C:\Program Files\NVIDIA GPU Computing Toolkit\CUDA\v10.1\bin;C:\Program Files\NVIDIA GPU Computing Toolkit\CUDA\v10.1\libnvvp;C:\Program Files (x86)\Common Files\Oracle\Java\javapath;C:\Windows\system32;C:\Windows;C:\Windows\System32\Wbem;C:\Windows\System32\WindowsPowerShell\v1.0\;C:\Windows\System32\OpenSSH\;C:\Program Files\dotnet\;C:\Program Files\Microsoft SQL Server\130\Tools\Binn\;C:\Program Files\Git\cmd;C:\Program Files\NVIDIA Corporation\Nsight Compute 2019.1\;C:\Program Files (x86)\NVIDIA Corporation\PhysX\Common;C:\Program Files\NVIDIA Corporation\NVIDIA NvDLISR;C:\Program Files (x86)\Android\android-sdk\platform-tools;C:\Program Files\PuTTY\;C:\Windows;C:\Windows\System32;C:\xampp\php;C:\ZendFramework-1.12.3\bin;C:\ZendFramework-1.12.3\bin\zf.bat;C:\apache-maven-3.6.1\bin;C:\Program Files\Java\jdk1.8.0_212\bin;C:\MinGW\bin;C:\Program Files (x86)\mingw-w64\i686-8.1.0-posix-dwarf-rt_v6-rev0;C:\mingw-64\mingw64\bin;C:\Users\Simone\Desktop\Uni\Programmazione ad Oggetti\Progetti Eclipse\JNItest\src;C:\mingw-64\mingw64\lib\gcc\x86_64-w64-mingw32\8.1.0\include\c++;C:\Program Files (x86)\Microsoft Visual Studio\2017\Community\VC\Tools\MSVC\14.16.27023\bin\Hostx64\x64;C:\Users\Simone\AppData\Local\Microsoft\WindowsApps;C:\Users\Simone\AppData\Local\GitHubDesktop\bin;C:\Users\Simone\AppData\Local\atom\bin;C:\Windows\System32;C:\Windows;C:\Users\Simone\Desktop\Uni\Programmazione ad Oggetti\Progetti Eclipse\JNIexample;C:\mingw-64\mingw64\lib\gcc\x86_64-w64-mingw32\8.1.0\include\c++;;C:\Users\Simone\Desktop;
USERNAME=Simone
OS=Windows_NT
PROCESSOR_IDENTIFIER=Intel64 Family 6 Model 142 Stepping 10, GenuineIntel



---------------  S Y S T E M  ---------------

OS: Windows 10.0 , 64 bit Build 17763 (10.0.17763.475)

CPU:total 8 (initial active 8) (4 cores per cpu, 2 threads per core) family 6 model 142 stepping 10, cmov, cx8, fxsr, mmx, sse, sse2, sse3, ssse3, sse4.1, sse4.2, popcnt, avx, avx2, aes, clmul, erms, 3dnowpref, lzcnt, ht, tsc, tscinvbit, bmi1, bmi2, adx

Memory: 4k page, physical 12466404k(5727552k free), swap 16538360k(6071412k free)

vm_info: Java HotSpot(TM) 64-Bit Server VM (25.212-b10) for windows-amd64 JRE (1.8.0_212-b10), built on Apr  1 2019 22:50:23 by "java_re" with MS VC++ 10.0 (VS2010)

time: Thu Jul 18 16:44:35 2019
timezone: ora legale Europa occidentale
elapsed time: 4 seconds (0d 0h 0m 4s)

