#
# A fatal error has been detected by the Java Runtime Environment:
#
#  EXCEPTION_ACCESS_VIOLATION (0xc0000005) at pc=0x0000000061fb6182, pid=13892, tid=0x0000000000000f30
#
# JRE version: Java(TM) SE Runtime Environment (8.0_212-b10) (build 1.8.0_212-b10)
# Java VM: Java HotSpot(TM) 64-Bit Server VM (25.212-b10 mixed mode windows-amd64 compressed oops)
# Problematic frame:
# V  [jvm.dll+0x146182]
#
# Failed to write core dump. Minidumps are not enabled by default on client versions of Windows
#
# If you would like to submit a bug report, please visit:
#   http://bugreport.java.com/bugreport/crash.jsp
#

---------------  T H R E A D  ---------------

Current thread (0x000000001e7d6800):  JavaThread "http-nio-8080-exec-3" daemon [_thread_in_vm, id=3888, stack(0x0000000020330000,0x0000000020430000)]

siginfo: ExceptionCode=0xc0000005, reading address 0x0000000000000000

Registers:
RAX=0x0000000000000000, RBX=0x000000001e7d6800, RCX=0x0000000000000680, RDX=0x0000000000000000
RSP=0x000000002042cc10, RBP=0x0000000000000000, RSI=0x0000000000000000, RDI=0x0000000000000000
R8 =0x0000000000000000, R9 =0x00000007823e0c28, R10=0x000000001e22f720, R11=0x0000000000000000
R12=0x0000000000000000, R13=0x000000001f0737e0, R14=0x000000002042cdc0, R15=0x000000001e7d6800
RIP=0x0000000061fb6182, EFLAGS=0x0000000000010202

Top of Stack: (sp=0x000000002042cc10)
0x000000002042cc10:   000000001e7d69f8 0000000000000000
0x000000002042cc20:   000000002042cc00 0000000000000000
0x000000002042cc30:   000000001e7d6800 0000000000000000
0x000000002042cc40:   000000001e7d6800 000000001e7d6800
0x000000002042cc50:   000000001f0737e0 0000000061fb63c2
0x000000002042cc60:   00003c2345c367ed 000000001e7595b0
0x000000002042cc70:   00000007c0353950 0000000000200021
0x000000002042cc80:   0000000000200021 000000006ec43b73
0x000000002042cc90:   000000002042ccb0 00000007c0353950
0x000000002042cca0:   00000000000003d8 000000001f0737f0
0x000000002042ccb0:   000000002042cd00 000000006ec41740
0x000000002042ccc0:   000000001e7d69f8 0000000000000000
0x000000002042ccd0:   0000000000000000 00000000021c8ad7
0x000000002042cce0:   000000001e73a600 000060791e7d6800
0x000000002042ccf0:   000060791f0737f0 0000000000000000
0x000000002042cd00:   000000002042cd90 00000000021c8c67 

Instructions: (pc=0x0000000061fb6182)
0x0000000061fb6162:   89 5c 24 20 48 89 74 24 28 48 39 73 08 74 0a 48
0x0000000061fb6172:   8d 4c 24 20 e8 05 8c 13 00 40 38 35 be 07 6d 00
0x0000000061fb6182:   48 8b 3f 48 63 05 08 67 6b 00 74 1b 8b 0c 38 85
0x0000000061fb6192:   c9 74 7c 8b c1 8b 0d bb 36 66 00 48 d3 e0 48 03 


Register to memory mapping:

RAX=0x0000000000000000 is an unknown value
RBX=0x000000001e7d6800 is a thread
RCX=0x0000000000000680 is an unknown value
RDX=0x0000000000000000 is an unknown value
RSP=0x000000002042cc10 is pointing into the stack for thread: 0x000000001e7d6800
RBP=0x0000000000000000 is an unknown value
RSI=0x0000000000000000 is an unknown value
RDI=0x0000000000000000 is an unknown value
R8 =0x0000000000000000 is an unknown value
R9 =0x00000007823e0c28 is an oop
[Ljava.lang.String; 
 - klass: 'java/lang/String'[]
 - length: 24697
R10=0x000000001e22f720 is an unknown value
R11=0x0000000000000000 is an unknown value
R12=0x0000000000000000 is an unknown value
R13=0x000000001f0737e0 is pointing into metadata
R14=0x000000002042cdc0 is pointing into the stack for thread: 0x000000001e7d6800
R15=0x000000001e7d6800 is a thread


Stack: [0x0000000020330000,0x0000000020430000],  sp=0x000000002042cc10,  free space=1011k
Native frames: (J=compiled Java code, j=interpreted, Vv=VM code, C=native code)

Java frames: (J=compiled Java code, j=interpreted, Vv=VM code)
j  it.project.SpringBootProject.Service.NativeStats.nativeString([Ljava/lang/String;I)V+0
j  it.project.SpringBootProject.Service.ReportServiceImpl.reportStatsStrJni(Ljava/lang/String;)Ljava/util/List;+168
j  it.project.SpringBootProject.Controller.ReportController.reportStatsStrJni(Ljava/lang/String;)Lorg/springframework/http/ResponseEntity;+9
v  ~StubRoutines::call_stub
J 1991  sun.reflect.NativeMethodAccessorImpl.invoke0(Ljava/lang/reflect/Method;Ljava/lang/Object;[Ljava/lang/Object;)Ljava/lang/Object; (0 bytes) @ 0x000000000261613f [0x00000000026160c0+0x7f]
J 1990 C1 sun.reflect.NativeMethodAccessorImpl.invoke(Ljava/lang/Object;[Ljava/lang/Object;)Ljava/lang/Object; (104 bytes) @ 0x00000000026191e4 [0x0000000002618e20+0x3c4]
J 1446 C1 sun.reflect.DelegatingMethodAccessorImpl.invoke(Ljava/lang/Object;[Ljava/lang/Object;)Ljava/lang/Object; (10 bytes) @ 0x00000000024dcca4 [0x00000000024dcc60+0x44]
J 1445 C1 java.lang.reflect.Method.invoke(Ljava/lang/Object;[Ljava/lang/Object;)Ljava/lang/Object; (62 bytes) @ 0x00000000024dc8a4 [0x00000000024dc7a0+0x104]
j  org.springframework.web.method.support.InvocableHandlerMethod.doInvoke([Ljava/lang/Object;)Ljava/lang/Object;+16
j  org.springframework.web.method.support.InvocableHandlerMethod.invokeForRequest(Lorg/springframework/web/context/request/NativeWebRequest;Lorg/springframework/web/method/support/ModelAndViewContainer;[Ljava/lang/Object;)Ljava/lang/Object;+56
j  org.springframework.web.servlet.mvc.method.annotation.ServletInvocableHandlerMethod.invokeAndHandle(Lorg/springframework/web/context/request/ServletWebRequest;Lorg/springframework/web/method/support/ModelAndViewContainer;[Ljava/lang/Object;)V+4
j  org.springframework.web.servlet.mvc.method.annotation.RequestMappingHandlerAdapter.invokeHandlerMethod(Ljavax/servlet/http/HttpServletRequest;Ljavax/servlet/http/HttpServletResponse;Lorg/springframework/web/method/HandlerMethod;)Lorg/springframework/web/servlet/ModelAndView;+244
j  org.springframework.web.servlet.mvc.method.annotation.RequestMappingHandlerAdapter.handleInternal(Ljavax/servlet/http/HttpServletRequest;Ljavax/servlet/http/HttpServletResponse;Lorg/springframework/web/method/HandlerMethod;)Lorg/springframework/web/servlet/ModelAndView;+81
j  org.springframework.web.servlet.mvc.method.AbstractHandlerMethodAdapter.handle(Ljavax/servlet/http/HttpServletRequest;Ljavax/servlet/http/HttpServletResponse;Ljava/lang/Object;)Lorg/springframework/web/servlet/ModelAndView;+7
j  org.springframework.web.servlet.DispatcherServlet.doDispatch(Ljavax/servlet/http/HttpServletRequest;Ljavax/servlet/http/HttpServletResponse;)V+257
j  org.springframework.web.servlet.DispatcherServlet.doService(Ljavax/servlet/http/HttpServletRequest;Ljavax/servlet/http/HttpServletResponse;)V+212
j  org.springframework.web.servlet.FrameworkServlet.processRequest(Ljavax/servlet/http/HttpServletRequest;Ljavax/servlet/http/HttpServletResponse;)V+71
j  org.springframework.web.servlet.FrameworkServlet.doGet(Ljavax/servlet/http/HttpServletRequest;Ljavax/servlet/http/HttpServletResponse;)V+3
j  javax.servlet.http.HttpServlet.service(Ljavax/servlet/http/HttpServletRequest;Ljavax/servlet/http/HttpServletResponse;)V+35
j  org.springframework.web.servlet.FrameworkServlet.service(Ljavax/servlet/http/HttpServletRequest;Ljavax/servlet/http/HttpServletResponse;)V+33
j  javax.servlet.http.HttpServlet.service(Ljavax/servlet/ServletRequest;Ljavax/servlet/ServletResponse;)V+36
j  org.apache.catalina.core.ApplicationFilterChain.internalDoFilter(Ljavax/servlet/ServletRequest;Ljavax/servlet/ServletResponse;)V+304
j  org.apache.catalina.core.ApplicationFilterChain.doFilter(Ljavax/servlet/ServletRequest;Ljavax/servlet/ServletResponse;)V+101
j  org.apache.tomcat.websocket.server.WsFilter.doFilter(Ljavax/servlet/ServletRequest;Ljavax/servlet/ServletResponse;Ljavax/servlet/FilterChain;)V+21
j  org.apache.catalina.core.ApplicationFilterChain.internalDoFilter(Ljavax/servlet/ServletRequest;Ljavax/servlet/ServletResponse;)V+135
j  org.apache.catalina.core.ApplicationFilterChain.doFilter(Ljavax/servlet/ServletRequest;Ljavax/servlet/ServletResponse;)V+101
j  org.springframework.web.filter.RequestContextFilter.doFilterInternal(Ljavax/servlet/http/HttpServletRequest;Ljavax/servlet/http/HttpServletResponse;Ljavax/servlet/FilterChain;)V+21
j  org.springframework.web.filter.OncePerRequestFilter.doFilter(Ljavax/servlet/ServletRequest;Ljavax/servlet/ServletResponse;Ljavax/servlet/FilterChain;)V+120
j  org.apache.catalina.core.ApplicationFilterChain.internalDoFilter(Ljavax/servlet/ServletRequest;Ljavax/servlet/ServletResponse;)V+135
j  org.apache.catalina.core.ApplicationFilterChain.doFilter(Ljavax/servlet/ServletRequest;Ljavax/servlet/ServletResponse;)V+101
j  org.springframework.web.filter.FormContentFilter.doFilterInternal(Ljavax/servlet/http/HttpServletRequest;Ljavax/servlet/http/HttpServletResponse;Ljavax/servlet/FilterChain;)V+38
j  org.springframework.web.filter.OncePerRequestFilter.doFilter(Ljavax/servlet/ServletRequest;Ljavax/servlet/ServletResponse;Ljavax/servlet/FilterChain;)V+120
j  org.apache.catalina.core.ApplicationFilterChain.internalDoFilter(Ljavax/servlet/ServletRequest;Ljavax/servlet/ServletResponse;)V+135
j  org.apache.catalina.core.ApplicationFilterChain.doFilter(Ljavax/servlet/ServletRequest;Ljavax/servlet/ServletResponse;)V+101
j  org.springframework.web.filter.HiddenHttpMethodFilter.doFilterInternal(Ljavax/servlet/http/HttpServletRequest;Ljavax/servlet/http/HttpServletResponse;Ljavax/servlet/FilterChain;)V+87
j  org.springframework.web.filter.OncePerRequestFilter.doFilter(Ljavax/servlet/ServletRequest;Ljavax/servlet/ServletResponse;Ljavax/servlet/FilterChain;)V+120
j  org.apache.catalina.core.ApplicationFilterChain.internalDoFilter(Ljavax/servlet/ServletRequest;Ljavax/servlet/ServletResponse;)V+135
j  org.apache.catalina.core.ApplicationFilterChain.doFilter(Ljavax/servlet/ServletRequest;Ljavax/servlet/ServletResponse;)V+101
j  org.springframework.web.filter.CharacterEncodingFilter.doFilterInternal(Ljavax/servlet/http/HttpServletRequest;Ljavax/servlet/http/HttpServletResponse;Ljavax/servlet/FilterChain;)V+53
j  org.springframework.web.filter.OncePerRequestFilter.doFilter(Ljavax/servlet/ServletRequest;Ljavax/servlet/ServletResponse;Ljavax/servlet/FilterChain;)V+120
j  org.apache.catalina.core.ApplicationFilterChain.internalDoFilter(Ljavax/servlet/ServletRequest;Ljavax/servlet/ServletResponse;)V+135
j  org.apache.catalina.core.ApplicationFilterChain.doFilter(Ljavax/servlet/ServletRequest;Ljavax/servlet/ServletResponse;)V+101
j  org.apache.catalina.core.StandardWrapperValve.invoke(Lorg/apache/catalina/connector/Request;Lorg/apache/catalina/connector/Response;)V+694
j  org.apache.catalina.core.StandardContextValve.invoke(Lorg/apache/catalina/connector/Request;Lorg/apache/catalina/connector/Response;)V+166
j  org.apache.catalina.authenticator.AuthenticatorBase.invoke(Lorg/apache/catalina/connector/Request;Lorg/apache/catalina/connector/Response;)V+260
j  org.apache.catalina.core.StandardHostValve.invoke(Lorg/apache/catalina/connector/Request;Lorg/apache/catalina/connector/Response;)V+114
j  org.apache.catalina.valves.ErrorReportValve.invoke(Lorg/apache/catalina/connector/Request;Lorg/apache/catalina/connector/Response;)V+6
j  org.apache.catalina.core.StandardEngineValve.invoke(Lorg/apache/catalina/connector/Request;Lorg/apache/catalina/connector/Response;)V+45
j  org.apache.catalina.connector.CoyoteAdapter.service(Lorg/apache/coyote/Request;Lorg/apache/coyote/Response;)V+199
j  org.apache.coyote.http11.Http11Processor.service(Lorg/apache/tomcat/util/net/SocketWrapperBase;)Lorg/apache/tomcat/util/net/AbstractEndpoint$Handler$SocketState;+791
j  org.apache.coyote.AbstractProcessorLight.process(Lorg/apache/tomcat/util/net/SocketWrapperBase;Lorg/apache/tomcat/util/net/SocketEvent;)Lorg/apache/tomcat/util/net/AbstractEndpoint$Handler$SocketState;+113
j  org.apache.coyote.AbstractProtocol$ConnectionHandler.process(Lorg/apache/tomcat/util/net/SocketWrapperBase;Lorg/apache/tomcat/util/net/SocketEvent;)Lorg/apache/tomcat/util/net/AbstractEndpoint$Handler$SocketState;+422
j  org.apache.tomcat.util.net.NioEndpoint$SocketProcessor.doRun()V+221
j  org.apache.tomcat.util.net.SocketProcessorBase.run()V+21
j  java.util.concurrent.ThreadPoolExecutor.runWorker(Ljava/util/concurrent/ThreadPoolExecutor$Worker;)V+95
j  java.util.concurrent.ThreadPoolExecutor$Worker.run()V+5
j  org.apache.tomcat.util.threads.TaskThread$WrappingRunnable.run()V+4
j  java.lang.Thread.run()V+11
v  ~StubRoutines::call_stub

---------------  P R O C E S S  ---------------

Java Threads: ( => current thread )
  0x000000001e7f0000 JavaThread "JMX server connection timeout 43" daemon [_thread_blocked, id=14244, stack(0x0000000021230000,0x0000000021330000)]
  0x000000001e7ef000 JavaThread "RMI Scheduler(0)" daemon [_thread_blocked, id=12744, stack(0x0000000021130000,0x0000000021230000)]
  0x000000001e7ee800 JavaThread "RMI TCP Connection(1)-127.0.0.1" daemon [_thread_in_native, id=11544, stack(0x0000000021030000,0x0000000021130000)]
  0x000000001e7ec000 JavaThread "DestroyJavaVM" [_thread_blocked, id=13284, stack(0x0000000001fb0000,0x00000000020b0000)]
  0x000000001e7f0800 JavaThread "http-nio-8080-Acceptor" daemon [_thread_in_native, id=10108, stack(0x0000000020c30000,0x0000000020d30000)]
  0x000000001e7eb800 JavaThread "http-nio-8080-ClientPoller" daemon [_thread_in_native, id=19700, stack(0x0000000020b30000,0x0000000020c30000)]
  0x000000001e7ed800 JavaThread "http-nio-8080-exec-10" daemon [_thread_blocked, id=18520, stack(0x0000000020a30000,0x0000000020b30000)]
  0x000000001e7e9000 JavaThread "http-nio-8080-exec-9" daemon [_thread_blocked, id=14156, stack(0x0000000020930000,0x0000000020a30000)]
  0x000000001e7ea800 JavaThread "http-nio-8080-exec-8" daemon [_thread_blocked, id=10908, stack(0x0000000020830000,0x0000000020930000)]
  0x000000001e7ed000 JavaThread "http-nio-8080-exec-7" daemon [_thread_blocked, id=11744, stack(0x0000000020730000,0x0000000020830000)]
  0x000000001e7e8800 JavaThread "http-nio-8080-exec-6" daemon [_thread_blocked, id=10984, stack(0x0000000020630000,0x0000000020730000)]
  0x000000001e7d8000 JavaThread "http-nio-8080-exec-5" daemon [_thread_blocked, id=13796, stack(0x0000000020530000,0x0000000020630000)]
  0x000000001e7d7000 JavaThread "http-nio-8080-exec-4" daemon [_thread_blocked, id=13656, stack(0x0000000020430000,0x0000000020530000)]
=>0x000000001e7d6800 JavaThread "http-nio-8080-exec-3" daemon [_thread_in_vm, id=3888, stack(0x0000000020330000,0x0000000020430000)]
  0x000000001e7d9800 JavaThread "http-nio-8080-exec-2" daemon [_thread_blocked, id=5080, stack(0x0000000020230000,0x0000000020330000)]
  0x000000001e7d8800 JavaThread "http-nio-8080-exec-1" daemon [_thread_blocked, id=17612, stack(0x0000000020130000,0x0000000020230000)]
  0x000000001e7c1800 JavaThread "http-nio-8080-BlockPoller" daemon [_thread_in_native, id=13592, stack(0x0000000020030000,0x0000000020130000)]
  0x000000001e7ab800 JavaThread "Live Reload Server" daemon [_thread_in_native, id=3720, stack(0x000000001ff30000,0x0000000020030000)]
  0x000000001e7a2800 JavaThread "File Watcher" daemon [_thread_blocked, id=15752, stack(0x000000001fd30000,0x000000001fe30000)]
  0x000000001e6b1800 JavaThread "container-0" [_thread_blocked, id=2496, stack(0x000000001fa30000,0x000000001fb30000)]
  0x000000001e71b800 JavaThread "Catalina-utility-2" [_thread_blocked, id=17100, stack(0x000000001f930000,0x000000001fa30000)]
  0x000000001e71a800 JavaThread "Catalina-utility-1" [_thread_blocked, id=7780, stack(0x000000001f830000,0x000000001f930000)]
  0x000000001c72c800 JavaThread "RMI TCP Accept-0" daemon [_thread_in_native, id=12728, stack(0x000000001d000000,0x000000001d100000)]
  0x000000001c727800 JavaThread "RMI TCP Accept-63867" daemon [_thread_in_native, id=17392, stack(0x000000001cf00000,0x000000001d000000)]
  0x000000001c714000 JavaThread "RMI TCP Accept-0" daemon [_thread_in_native, id=17472, stack(0x000000001ce00000,0x000000001cf00000)]
  0x000000001b660000 JavaThread "Service Thread" daemon [_thread_blocked, id=15232, stack(0x000000001c1c0000,0x000000001c2c0000)]
  0x000000001b5e8000 JavaThread "C1 CompilerThread3" daemon [_thread_blocked, id=5552, stack(0x000000001c0c0000,0x000000001c1c0000)]
  0x000000001b5dc000 JavaThread "C2 CompilerThread2" daemon [_thread_blocked, id=19024, stack(0x000000001bfc0000,0x000000001c0c0000)]
  0x000000001b5d7000 JavaThread "C2 CompilerThread1" daemon [_thread_blocked, id=19916, stack(0x000000001bec0000,0x000000001bfc0000)]
  0x000000001b5d0800 JavaThread "C2 CompilerThread0" daemon [_thread_blocked, id=12476, stack(0x000000001bdc0000,0x000000001bec0000)]
  0x000000001b5cf000 JavaThread "Attach Listener" daemon [_thread_blocked, id=19440, stack(0x000000001bcc0000,0x000000001bdc0000)]
  0x000000001b5ce000 JavaThread "Signal Dispatcher" daemon [_thread_blocked, id=19096, stack(0x000000001bbc0000,0x000000001bcc0000)]
  0x000000001b5c0800 JavaThread "Finalizer" daemon [_thread_blocked, id=4116, stack(0x000000001b9a0000,0x000000001baa0000)]
  0x00000000196bc800 JavaThread "Reference Handler" daemon [_thread_blocked, id=19920, stack(0x000000001b4a0000,0x000000001b5a0000)]

Other Threads:
  0x00000000196b8800 VMThread [stack: 0x000000001b3a0000,0x000000001b4a0000] [id=5748]
  0x000000001c72d000 WatcherThread [stack: 0x000000001d100000,0x000000001d200000] [id=6972]

VM state:not at safepoint (normal execution)

VM Mutex/Monitor currently owned by a thread: None

heap address: 0x0000000701c00000, size: 3044 MB, Compressed Oops mode: Zero based, Oop shift amount: 3
Narrow klass base: 0x0000000000000000, Narrow klass shift: 3
Compressed class space size: 1073741824 Address: 0x00000007c0000000

Heap:
 PSYoungGen      total 145920K, used 53343K [0x0000000780980000, 0x000000078bd00000, 0x00000007c0000000)
  eden space 132096K, 29% used [0x0000000780980000,0x000000078301b5c8,0x0000000788a80000)
  from space 13824K, 99% used [0x0000000789b00000,0x000000078a87c9b0,0x000000078a880000)
  to   space 16896K, 0% used [0x0000000788a80000,0x0000000788a80000,0x0000000789b00000)
 ParOldGen       total 71680K, used 10181K [0x0000000701c00000, 0x0000000706200000, 0x0000000780980000)
  object space 71680K, 14% used [0x0000000701c00000,0x00000007025f1778,0x0000000706200000)
 Metaspace       used 31576K, capacity 33412K, committed 33664K, reserved 1079296K
  class space    used 4292K, capacity 4666K, committed 4736K, reserved 1048576K

Card table byte_map: [0x0000000011570000,0x0000000011b70000] byte_map_base: 0x000000000dd62000

Marking Bits: (ParMarkBitMap*) 0x0000000062695ce0
 Begin Bits: [0x0000000012770000, 0x0000000015700000)
 End Bits:   [0x0000000015700000, 0x0000000018690000)

Polling page: 0x0000000000760000

CodeCache: size=245760Kb used=6720Kb max_used=6720Kb free=239039Kb
 bounds [0x00000000021b0000, 0x0000000002850000, 0x00000000111b0000]
 total_blobs=3590 nmethods=3151 adapters=349
 compilation: enabled

Compilation events (10 events):
Event: 19.221 Thread 0x000000001b5e8000 3146       1       org.apache.tomcat.util.buf.Ascii::toLower (14 bytes)
Event: 19.221 Thread 0x000000001b5e8000 nmethod 3146 0x000000000283ebd0 code [0x000000000283ed20, 0x000000000283ee50]
Event: 19.221 Thread 0x000000001b5e8000 3148       1       java.util.ArrayList$ArrayListSpliterator::characteristics (4 bytes)
Event: 19.221 Thread 0x000000001b5e8000 nmethod 3148 0x000000000283ef10 code [0x000000000283f060, 0x000000000283f170]
Event: 19.228 Thread 0x000000001b5e8000 3149       1       org.springframework.core.convert.TypeDescriptor::hashCode (8 bytes)
Event: 19.228 Thread 0x000000001b5e8000 nmethod 3149 0x000000000283f1d0 code [0x000000000283f320, 0x000000000283f468]
Event: 19.229 Thread 0x000000001b5e8000 3150       1       it.project.SpringBootProject.Model.Report::getCountry (5 bytes)
Event: 19.229 Thread 0x000000001b5e8000 nmethod 3150 0x000000000283f510 code [0x000000000283f660, 0x000000000283f770]
Event: 19.229 Thread 0x000000001b5e8000 3151   !   1       sun.reflect.GeneratedMethodAccessor35::invoke (61 bytes)
Event: 19.229 Thread 0x000000001b5e8000 nmethod 3151 0x000000000283f7d0 code [0x000000000283f980, 0x000000000283fce8]

GC Heap History (10 events):
Event: 1.057 GC heap before
{Heap before GC invocations=3 (full 0):
 PSYoungGen      total 57344K, used 16566K [0x0000000780980000, 0x0000000787980000, 0x00000007c0000000)
  eden space 49152K, 17% used [0x0000000780980000,0x00000007811b34c0,0x0000000783980000)
  from space 8192K, 99% used [0x0000000784180000,0x000000078497a6f8,0x0000000784980000)
  to   space 8192K, 0% used [0x0000000783980000,0x0000000783980000,0x0000000784180000)
 ParOldGen       total 131072K, used 2086K [0x0000000701c00000, 0x0000000709c00000, 0x0000000780980000)
  object space 131072K, 1% used [0x0000000701c00000,0x0000000701e09ab0,0x0000000709c00000)
 Metaspace       used 20653K, capacity 21194K, committed 21296K, reserved 1067008K
  class space    used 2788K, capacity 2932K, committed 2944K, reserved 1048576K
Event: 1.061 GC heap after
Heap after GC invocations=3 (full 0):
 PSYoungGen      total 57344K, used 5786K [0x0000000780980000, 0x0000000787980000, 0x00000007c0000000)
  eden space 49152K, 0% used [0x0000000780980000,0x0000000780980000,0x0000000783980000)
  from space 8192K, 70% used [0x0000000783980000,0x0000000783f26810,0x0000000784180000)
  to   space 8192K, 0% used [0x0000000787180000,0x0000000787180000,0x0000000787980000)
 ParOldGen       total 131072K, used 2158K [0x0000000701c00000, 0x0000000709c00000, 0x0000000780980000)
  object space 131072K, 1% used [0x0000000701c00000,0x0000000701e1bac0,0x0000000709c00000)
 Metaspace       used 20653K, capacity 21194K, committed 21296K, reserved 1067008K
  class space    used 2788K, capacity 2932K, committed 2944K, reserved 1048576K
}
Event: 1.061 GC heap before
{Heap before GC invocations=4 (full 1):
 PSYoungGen      total 57344K, used 5786K [0x0000000780980000, 0x0000000787980000, 0x00000007c0000000)
  eden space 49152K, 0% used [0x0000000780980000,0x0000000780980000,0x0000000783980000)
  from space 8192K, 70% used [0x0000000783980000,0x0000000783f26810,0x0000000784180000)
  to   space 8192K, 0% used [0x0000000787180000,0x0000000787180000,0x0000000787980000)
 ParOldGen       total 131072K, used 2158K [0x0000000701c00000, 0x0000000709c00000, 0x0000000780980000)
  object space 131072K, 1% used [0x0000000701c00000,0x0000000701e1bac0,0x0000000709c00000)
 Metaspace       used 20653K, capacity 21194K, committed 21296K, reserved 1067008K
  class space    used 2788K, capacity 2932K, committed 2944K, reserved 1048576K
Event: 1.082 GC heap after
Heap after GC invocations=4 (full 1):
 PSYoungGen      total 57344K, used 0K [0x0000000780980000, 0x0000000787980000, 0x00000007c0000000)
  eden space 49152K, 0% used [0x0000000780980000,0x0000000780980000,0x0000000783980000)
  from space 8192K, 0% used [0x0000000783980000,0x0000000783980000,0x0000000784180000)
  to   space 8192K, 0% used [0x0000000787180000,0x0000000787180000,0x0000000787980000)
 ParOldGen       total 71680K, used 5687K [0x0000000701c00000, 0x0000000706200000, 0x0000000780980000)
  object space 71680K, 7% used [0x0000000701c00000,0x000000070218dd28,0x0000000706200000)
 Metaspace       used 20652K, capacity 21188K, committed 21296K, reserved 1067008K
  class space    used 2787K, capacity 2931K, committed 2944K, reserved 1048576K
}
Event: 1.363 GC heap before
{Heap before GC invocations=5 (full 1):
 PSYoungGen      total 57344K, used 49152K [0x0000000780980000, 0x0000000787980000, 0x00000007c0000000)
  eden space 49152K, 100% used [0x0000000780980000,0x0000000783980000,0x0000000783980000)
  from space 8192K, 0% used [0x0000000783980000,0x0000000783980000,0x0000000784180000)
  to   space 8192K, 0% used [0x0000000787180000,0x0000000787180000,0x0000000787980000)
 ParOldGen       total 71680K, used 5687K [0x0000000701c00000, 0x0000000706200000, 0x0000000780980000)
  object space 71680K, 7% used [0x0000000701c00000,0x000000070218dd28,0x0000000706200000)
 Metaspace       used 23036K, capacity 23848K, committed 24192K, reserved 1071104K
  class space    used 3135K, capacity 3335K, committed 3456K, reserved 1048576K
Event: 1.367 GC heap after
Heap after GC invocations=5 (full 1):
 PSYoungGen      total 88064K, used 5133K [0x0000000780980000, 0x0000000787700000, 0x00000007c0000000)
  eden space 82432K, 0% used [0x0000000780980000,0x0000000780980000,0x0000000785a00000)
  from space 5632K, 91% used [0x0000000787180000,0x00000007876837b0,0x0000000787700000)
  to   space 8192K, 0% used [0x0000000786700000,0x0000000786700000,0x0000000786f00000)
 ParOldGen       total 71680K, used 5695K [0x0000000701c00000, 0x0000000706200000, 0x0000000780980000)
  object space 71680K, 7% used [0x0000000701c00000,0x000000070218fd28,0x0000000706200000)
 Metaspace       used 23036K, capacity 23848K, committed 24192K, reserved 1071104K
  class space    used 3135K, capacity 3335K, committed 3456K, reserved 1048576K
}
Event: 1.984 GC heap before
{Heap before GC invocations=6 (full 1):
 PSYoungGen      total 88064K, used 87565K [0x0000000780980000, 0x0000000787700000, 0x00000007c0000000)
  eden space 82432K, 100% used [0x0000000780980000,0x0000000785a00000,0x0000000785a00000)
  from space 5632K, 91% used [0x0000000787180000,0x00000007876837b0,0x0000000787700000)
  to   space 8192K, 0% used [0x0000000786700000,0x0000000786700000,0x0000000786f00000)
 ParOldGen       total 71680K, used 5695K [0x0000000701c00000, 0x0000000706200000, 0x0000000780980000)
  object space 71680K, 7% used [0x0000000701c00000,0x000000070218fd28,0x0000000706200000)
 Metaspace       used 29391K, capacity 30980K, committed 31232K, reserved 1077248K
  class space    used 3977K, capacity 4304K, committed 4352K, reserved 1048576K
Event: 1.993 GC heap after
Heap after GC invocations=6 (full 1):
 PSYoungGen      total 103936K, used 8169K [0x0000000780980000, 0x000000078a880000, 0x00000007c0000000)
  eden space 95744K, 0% used [0x0000000780980000,0x0000000780980000,0x0000000786700000)
  from space 8192K, 99% used [0x0000000786700000,0x0000000786efa4b8,0x0000000786f00000)
  to   space 13824K, 0% used [0x0000000789b00000,0x0000000789b00000,0x000000078a880000)
 ParOldGen       total 71680K, used 9574K [0x0000000701c00000, 0x0000000706200000, 0x0000000780980000)
  object space 71680K, 13% used [0x0000000701c00000,0x0000000702559b08,0x0000000706200000)
 Metaspace       used 29391K, capacity 30980K, committed 31232K, reserved 1077248K
  class space    used 3977K, capacity 4304K, committed 4352K, reserved 1048576K
}
Event: 17.642 GC heap before
{Heap before GC invocations=7 (full 1):
 PSYoungGen      total 103936K, used 103913K [0x0000000780980000, 0x000000078a880000, 0x00000007c0000000)
  eden space 95744K, 100% used [0x0000000780980000,0x0000000786700000,0x0000000786700000)
  from space 8192K, 99% used [0x0000000786700000,0x0000000786efa4b8,0x0000000786f00000)
  to   space 13824K, 0% used [0x0000000789b00000,0x0000000789b00000,0x000000078a880000)
 ParOldGen       total 71680K, used 9574K [0x0000000701c00000, 0x0000000706200000, 0x0000000780980000)
  object space 71680K, 13% used [0x0000000701c00000,0x0000000702559b08,0x0000000706200000)
 Metaspace       used 31215K, capacity 32978K, committed 33024K, reserved 1077248K
  class space    used 4242K, capacity 4589K, committed 4608K, reserved 1048576K
Event: 17.653 GC heap after
Heap after GC invocations=7 (full 1):
 PSYoungGen      total 145920K, used 13810K [0x0000000780980000, 0x000000078bd00000, 0x00000007c0000000)
  eden space 132096K, 0% used [0x0000000780980000,0x0000000780980000,0x0000000788a80000)
  from space 13824K, 99% used [0x0000000789b00000,0x000000078a87c9b0,0x000000078a880000)
  to   space 16896K, 0% used [0x0000000788a80000,0x0000000788a80000,0x0000000789b00000)
 ParOldGen       total 71680K, used 10181K [0x0000000701c00000, 0x0000000706200000, 0x0000000780980000)
  object space 71680K, 14% used [0x0000000701c00000,0x00000007025f1778,0x0000000706200000)
 Metaspace       used 31215K, capacity 32978K, committed 33024K, reserved 1077248K
  class space    used 4242K, capacity 4589K, committed 4608K, reserved 1048576K
}

Deoptimization events (0 events):
No events

Classes redefined (0 events):
No events

Internal exceptions (10 events):
Event: 17.364 Thread 0x000000001e7ee800 Exception <a 'java/lang/ClassNotFoundException': org/springframework/boot/actuate/endpoint/jmx/EndpointMBean> (0x00000007822b4848) thrown at [C:\re\workspace\8-2-build-windows-amd64-cygwin\jdk8u212\12974\hotspot\src\share\vm\classfile\systemDictionary.cpp
Event: 17.364 Thread 0x000000001e7ee800 Exception <a 'java/lang/ClassNotFoundException': org/springframework/boot/actuate/endpoint/jmx/DataEndpointMBean> (0x00000007822b4da8) thrown at [C:\re\workspace\8-2-build-windows-amd64-cygwin\jdk8u212\12974\hotspot\src\share\vm\classfile\systemDictionary
Event: 17.364 Thread 0x000000001e7ee800 Exception <a 'java/lang/ClassNotFoundException': org/springframework/context/support/LiveBeansView> (0x00000007822b52f0) thrown at [C:\re\workspace\8-2-build-windows-amd64-cygwin\jdk8u212\12974\hotspot\src\share\vm\classfile\systemDictionary.cpp, line 210
Event: 17.365 Thread 0x000000001e7ee800 Exception <a 'java/lang/ClassNotFoundException': org/springframework/boot/actuate/endpoint/jmx/EndpointMBean> (0x0000000782300450) thrown at [C:\re\workspace\8-2-build-windows-amd64-cygwin\jdk8u212\12974\hotspot\src\share\vm\classfile\systemDictionary.cpp
Event: 17.365 Thread 0x000000001e7ee800 Exception <a 'java/lang/ClassNotFoundException': org/springframework/boot/actuate/endpoint/jmx/DataEndpointMBean> (0x00000007823009b0) thrown at [C:\re\workspace\8-2-build-windows-amd64-cygwin\jdk8u212\12974\hotspot\src\share\vm\classfile\systemDictionary
Event: 17.366 Thread 0x000000001e7ee800 Exception <a 'java/lang/ClassNotFoundException': org/springframework/context/support/LiveBeansView> (0x0000000782300ef8) thrown at [C:\re\workspace\8-2-build-windows-amd64-cygwin\jdk8u212\12974\hotspot\src\share\vm\classfile\systemDictionary.cpp, line 210
Event: 17.366 Thread 0x000000001e7ee800 Exception <a 'java/lang/ClassNotFoundException': org/springframework/boot/actuate/endpoint/jmx/EndpointMBean> (0x0000000782301228) thrown at [C:\re\workspace\8-2-build-windows-amd64-cygwin\jdk8u212\12974\hotspot\src\share\vm\classfile\systemDictionary.cpp
Event: 17.366 Thread 0x000000001e7ee800 Exception <a 'java/lang/ClassNotFoundException': org/springframework/boot/actuate/endpoint/jmx/DataEndpointMBean> (0x0000000782301748) thrown at [C:\re\workspace\8-2-build-windows-amd64-cygwin\jdk8u212\12974\hotspot\src\share\vm\classfile\systemDictionary
Event: 17.366 Thread 0x000000001e7ee800 Exception <a 'java/lang/ClassNotFoundException': org/springframework/context/support/LiveBeansView> (0x0000000782301c50) thrown at [C:\re\workspace\8-2-build-windows-amd64-cygwin\jdk8u212\12974\hotspot\src\share\vm\classfile\systemDictionary.cpp, line 210
Event: 17.675 Thread 0x000000001e7d9800 Exception <a 'java/lang/NoSuchMethodError': java.lang.Object.lambda$thenComparing$36697e65$1(Ljava/util/Comparator;Ljava/lang/Object;Ljava/lang/Object;)I> (0x000000078207d8b0) thrown at [C:\re\workspace\8-2-build-windows-amd64-cygwin\jdk8u212\12974\hotspo

Events (10 events):
Event: 19.225 loading class org/springframework/web/bind/WebDataBinder
Event: 19.225 loading class org/springframework/web/bind/WebDataBinder done
Event: 19.226 loading class org/springframework/validation/DataBinder
Event: 19.226 loading class org/springframework/validation/DataBinder done
Event: 19.226 Executing VM operation: Deoptimize
Event: 19.227 Executing VM operation: Deoptimize done
Event: 19.227 loading class org/springframework/validation/DefaultBindingErrorProcessor
Event: 19.227 loading class org/springframework/validation/DefaultBindingErrorProcessor done
Event: 19.227 loading class org/springframework/validation/BindingErrorProcessor
Event: 19.227 loading class org/springframework/validation/BindingErrorProcessor done


Dynamic libraries:
0x00007ff681b50000 - 0x00007ff681b87000 	C:\Program Files\Java\jre1.8.0_212\bin\javaw.exe
0x00007ff985a70000 - 0x00007ff985c5d000 	C:\Windows\SYSTEM32\ntdll.dll
0x00007ff97e380000 - 0x00007ff97e392000 	C:\Program Files\AVAST Software\Avast\aswhook.dll
0x00007ff9853c0000 - 0x00007ff985473000 	C:\Windows\System32\KERNEL32.DLL
0x00007ff982420000 - 0x00007ff9826b3000 	C:\Windows\System32\KERNELBASE.dll
0x00007ff985990000 - 0x00007ff985a33000 	C:\Windows\System32\ADVAPI32.dll
0x00007ff982ca0000 - 0x00007ff982d3e000 	C:\Windows\System32\msvcrt.dll
0x00007ff985310000 - 0x00007ff9853ae000 	C:\Windows\System32\sechost.dll
0x00007ff9834b0000 - 0x00007ff9835d2000 	C:\Windows\System32\RPCRT4.dll
0x00007ff982fe0000 - 0x00007ff983177000 	C:\Windows\System32\USER32.dll
0x00007ff982400000 - 0x00007ff982420000 	C:\Windows\System32\win32u.dll
0x00007ff9831e0000 - 0x00007ff983209000 	C:\Windows\System32\GDI32.dll
0x00007ff9827a0000 - 0x00007ff982939000 	C:\Windows\System32\gdi32full.dll
0x00007ff981b40000 - 0x00007ff981be0000 	C:\Windows\System32\msvcp_win.dll
0x00007ff982940000 - 0x00007ff982a3a000 	C:\Windows\System32\ucrtbase.dll
0x00007ff9728c0000 - 0x00007ff972b39000 	C:\Windows\WinSxS\amd64_microsoft.windows.common-controls_6595b64144ccf1df_6.0.17763.615_none_05b4414a072024d4\COMCTL32.dll
0x00007ff985480000 - 0x00007ff9857ac000 	C:\Windows\System32\combase.dll
0x00007ff982a40000 - 0x00007ff982abe000 	C:\Windows\System32\bcryptPrimitives.dll
0x00007ff982f50000 - 0x00007ff982f7e000 	C:\Windows\System32\IMM32.DLL
0x0000000061320000 - 0x00000000613f2000 	C:\Program Files\Java\jre1.8.0_212\bin\msvcr100.dll
0x0000000061e70000 - 0x0000000062715000 	C:\Program Files\Java\jre1.8.0_212\bin\server\jvm.dll
0x00007ff9835e0000 - 0x00007ff9835e8000 	C:\Windows\System32\PSAPI.DLL
0x00007ff96ddd0000 - 0x00007ff96ddd9000 	C:\Windows\SYSTEM32\WSOCK32.dll
0x00007ff983210000 - 0x00007ff98327d000 	C:\Windows\System32\WS2_32.dll
0x00007ff97e2a0000 - 0x00007ff97e2c4000 	C:\Windows\SYSTEM32\WINMM.dll
0x00007ff97b3a0000 - 0x00007ff97b3aa000 	C:\Windows\SYSTEM32\VERSION.dll
0x00007ff97e270000 - 0x00007ff97e29d000 	C:\Windows\SYSTEM32\WINMMBASE.dll
0x00007ff9826c0000 - 0x00007ff98270a000 	C:\Windows\System32\cfgmgr32.dll
0x00007ff97e370000 - 0x00007ff97e37f000 	C:\Program Files\Java\jre1.8.0_212\bin\verify.dll
0x00007ff97af10000 - 0x00007ff97af39000 	C:\Program Files\Java\jre1.8.0_212\bin\java.dll
0x00007ff97b640000 - 0x00007ff97b656000 	C:\Program Files\Java\jre1.8.0_212\bin\zip.dll
0x00007ff9835f0000 - 0x00007ff984ae0000 	C:\Windows\System32\SHELL32.dll
0x00007ff985130000 - 0x00007ff9851d8000 	C:\Windows\System32\shcore.dll
0x00007ff981cb0000 - 0x00007ff9823fa000 	C:\Windows\System32\windows.storage.dll
0x00007ff981b10000 - 0x00007ff981b34000 	C:\Windows\System32\profapi.dll
0x00007ff981a90000 - 0x00007ff981aed000 	C:\Windows\System32\powrprof.dll
0x00007ff983180000 - 0x00007ff9831d2000 	C:\Windows\System32\shlwapi.dll
0x00007ff981af0000 - 0x00007ff981b01000 	C:\Windows\System32\kernel.appcore.dll
0x00007ff981be0000 - 0x00007ff981bf7000 	C:\Windows\System32\cryptsp.dll
0x00007ff97e320000 - 0x00007ff97e32d000 	C:\Program Files\Java\jre1.8.0_212\bin\management.dll
0x00007ff97aeb0000 - 0x00007ff97aeca000 	C:\Program Files\Java\jre1.8.0_212\bin\net.dll
0x00007ff973840000 - 0x00007ff973a17000 	C:\Windows\SYSTEM32\urlmon.dll
0x00007ff972010000 - 0x00007ff9722b8000 	C:\Windows\SYSTEM32\iertutil.dll
0x00007ff9814b0000 - 0x00007ff9814bc000 	C:\Windows\SYSTEM32\CRYPTBASE.DLL
0x00007ff9812e0000 - 0x00007ff981347000 	C:\Windows\system32\mswsock.dll
0x00007ff97ae10000 - 0x00007ff97ae22000 	C:\Program Files\Java\jre1.8.0_212\bin\nio.dll
0x00007ff973a20000 - 0x00007ff973a36000 	C:\Windows\system32\napinsp.dll
0x00007ff95f3e0000 - 0x00007ff95f3fa000 	C:\Windows\system32\pnrpnsp.dll
0x00007ff981080000 - 0x00007ff981146000 	C:\Windows\SYSTEM32\DNSAPI.dll
0x00007ff982dc0000 - 0x00007ff982dc8000 	C:\Windows\System32\NSI.dll
0x00007ff981040000 - 0x00007ff98107d000 	C:\Windows\SYSTEM32\IPHLPAPI.DLL
0x00007ff95f3d0000 - 0x00007ff95f3de000 	C:\Windows\System32\winrnr.dll
0x00007ff97e2d0000 - 0x00007ff97e2eb000 	C:\Windows\system32\NLAapi.dll
0x00007ff97b380000 - 0x00007ff97b395000 	C:\Windows\system32\wshbth.dll
0x00007ff970370000 - 0x00007ff97037a000 	C:\Windows\System32\rasadhlp.dll
0x00007ff970840000 - 0x00007ff9708b9000 	C:\Windows\System32\fwpuclnt.dll
0x00007ff982770000 - 0x00007ff982796000 	C:\Windows\System32\bcrypt.dll
0x00007ff980ea0000 - 0x00007ff980ed3000 	C:\Windows\system32\rsaenh.dll
0x00007ff9819a0000 - 0x00007ff9819c8000 	C:\Windows\SYSTEM32\USERENV.dll
0x00007ff97fa20000 - 0x00007ff97fa36000 	C:\Windows\SYSTEM32\dhcpcsvc6.DLL
0x00007ff97fa00000 - 0x00007ff97fa1c000 	C:\Windows\SYSTEM32\dhcpcsvc.DLL
0x000000006ec40000 - 0x000000006ec55000 	C:\Users\Simone\Documents\GitHub\OOPeCalc\SpringBootProject\src\main\java\it\project\SpringBootProject\Service\NativeStats.dll
0x000000006fc40000 - 0x000000006fda3000 	C:\mingw-64\mingw64\bin\libstdc++-6.dll
0x0000000061440000 - 0x000000006145a000 	C:\mingw-64\mingw64\bin\libgcc_s_seh-1.dll
0x0000000064940000 - 0x0000000064955000 	C:\mingw-64\mingw64\bin\libwinpthread-1.dll
0x00007ff980450000 - 0x00007ff98063d000 	C:\Windows\SYSTEM32\dbghelp.dll

VM Arguments:
jvm_args: -Dcom.sun.management.jmxremote -Dcom.sun.management.jmxremote.port=63867 -Dcom.sun.management.jmxremote.authenticate=false -Dcom.sun.management.jmxremote.ssl=false -Djava.rmi.server.hostname=localhost -Dspring.jmx.enabled=true -Dspring.application.admin.enabled=true -Djava.library.path=C:\Users\Simone\Documents\GitHub\OOPeCalc\SpringBootProject\src\main\java\it\project\SpringBootProject\Service -Xverify:none -XX:TieredStopAtLevel=1 -Dfile.encoding=UTF-8 
java_command: it.project.SpringBootProject.SpringBootProjectApplication
java_class_path (initial): C:\Users\Simone\Documents\GitHub\OOPeCalc\SpringBootProject\target\classes;C:\Users\Simone\Documents\GitHub\OOPeCalc\json-simple-1.1.1.jar;C:\Users\Simone\Documents\GitHub\OOPeCalc\opencsv-2.2.jar;C:\Users\Simone\.m2\repository\org\springframework\boot\spring-boot-starter-web\2.1.6.RELEASE\spring-boot-starter-web-2.1.6.RELEASE.jar;C:\Users\Simone\.m2\repository\org\springframework\boot\spring-boot-starter\2.1.6.RELEASE\spring-boot-starter-2.1.6.RELEASE.jar;C:\Users\Simone\.m2\repository\org\springframework\boot\spring-boot-starter-logging\2.1.6.RELEASE\spring-boot-starter-logging-2.1.6.RELEASE.jar;C:\Users\Simone\.m2\repository\ch\qos\logback\logback-classic\1.2.3\logback-classic-1.2.3.jar;C:\Users\Simone\.m2\repository\ch\qos\logback\logback-core\1.2.3\logback-core-1.2.3.jar;C:\Users\Simone\.m2\repository\org\apache\logging\log4j\log4j-to-slf4j\2.11.2\log4j-to-slf4j-2.11.2.jar;C:\Users\Simone\.m2\repository\org\apache\logging\log4j\log4j-api\2.11.2\log4j-api-2.11.2.jar;C:\Users\Simone\.m2\repository\org\slf4j\jul-to-slf4j\1.7.26\jul-to-slf4j-1.7.26.jar;C:\Users\Simone\.m2\repository\javax\annotation\javax.annotation-api\1.3.2\javax.annotation-api-1.3.2.jar;C:\Users\Simone\.m2\repository\org\yaml\snakeyaml\1.23\snakeyaml-1.23.jar;C:\Users\Simone\.m2\repository\org\springframework\boot\spring-boot-starter-json\2.1.6.RELEASE\spring-boot-starter-json-2.1.6.RELEASE.jar;C:\Users\Simone\.m2\repository\com\fasterxml\jackson\core\jackson-databind\2.9.9\jackson-databind-2.9.9.jar;C:\Users\Simone\.m2\repository\com\fasterxml\jackson\core\jackson-annotations\2.9.0\jackson-annotations-2.9.0.jar;C:\Users\Simone\.m2\repository\com\fasterxml\jackson\core\jackson-core\2.9.9\jackson-core-2.9.9.jar;C:\Users\Simone\.m2\repository\com\fasterxml\jackson\datatype\jackson-datatype-jdk8\2.9.9\jackson-datatype-jdk8-2.9.9.jar;C:\Users\Simone\.m2\repository\com\fasterxml\jackson\datatype\jackson-datatype-jsr310\2.9.9\jackson-datatype-jsr310-2.9.9.jar;C:\Users\Simo
Launcher Type: SUN_STANDARD

Environment Variables:
PATH=C:/Program Files/Java/jre1.8.0_212/bin/server;C:/Program Files/Java/jre1.8.0_212/bin;C:/Program Files/Java/jre1.8.0_212/lib/amd64;C:\Program Files\NVIDIA GPU Computing Toolkit\CUDA\v10.1\bin;C:\Program Files\NVIDIA GPU Computing Toolkit\CUDA\v10.1\libnvvp;C:\Program Files (x86)\Common Files\Oracle\Java\javapath;C:\Windows\system32;C:\Windows;C:\Windows\System32\Wbem;C:\Windows\System32\WindowsPowerShell\v1.0\;C:\Windows\System32\OpenSSH\;C:\Program Files\dotnet\;C:\Program Files\Microsoft SQL Server\130\Tools\Binn\;C:\Program Files\Git\cmd;C:\Program Files\NVIDIA Corporation\Nsight Compute 2019.1\;C:\Program Files (x86)\NVIDIA Corporation\PhysX\Common;C:\Program Files\NVIDIA Corporation\NVIDIA NvDLISR;C:\Program Files (x86)\Android\android-sdk\platform-tools;C:\Program Files\PuTTY\;C:\Windows;C:\Windows\System32;C:\xampp\php;C:\ZendFramework-1.12.3\bin;C:\ZendFramework-1.12.3\bin\zf.bat;C:\apache-maven-3.6.1\bin;C:\Program Files\Java\jdk1.8.0_212\bin;C:\MinGW\bin;C:\Program Files (x86)\mingw-w64\i686-8.1.0-posix-dwarf-rt_v6-rev0;C:\mingw-64\mingw64\bin;C:\Users\Simone\Desktop\Uni\Programmazione ad Oggetti\Progetti Eclipse\JNItest\src;C:\mingw-64\mingw64\lib\gcc\x86_64-w64-mingw32\8.1.0\include\c++;C:\Program Files (x86)\Microsoft Visual Studio\2017\Community\VC\Tools\MSVC\14.16.27023\bin\Hostx64\x64;C:\Users\Simone\AppData\Local\Microsoft\WindowsApps;C:\Users\Simone\AppData\Local\GitHubDesktop\bin;C:\Users\Simone\AppData\Local\atom\bin;C:\Windows\System32;C:\Windows;C:\Users\Simone\Desktop\Uni\Programmazione ad Oggetti\Progetti Eclipse\JNIexample;C:\mingw-64\mingw64\lib\gcc\x86_64-w64-mingw32\8.1.0\include\c++;;C:\Users\Simone\Desktop;
USERNAME=Simone
OS=Windows_NT
PROCESSOR_IDENTIFIER=Intel64 Family 6 Model 142 Stepping 10, GenuineIntel



---------------  S Y S T E M  ---------------

OS: Windows 10.0 , 64 bit Build 17763 (10.0.17763.475)

CPU:total 8 (initial active 8) (4 cores per cpu, 2 threads per core) family 6 model 142 stepping 10, cmov, cx8, fxsr, mmx, sse, sse2, sse3, ssse3, sse4.1, sse4.2, popcnt, avx, avx2, aes, clmul, erms, 3dnowpref, lzcnt, ht, tsc, tscinvbit, bmi1, bmi2, adx

Memory: 4k page, physical 12466404k(6489216k free), swap 16585576k(7067740k free)

vm_info: Java HotSpot(TM) 64-Bit Server VM (25.212-b10) for windows-amd64 JRE (1.8.0_212-b10), built on Apr  1 2019 22:50:23 by "java_re" with MS VC++ 10.0 (VS2010)

time: Thu Jul 18 12:24:25 2019
timezone: ora legale Europa occidentale
elapsed time: 19 seconds (0d 0h 0m 19s)

