#
# A fatal error has been detected by the Java Runtime Environment:
#
#  Internal Error (0x20474343), pid=13876, tid=0x0000000000001728
#
# JRE version: Java(TM) SE Runtime Environment (8.0_212-b10) (build 1.8.0_212-b10)
# Java VM: Java HotSpot(TM) 64-Bit Server VM (25.212-b10 mixed mode windows-amd64 compressed oops)
# Problematic frame:
# C  [KERNELBASE.dll+0x39129]
#
# Failed to write core dump. Minidumps are not enabled by default on client versions of Windows
#
# If you would like to submit a bug report, please visit:
#   http://bugreport.java.com/bugreport/crash.jsp
# The crash happened outside the Java Virtual Machine in native code.
# See problematic frame for where to report the bug.
#

---------------  T H R E A D  ---------------

Current thread (0x000000001f404000):  JavaThread "http-nio-8080-exec-2" daemon [_thread_in_native, id=5928, stack(0x0000000020f10000,0x0000000021010000)]

siginfo: ExceptionCode=0x20474343, ExceptionInformation=0x000000001e457700 

Registers:
RAX=0x00000000012f1b10, RBX=0x000000001e457700, RCX=0x000000002100c3f0, RDX=0x0000000000000000
RSP=0x000000002100c950, RBP=0x000000002100cd20, RSI=0x000000006fcb3480, RDI=0x000000001e457740
R8 =0x0000000000000000, R9 =0x00000000012f2fa0, R10=0x0000000000000000, R11=0x0000000000000000
R12=0x000000002100cda0, R13=0x000000001fd53780, R14=0x000000002100cf10, R15=0x000000001f404000
RIP=0x00007ff982459129, EFLAGS=0x0000000000000202

Top of Stack: (sp=0x000000002100c950)
0x000000002100c950:   0000000000000000 000000001e457700
0x000000002100c960:   000000006fcb3480 000000001e457740
0x000000002100c970:   0000000020474343 0000000000000000
0x000000002100c980:   00007ff982459129 0000000000000001
0x000000002100c990:   000000001e457700 0000000064945138
0x000000002100c9a0:   000000001f404000 000000002100cf10
0x000000002100c9b0:   000000001fd53780 000000002100cda0
0x000000002100c9c0:   0000000000000018 0000000000000008
0x000000002100c9d0:   0000000000000010 00007ff982cb9db0
0x000000002100c9e0:   0000000000000000 0000000000000018
0x000000002100c9f0:   000000001fd53780 0000000021000000
0x000000002100ca00:   000000006fd0b500 000000006144df1a
0x000000002100ca10:   0000c54d519cea91 0000000000000008
0x000000002100ca20:   0000000000000000 000000006144d5c6
0x000000002100ca30:   000000001e457740 000000006fcb3480
0x000000002100ca40:   000000006fd18810 000000002100cd20 

Instructions: (pc=0x00007ff982459129)
0x00007ff982459109:   8b d1 44 0f 47 c0 44 89 44 24 38 49 c1 e0 03 e8
0x00007ff982459119:   2a 1d 05 00 48 8d 4c 24 20 48 ff 15 ef 21 16 00
0x00007ff982459129:   0f 1f 44 00 00 48 8b 8c 24 c0 00 00 00 48 33 cc
0x00007ff982459139:   e8 12 e7 04 00 48 81 c4 d8 00 00 00 c3 83 64 24 


Register to memory mapping:

RAX=0x00000000012f1b10 is an unknown value
RBX=0x000000001e457700 is an unknown value
RCX=0x000000002100c3f0 is pointing into the stack for thread: 0x000000001f404000
RDX=0x0000000000000000 is an unknown value
RSP=0x000000002100c950 is pointing into the stack for thread: 0x000000001f404000
RBP=0x000000002100cd20 is pointing into the stack for thread: 0x000000001f404000
RSI=0x000000006fcb3480 is an unknown value
RDI=0x000000001e457740 is an unknown value
R8 =0x0000000000000000 is an unknown value
R9 =0x00000000012f2fa0 is an unknown value
R10=0x0000000000000000 is an unknown value
R11=0x0000000000000000 is an unknown value
R12=0x000000002100cda0 is pointing into the stack for thread: 0x000000001f404000
R13=0x000000001fd53780 is pointing into metadata
R14=0x000000002100cf10 is pointing into the stack for thread: 0x000000001f404000
R15=0x000000001f404000 is a thread


Stack: [0x0000000020f10000,0x0000000021010000],  sp=0x000000002100c950,  free space=1010k
Native frames: (J=compiled Java code, j=interpreted, Vv=VM code, C=native code)
C  [KERNELBASE.dll+0x39129]
C  [libgcc_s_seh-1.dll+0xd5c6]
C  [libstdc++-6.dll+0xc5e05]
C  [libstdc++-6.dll+0xba5ed]
C  [NativeStats.dll+0x3f16]
C  [NativeStats.dll+0x4160]
C  [NativeStats.dll+0x183a]
C  0x0000000002ef8c67

Java frames: (J=compiled Java code, j=interpreted, Vv=VM code)
j  it.project.SpringBootProject.Service.NativeStats.nativeString([Ljava/lang/String;I)V+0
j  it.project.SpringBootProject.Service.ReportServiceImpl.reportStatsStrJni(Ljava/lang/String;)Ljava/util/List;+168
j  it.project.SpringBootProject.Controller.ReportController.reportStatsStrJni(Ljava/lang/String;)Lorg/springframework/http/ResponseEntity;+9
v  ~StubRoutines::call_stub
J 1989  sun.reflect.NativeMethodAccessorImpl.invoke0(Ljava/lang/reflect/Method;Ljava/lang/Object;[Ljava/lang/Object;)Ljava/lang/Object; (0 bytes) @ 0x000000000334b77f [0x000000000334b700+0x7f]
J 1988 C1 sun.reflect.NativeMethodAccessorImpl.invoke(Ljava/lang/Object;[Ljava/lang/Object;)Ljava/lang/Object; (104 bytes) @ 0x0000000003352564 [0x00000000033521a0+0x3c4]
J 1428 C1 sun.reflect.DelegatingMethodAccessorImpl.invoke(Ljava/lang/Object;[Ljava/lang/Object;)Ljava/lang/Object; (10 bytes) @ 0x0000000003209224 [0x00000000032091e0+0x44]
J 1427 C1 java.lang.reflect.Method.invoke(Ljava/lang/Object;[Ljava/lang/Object;)Ljava/lang/Object; (62 bytes) @ 0x0000000003205e64 [0x0000000003205d60+0x104]
j  org.springframework.web.method.support.InvocableHandlerMethod.doInvoke([Ljava/lang/Object;)Ljava/lang/Object;+16
j  org.springframework.web.method.support.InvocableHandlerMethod.invokeForRequest(Lorg/springframework/web/context/request/NativeWebRequest;Lorg/springframework/web/method/support/ModelAndViewContainer;[Ljava/lang/Object;)Ljava/lang/Object;+56
j  org.springframework.web.servlet.mvc.method.annotation.ServletInvocableHandlerMethod.invokeAndHandle(Lorg/springframework/web/context/request/ServletWebRequest;Lorg/springframework/web/method/support/ModelAndViewContainer;[Ljava/lang/Object;)V+4
j  org.springframework.web.servlet.mvc.method.annotation.RequestMappingHandlerAdapter.invokeHandlerMethod(Ljavax/servlet/http/HttpServletRequest;Ljavax/servlet/http/HttpServletResponse;Lorg/springframework/web/method/HandlerMethod;)Lorg/springframework/web/servlet/ModelAndView;+244
j  org.springframework.web.servlet.mvc.method.annotation.RequestMappingHandlerAdapter.handleInternal(Ljavax/servlet/http/HttpServletRequest;Ljavax/servlet/http/HttpServletResponse;Lorg/springframework/web/method/HandlerMethod;)Lorg/springframework/web/servlet/ModelAndView;+81
j  org.springframework.web.servlet.mvc.method.AbstractHandlerMethodAdapter.handle(Ljavax/servlet/http/HttpServletRequest;Ljavax/servlet/http/HttpServletResponse;Ljava/lang/Object;)Lorg/springframework/web/servlet/ModelAndView;+7
j  org.springframework.web.servlet.DispatcherServlet.doDispatch(Ljavax/servlet/http/HttpServletRequest;Ljavax/servlet/http/HttpServletResponse;)V+257
j  org.springframework.web.servlet.DispatcherServlet.doService(Ljavax/servlet/http/HttpServletRequest;Ljavax/servlet/http/HttpServletResponse;)V+212
j  org.springframework.web.servlet.FrameworkServlet.processRequest(Ljavax/servlet/http/HttpServletRequest;Ljavax/servlet/http/HttpServletResponse;)V+71
j  org.springframework.web.servlet.FrameworkServlet.doGet(Ljavax/servlet/http/HttpServletRequest;Ljavax/servlet/http/HttpServletResponse;)V+3
j  javax.servlet.http.HttpServlet.service(Ljavax/servlet/http/HttpServletRequest;Ljavax/servlet/http/HttpServletResponse;)V+35
j  org.springframework.web.servlet.FrameworkServlet.service(Ljavax/servlet/http/HttpServletRequest;Ljavax/servlet/http/HttpServletResponse;)V+33
j  javax.servlet.http.HttpServlet.service(Ljavax/servlet/ServletRequest;Ljavax/servlet/ServletResponse;)V+36
j  org.apache.catalina.core.ApplicationFilterChain.internalDoFilter(Ljavax/servlet/ServletRequest;Ljavax/servlet/ServletResponse;)V+304
j  org.apache.catalina.core.ApplicationFilterChain.doFilter(Ljavax/servlet/ServletRequest;Ljavax/servlet/ServletResponse;)V+101
j  org.apache.tomcat.websocket.server.WsFilter.doFilter(Ljavax/servlet/ServletRequest;Ljavax/servlet/ServletResponse;Ljavax/servlet/FilterChain;)V+21
j  org.apache.catalina.core.ApplicationFilterChain.internalDoFilter(Ljavax/servlet/ServletRequest;Ljavax/servlet/ServletResponse;)V+135
j  org.apache.catalina.core.ApplicationFilterChain.doFilter(Ljavax/servlet/ServletRequest;Ljavax/servlet/ServletResponse;)V+101
j  org.springframework.web.filter.RequestContextFilter.doFilterInternal(Ljavax/servlet/http/HttpServletRequest;Ljavax/servlet/http/HttpServletResponse;Ljavax/servlet/FilterChain;)V+21
j  org.springframework.web.filter.OncePerRequestFilter.doFilter(Ljavax/servlet/ServletRequest;Ljavax/servlet/ServletResponse;Ljavax/servlet/FilterChain;)V+120
j  org.apache.catalina.core.ApplicationFilterChain.internalDoFilter(Ljavax/servlet/ServletRequest;Ljavax/servlet/ServletResponse;)V+135
j  org.apache.catalina.core.ApplicationFilterChain.doFilter(Ljavax/servlet/ServletRequest;Ljavax/servlet/ServletResponse;)V+101
j  org.springframework.web.filter.FormContentFilter.doFilterInternal(Ljavax/servlet/http/HttpServletRequest;Ljavax/servlet/http/HttpServletResponse;Ljavax/servlet/FilterChain;)V+38
j  org.springframework.web.filter.OncePerRequestFilter.doFilter(Ljavax/servlet/ServletRequest;Ljavax/servlet/ServletResponse;Ljavax/servlet/FilterChain;)V+120
j  org.apache.catalina.core.ApplicationFilterChain.internalDoFilter(Ljavax/servlet/ServletRequest;Ljavax/servlet/ServletResponse;)V+135
j  org.apache.catalina.core.ApplicationFilterChain.doFilter(Ljavax/servlet/ServletRequest;Ljavax/servlet/ServletResponse;)V+101
j  org.springframework.web.filter.HiddenHttpMethodFilter.doFilterInternal(Ljavax/servlet/http/HttpServletRequest;Ljavax/servlet/http/HttpServletResponse;Ljavax/servlet/FilterChain;)V+87
j  org.springframework.web.filter.OncePerRequestFilter.doFilter(Ljavax/servlet/ServletRequest;Ljavax/servlet/ServletResponse;Ljavax/servlet/FilterChain;)V+120
j  org.apache.catalina.core.ApplicationFilterChain.internalDoFilter(Ljavax/servlet/ServletRequest;Ljavax/servlet/ServletResponse;)V+135
j  org.apache.catalina.core.ApplicationFilterChain.doFilter(Ljavax/servlet/ServletRequest;Ljavax/servlet/ServletResponse;)V+101
j  org.springframework.web.filter.CharacterEncodingFilter.doFilterInternal(Ljavax/servlet/http/HttpServletRequest;Ljavax/servlet/http/HttpServletResponse;Ljavax/servlet/FilterChain;)V+53
j  org.springframework.web.filter.OncePerRequestFilter.doFilter(Ljavax/servlet/ServletRequest;Ljavax/servlet/ServletResponse;Ljavax/servlet/FilterChain;)V+120
j  org.apache.catalina.core.ApplicationFilterChain.internalDoFilter(Ljavax/servlet/ServletRequest;Ljavax/servlet/ServletResponse;)V+135
j  org.apache.catalina.core.ApplicationFilterChain.doFilter(Ljavax/servlet/ServletRequest;Ljavax/servlet/ServletResponse;)V+101
j  org.apache.catalina.core.StandardWrapperValve.invoke(Lorg/apache/catalina/connector/Request;Lorg/apache/catalina/connector/Response;)V+694
j  org.apache.catalina.core.StandardContextValve.invoke(Lorg/apache/catalina/connector/Request;Lorg/apache/catalina/connector/Response;)V+166
j  org.apache.catalina.authenticator.AuthenticatorBase.invoke(Lorg/apache/catalina/connector/Request;Lorg/apache/catalina/connector/Response;)V+260
j  org.apache.catalina.core.StandardHostValve.invoke(Lorg/apache/catalina/connector/Request;Lorg/apache/catalina/connector/Response;)V+114
j  org.apache.catalina.valves.ErrorReportValve.invoke(Lorg/apache/catalina/connector/Request;Lorg/apache/catalina/connector/Response;)V+6
j  org.apache.catalina.core.StandardEngineValve.invoke(Lorg/apache/catalina/connector/Request;Lorg/apache/catalina/connector/Response;)V+45
j  org.apache.catalina.connector.CoyoteAdapter.service(Lorg/apache/coyote/Request;Lorg/apache/coyote/Response;)V+199
j  org.apache.coyote.http11.Http11Processor.service(Lorg/apache/tomcat/util/net/SocketWrapperBase;)Lorg/apache/tomcat/util/net/AbstractEndpoint$Handler$SocketState;+791
j  org.apache.coyote.AbstractProcessorLight.process(Lorg/apache/tomcat/util/net/SocketWrapperBase;Lorg/apache/tomcat/util/net/SocketEvent;)Lorg/apache/tomcat/util/net/AbstractEndpoint$Handler$SocketState;+113
j  org.apache.coyote.AbstractProtocol$ConnectionHandler.process(Lorg/apache/tomcat/util/net/SocketWrapperBase;Lorg/apache/tomcat/util/net/SocketEvent;)Lorg/apache/tomcat/util/net/AbstractEndpoint$Handler$SocketState;+422
j  org.apache.tomcat.util.net.NioEndpoint$SocketProcessor.doRun()V+221
j  org.apache.tomcat.util.net.SocketProcessorBase.run()V+21
j  java.util.concurrent.ThreadPoolExecutor.runWorker(Ljava/util/concurrent/ThreadPoolExecutor$Worker;)V+95
j  java.util.concurrent.ThreadPoolExecutor$Worker.run()V+5
j  org.apache.tomcat.util.threads.TaskThread$WrappingRunnable.run()V+4
j  java.lang.Thread.run()V+11
v  ~StubRoutines::call_stub

---------------  P R O C E S S  ---------------

Java Threads: ( => current thread )
  0x000000001f4ff800 JavaThread "JMX server connection timeout 43" daemon [_thread_blocked, id=18276, stack(0x0000000021f10000,0x0000000022010000)]
  0x000000001f4f8000 JavaThread "RMI Scheduler(0)" daemon [_thread_blocked, id=616, stack(0x0000000021e10000,0x0000000021f10000)]
  0x000000001f4fa000 JavaThread "RMI TCP Connection(1)-127.0.0.1" daemon [_thread_in_native, id=18732, stack(0x0000000021d10000,0x0000000021e10000)]
  0x000000001f4f8800 JavaThread "DestroyJavaVM" [_thread_blocked, id=5856, stack(0x0000000002ca0000,0x0000000002da0000)]
  0x000000001f4fe800 JavaThread "http-nio-8080-Acceptor" daemon [_thread_in_native, id=15328, stack(0x0000000021910000,0x0000000021a10000)]
  0x000000001f4fe000 JavaThread "http-nio-8080-ClientPoller" daemon [_thread_in_native, id=16012, stack(0x0000000021810000,0x0000000021910000)]
  0x000000001f402800 JavaThread "http-nio-8080-exec-10" daemon [_thread_blocked, id=16468, stack(0x0000000021710000,0x0000000021810000)]
  0x000000001f3ff000 JavaThread "http-nio-8080-exec-9" daemon [_thread_blocked, id=588, stack(0x0000000021610000,0x0000000021710000)]
  0x000000001f3fe800 JavaThread "http-nio-8080-exec-8" daemon [_thread_blocked, id=2412, stack(0x0000000021510000,0x0000000021610000)]
  0x000000001f401800 JavaThread "http-nio-8080-exec-7" daemon [_thread_blocked, id=14548, stack(0x0000000021410000,0x0000000021510000)]
  0x000000001f3fd800 JavaThread "http-nio-8080-exec-6" daemon [_thread_blocked, id=19800, stack(0x0000000021310000,0x0000000021410000)]
  0x000000001f3fd000 JavaThread "http-nio-8080-exec-5" daemon [_thread_blocked, id=6304, stack(0x0000000021210000,0x0000000021310000)]
  0x000000001f401000 JavaThread "http-nio-8080-exec-4" daemon [_thread_blocked, id=4604, stack(0x0000000021110000,0x0000000021210000)]
  0x000000001f400000 JavaThread "http-nio-8080-exec-3" daemon [_thread_blocked, id=17180, stack(0x0000000021010000,0x0000000021110000)]
=>0x000000001f404000 JavaThread "http-nio-8080-exec-2" daemon [_thread_in_native, id=5928, stack(0x0000000020f10000,0x0000000021010000)]
  0x000000001f403000 JavaThread "http-nio-8080-exec-1" daemon [_thread_blocked, id=19100, stack(0x0000000020e10000,0x0000000020f10000)]
  0x000000001f4e6000 JavaThread "http-nio-8080-BlockPoller" daemon [_thread_in_native, id=18976, stack(0x0000000020d10000,0x0000000020e10000)]
  0x000000001f4c0800 JavaThread "Live Reload Server" daemon [_thread_in_native, id=8244, stack(0x0000000020c10000,0x0000000020d10000)]
  0x000000001f4b0000 JavaThread "File Watcher" daemon [_thread_blocked, id=12136, stack(0x0000000020a10000,0x0000000020b10000)]
  0x000000001f3f4000 JavaThread "container-0" [_thread_blocked, id=17384, stack(0x0000000020710000,0x0000000020810000)]
  0x000000001f3f3000 JavaThread "Catalina-utility-2" [_thread_blocked, id=8880, stack(0x0000000020610000,0x0000000020710000)]
  0x000000001f3c2000 JavaThread "Catalina-utility-1" [_thread_blocked, id=13112, stack(0x0000000020510000,0x0000000020610000)]
  0x000000001d409000 JavaThread "RMI TCP Accept-0" daemon [_thread_in_native, id=9016, stack(0x000000001dce0000,0x000000001dde0000)]
  0x000000001d404800 JavaThread "RMI TCP Accept-50648" daemon [_thread_in_native, id=17600, stack(0x000000001dbe0000,0x000000001dce0000)]
  0x000000001d3f1800 JavaThread "RMI TCP Accept-0" daemon [_thread_in_native, id=19880, stack(0x000000001dae0000,0x000000001dbe0000)]
  0x000000001c346000 JavaThread "Service Thread" daemon [_thread_blocked, id=1700, stack(0x000000001cea0000,0x000000001cfa0000)]
  0x000000001c2c5800 JavaThread "C1 CompilerThread3" daemon [_thread_blocked, id=2428, stack(0x000000001cda0000,0x000000001cea0000)]
  0x000000001c2b9800 JavaThread "C2 CompilerThread2" daemon [_thread_blocked, id=11184, stack(0x000000001cca0000,0x000000001cda0000)]
  0x000000001c2b2800 JavaThread "C2 CompilerThread1" daemon [_thread_blocked, id=13240, stack(0x000000001cba0000,0x000000001cca0000)]
  0x000000001c2b0000 JavaThread "C2 CompilerThread0" daemon [_thread_blocked, id=6696, stack(0x000000001caa0000,0x000000001cba0000)]
  0x000000001c2af000 JavaThread "Attach Listener" daemon [_thread_blocked, id=6236, stack(0x000000001c9a0000,0x000000001caa0000)]
  0x000000001c2ae000 JavaThread "Signal Dispatcher" daemon [_thread_blocked, id=13220, stack(0x000000001c8a0000,0x000000001c9a0000)]
  0x000000001c2a0800 JavaThread "Finalizer" daemon [_thread_blocked, id=17532, stack(0x000000001c680000,0x000000001c780000)]
  0x000000001a3ad000 JavaThread "Reference Handler" daemon [_thread_blocked, id=7188, stack(0x000000001c180000,0x000000001c280000)]

Other Threads:
  0x000000001a3a9000 VMThread [stack: 0x000000001c080000,0x000000001c180000] [id=15288]
  0x000000001d40a000 WatcherThread [stack: 0x000000001dde0000,0x000000001dee0000] [id=1368]

VM state:not at safepoint (normal execution)

VM Mutex/Monitor currently owned by a thread: None

heap address: 0x0000000701c00000, size: 3044 MB, Compressed Oops mode: Zero based, Oop shift amount: 3
Narrow klass base: 0x0000000000000000, Narrow klass shift: 3
Compressed class space size: 1073741824 Address: 0x00000007c0000000

Heap:
 PSYoungGen      total 103424K, used 37019K [0x0000000780980000, 0x000000078a100000, 0x00000007c0000000)
  eden space 95232K, 30% used [0x0000000780980000,0x00000007825ab6b8,0x0000000786680000)
  from space 8192K, 99% used [0x0000000786680000,0x0000000786e7b8b0,0x0000000786e80000)
  to   space 13824K, 0% used [0x0000000789380000,0x0000000789380000,0x000000078a100000)
 ParOldGen       total 73728K, used 9444K [0x0000000701c00000, 0x0000000706400000, 0x0000000780980000)
  object space 73728K, 12% used [0x0000000701c00000,0x00000007025391b0,0x0000000706400000)
 Metaspace       used 31335K, capacity 33050K, committed 33280K, reserved 1077248K
  class space    used 4262K, capacity 4595K, committed 4608K, reserved 1048576K

Card table byte_map: [0x00000000122a0000,0x00000000128a0000] byte_map_base: 0x000000000ea92000

Marking Bits: (ParMarkBitMap*) 0x0000000062695ce0
 Begin Bits: [0x00000000134a0000, 0x0000000016430000)
 End Bits:   [0x0000000016430000, 0x00000000193c0000)

Polling page: 0x0000000001280000

CodeCache: size=245760Kb used=6364Kb max_used=6364Kb free=239395Kb
 bounds [0x0000000002ee0000, 0x0000000003520000, 0x0000000011ee0000]
 total_blobs=3441 nmethods=3008 adapters=345
 compilation: enabled

Compilation events (10 events):
Event: 5.008 Thread 0x000000001c2c5800 3002       1       java.lang.Enum::name (5 bytes)
Event: 5.008 Thread 0x000000001c2c5800 nmethod 3002 0x0000000003515350 code [0x00000000035154a0, 0x00000000035155b0]
Event: 5.008 Thread 0x000000001c2c5800 3004       1       java.util.regex.Pattern$Node::study (21 bytes)
Event: 5.008 Thread 0x000000001c2c5800 nmethod 3004 0x0000000003515610 code [0x0000000003515780, 0x00000000035158e8]
Event: 5.011 Thread 0x000000001c2c5800 3005       1       java.util.Collections::unmodifiableList (27 bytes)
Event: 5.011 Thread 0x000000001c2c5800 nmethod 3005 0x0000000003515990 code [0x0000000003515b20, 0x0000000003515ef8]
Event: 5.021 Thread 0x000000001c2c5800 3006       1       org.springframework.core.MethodParameter::getParameterType (59 bytes)
Event: 5.022 Thread 0x000000001c2c5800 nmethod 3006 0x0000000003516110 code [0x0000000003516280, 0x00000000035164e8]
Event: 5.025 Thread 0x000000001c2c5800 3007       1       org.springframework.core.convert.TypeDescriptor::hashCode (8 bytes)
Event: 5.025 Thread 0x000000001c2c5800 nmethod 3007 0x0000000003516650 code [0x00000000035167a0, 0x00000000035168e8]

GC Heap History (10 events):
Event: 1.025 GC heap before
{Heap before GC invocations=2 (full 0):
 PSYoungGen      total 57344K, used 56405K [0x0000000780980000, 0x0000000784980000, 0x00000007c0000000)
  eden space 49152K, 100% used [0x0000000780980000,0x0000000783980000,0x0000000783980000)
  from space 8192K, 88% used [0x0000000783980000,0x00000007840954c0,0x0000000784180000)
  to   space 8192K, 0% used [0x0000000784180000,0x0000000784180000,0x0000000784980000)
 ParOldGen       total 131072K, used 16K [0x0000000701c00000, 0x0000000709c00000, 0x0000000780980000)
  object space 131072K, 0% used [0x0000000701c00000,0x0000000701c04000,0x0000000709c00000)
 Metaspace       used 19374K, capacity 19970K, committed 20224K, reserved 1067008K
  class space    used 2618K, capacity 2800K, committed 2816K, reserved 1048576K
Event: 1.033 GC heap after
Heap after GC invocations=2 (full 0):
 PSYoungGen      total 57344K, used 8163K [0x0000000780980000, 0x0000000787980000, 0x00000007c0000000)
  eden space 49152K, 0% used [0x0000000780980000,0x0000000780980000,0x0000000783980000)
  from space 8192K, 99% used [0x0000000784180000,0x0000000784978e88,0x0000000784980000)
  to   space 8192K, 0% used [0x0000000783980000,0x0000000783980000,0x0000000784180000)
 ParOldGen       total 131072K, used 1935K [0x0000000701c00000, 0x0000000709c00000, 0x0000000780980000)
  object space 131072K, 1% used [0x0000000701c00000,0x0000000701de3cc8,0x0000000709c00000)
 Metaspace       used 19374K, capacity 19970K, committed 20224K, reserved 1067008K
  class space    used 2618K, capacity 2800K, committed 2816K, reserved 1048576K
}
Event: 1.065 GC heap before
{Heap before GC invocations=3 (full 0):
 PSYoungGen      total 57344K, used 15847K [0x0000000780980000, 0x0000000787980000, 0x00000007c0000000)
  eden space 49152K, 15% used [0x0000000780980000,0x0000000781100fd8,0x0000000783980000)
  from space 8192K, 99% used [0x0000000784180000,0x0000000784978e88,0x0000000784980000)
  to   space 8192K, 0% used [0x0000000783980000,0x0000000783980000,0x0000000784180000)
 ParOldGen       total 131072K, used 1935K [0x0000000701c00000, 0x0000000709c00000, 0x0000000780980000)
  object space 131072K, 1% used [0x0000000701c00000,0x0000000701de3cc8,0x0000000709c00000)
 Metaspace       used 20701K, capacity 21280K, committed 21296K, reserved 1067008K
  class space    used 2788K, capacity 2935K, committed 2944K, reserved 1048576K
Event: 1.068 GC heap after
Heap after GC invocations=3 (full 0):
 PSYoungGen      total 57344K, used 5828K [0x0000000780980000, 0x0000000787980000, 0x00000007c0000000)
  eden space 49152K, 0% used [0x0000000780980000,0x0000000780980000,0x0000000783980000)
  from space 8192K, 71% used [0x0000000783980000,0x0000000783f31160,0x0000000784180000)
  to   space 8192K, 0% used [0x0000000787180000,0x0000000787180000,0x0000000787980000)
 ParOldGen       total 131072K, used 2007K [0x0000000701c00000, 0x0000000709c00000, 0x0000000780980000)
  object space 131072K, 1% used [0x0000000701c00000,0x0000000701df5cd8,0x0000000709c00000)
 Metaspace       used 20701K, capacity 21280K, committed 21296K, reserved 1067008K
  class space    used 2788K, capacity 2935K, committed 2944K, reserved 1048576K
}
Event: 1.068 GC heap before
{Heap before GC invocations=4 (full 1):
 PSYoungGen      total 57344K, used 5828K [0x0000000780980000, 0x0000000787980000, 0x00000007c0000000)
  eden space 49152K, 0% used [0x0000000780980000,0x0000000780980000,0x0000000783980000)
  from space 8192K, 71% used [0x0000000783980000,0x0000000783f31160,0x0000000784180000)
  to   space 8192K, 0% used [0x0000000787180000,0x0000000787180000,0x0000000787980000)
 ParOldGen       total 131072K, used 2007K [0x0000000701c00000, 0x0000000709c00000, 0x0000000780980000)
  object space 131072K, 1% used [0x0000000701c00000,0x0000000701df5cd8,0x0000000709c00000)
 Metaspace       used 20701K, capacity 21280K, committed 21296K, reserved 1067008K
  class space    used 2788K, capacity 2935K, committed 2944K, reserved 1048576K
Event: 1.093 GC heap after
Heap after GC invocations=4 (full 1):
 PSYoungGen      total 57344K, used 0K [0x0000000780980000, 0x0000000787980000, 0x00000007c0000000)
  eden space 49152K, 0% used [0x0000000780980000,0x0000000780980000,0x0000000783980000)
  from space 8192K, 0% used [0x0000000783980000,0x0000000783980000,0x0000000784180000)
  to   space 8192K, 0% used [0x0000000787180000,0x0000000787180000,0x0000000787980000)
 ParOldGen       total 73728K, used 5692K [0x0000000701c00000, 0x0000000706400000, 0x0000000780980000)
  object space 73728K, 7% used [0x0000000701c00000,0x000000070218f260,0x0000000706400000)
 Metaspace       used 20700K, capacity 21274K, committed 21296K, reserved 1067008K
  class space    used 2787K, capacity 2934K, committed 2944K, reserved 1048576K
}
Event: 1.385 GC heap before
{Heap before GC invocations=5 (full 1):
 PSYoungGen      total 57344K, used 49152K [0x0000000780980000, 0x0000000787980000, 0x00000007c0000000)
  eden space 49152K, 100% used [0x0000000780980000,0x0000000783980000,0x0000000783980000)
  from space 8192K, 0% used [0x0000000783980000,0x0000000783980000,0x0000000784180000)
  to   space 8192K, 0% used [0x0000000787180000,0x0000000787180000,0x0000000787980000)
 ParOldGen       total 73728K, used 5692K [0x0000000701c00000, 0x0000000706400000, 0x0000000780980000)
  object space 73728K, 7% used [0x0000000701c00000,0x000000070218f260,0x0000000706400000)
 Metaspace       used 22923K, capacity 23788K, committed 23936K, reserved 1069056K
  class space    used 3110K, capacity 3335K, committed 3456K, reserved 1048576K
Event: 1.388 GC heap after
Heap after GC invocations=5 (full 1):
 PSYoungGen      total 85504K, used 5084K [0x0000000780980000, 0x0000000787680000, 0x00000007c0000000)
  eden space 80384K, 0% used [0x0000000780980000,0x0000000780980000,0x0000000785800000)
  from space 5120K, 99% used [0x0000000787180000,0x00000007876772f0,0x0000000787680000)
  to   space 8192K, 0% used [0x0000000786680000,0x0000000786680000,0x0000000786e80000)
 ParOldGen       total 73728K, used 5700K [0x0000000701c00000, 0x0000000706400000, 0x0000000780980000)
  object space 73728K, 7% used [0x0000000701c00000,0x0000000702191260,0x0000000706400000)
 Metaspace       used 22923K, capacity 23788K, committed 23936K, reserved 1069056K
  class space    used 3110K, capacity 3335K, committed 3456K, reserved 1048576K
}
Event: 1.995 GC heap before
{Heap before GC invocations=6 (full 1):
 PSYoungGen      total 85504K, used 85468K [0x0000000780980000, 0x0000000787680000, 0x00000007c0000000)
  eden space 80384K, 100% used [0x0000000780980000,0x0000000785800000,0x0000000785800000)
  from space 5120K, 99% used [0x0000000787180000,0x00000007876772f0,0x0000000787680000)
  to   space 8192K, 0% used [0x0000000786680000,0x0000000786680000,0x0000000786e80000)
 ParOldGen       total 73728K, used 5700K [0x0000000701c00000, 0x0000000706400000, 0x0000000780980000)
  object space 73728K, 7% used [0x0000000701c00000,0x0000000702191260,0x0000000706400000)
 Metaspace       used 29255K, capacity 30860K, committed 30976K, reserved 1075200K
  class space    used 3956K, capacity 4268K, committed 4352K, reserved 1048576K
Event: 2.003 GC heap after
Heap after GC invocations=6 (full 1):
 PSYoungGen      total 103424K, used 8174K [0x0000000780980000, 0x000000078a100000, 0x00000007c0000000)
  eden space 95232K, 0% used [0x0000000780980000,0x0000000780980000,0x0000000786680000)
  from space 8192K, 99% used [0x0000000786680000,0x0000000786e7b8b0,0x0000000786e80000)
  to   space 13824K, 0% used [0x0000000789380000,0x0000000789380000,0x000000078a100000)
 ParOldGen       total 73728K, used 9444K [0x0000000701c00000, 0x0000000706400000, 0x0000000780980000)
  object space 73728K, 12% used [0x0000000701c00000,0x00000007025391b0,0x0000000706400000)
 Metaspace       used 29255K, capacity 30860K, committed 30976K, reserved 1075200K
  class space    used 3956K, capacity 4268K, committed 4352K, reserved 1048576K
}

Deoptimization events (0 events):
No events

Classes redefined (0 events):
No events

Internal exceptions (10 events):
Event: 3.971 Thread 0x000000001f4fa000 Exception <a 'java/lang/ClassNotFoundException': org/springframework/context/support/LiveBeansView> (0x0000000781e06658) thrown at [C:\re\workspace\8-2-build-windows-amd64-cygwin\jdk8u212\12974\hotspot\src\share\vm\classfile\systemDictionary.cpp, line 210
Event: 3.971 Thread 0x000000001f4fa000 Exception <a 'java/lang/ClassNotFoundException': org/springframework/boot/actuate/endpoint/jmx/EndpointMBean> (0x0000000781e13278) thrown at [C:\re\workspace\8-2-build-windows-amd64-cygwin\jdk8u212\12974\hotspot\src\share\vm\classfile\systemDictionary.cpp
Event: 3.971 Thread 0x000000001f4fa000 Exception <a 'java/lang/ClassNotFoundException': org/springframework/boot/actuate/endpoint/jmx/DataEndpointMBean> (0x0000000781e137d8) thrown at [C:\re\workspace\8-2-build-windows-amd64-cygwin\jdk8u212\12974\hotspot\src\share\vm\classfile\systemDictionary
Event: 3.971 Thread 0x000000001f4fa000 Exception <a 'java/lang/ClassNotFoundException': org/springframework/context/support/LiveBeansView> (0x0000000781e13d20) thrown at [C:\re\workspace\8-2-build-windows-amd64-cygwin\jdk8u212\12974\hotspot\src\share\vm\classfile\systemDictionary.cpp, line 210
Event: 3.972 Thread 0x000000001f4fa000 Exception <a 'java/lang/ClassNotFoundException': org/springframework/boot/actuate/endpoint/jmx/EndpointMBean> (0x0000000781e5ef40) thrown at [C:\re\workspace\8-2-build-windows-amd64-cygwin\jdk8u212\12974\hotspot\src\share\vm\classfile\systemDictionary.cpp
Event: 3.972 Thread 0x000000001f4fa000 Exception <a 'java/lang/ClassNotFoundException': org/springframework/boot/actuate/endpoint/jmx/DataEndpointMBean> (0x0000000781e5f4a0) thrown at [C:\re\workspace\8-2-build-windows-amd64-cygwin\jdk8u212\12974\hotspot\src\share\vm\classfile\systemDictionary
Event: 3.972 Thread 0x000000001f4fa000 Exception <a 'java/lang/ClassNotFoundException': org/springframework/context/support/LiveBeansView> (0x0000000781e5f9e8) thrown at [C:\re\workspace\8-2-build-windows-amd64-cygwin\jdk8u212\12974\hotspot\src\share\vm\classfile\systemDictionary.cpp, line 210
Event: 3.972 Thread 0x000000001f4fa000 Exception <a 'java/lang/ClassNotFoundException': org/springframework/boot/actuate/endpoint/jmx/EndpointMBean> (0x0000000781e5fd18) thrown at [C:\re\workspace\8-2-build-windows-amd64-cygwin\jdk8u212\12974\hotspot\src\share\vm\classfile\systemDictionary.cpp
Event: 3.972 Thread 0x000000001f4fa000 Exception <a 'java/lang/ClassNotFoundException': org/springframework/boot/actuate/endpoint/jmx/DataEndpointMBean> (0x0000000781e60238) thrown at [C:\re\workspace\8-2-build-windows-amd64-cygwin\jdk8u212\12974\hotspot\src\share\vm\classfile\systemDictionary
Event: 3.972 Thread 0x000000001f4fa000 Exception <a 'java/lang/ClassNotFoundException': org/springframework/context/support/LiveBeansView> (0x0000000781e60740) thrown at [C:\re\workspace\8-2-build-windows-amd64-cygwin\jdk8u212\12974\hotspot\src\share\vm\classfile\systemDictionary.cpp, line 210

Events (10 events):
Event: 5.027 loading class java/time/zone/ZoneOffsetTransitionRule
Event: 5.028 loading class java/time/zone/ZoneOffsetTransitionRule done
Event: 5.028 loading class java/time/format/DateTimeFormatterBuilder$ZoneTextPrinterParser
Event: 5.028 loading class java/time/format/DateTimeFormatterBuilder$ZoneTextPrinterParser done
Event: 5.028 loading class java/time/temporal/TemporalQueries
Event: 5.028 loading class java/time/temporal/TemporalQueries done
Event: 5.030 loading class java/time/format/DateTimeFormatterBuilder$ReducedPrinterParser
Event: 5.030 loading class java/time/format/DateTimeFormatterBuilder$ReducedPrinterParser done
Event: 5.031 loading class org/springframework/util/CollectionUtils$MultiValueMapAdapter
Event: 5.031 loading class org/springframework/util/CollectionUtils$MultiValueMapAdapter done


Dynamic libraries:
0x00007ff681b50000 - 0x00007ff681b87000 	C:\Program Files\Java\jre1.8.0_212\bin\javaw.exe
0x00007ff985a70000 - 0x00007ff985c5d000 	C:\Windows\SYSTEM32\ntdll.dll
0x00007ff97e380000 - 0x00007ff97e392000 	C:\Program Files\AVAST Software\Avast\aswhook.dll
0x00007ff9853c0000 - 0x00007ff985473000 	C:\Windows\System32\KERNEL32.DLL
0x00007ff982420000 - 0x00007ff9826b3000 	C:\Windows\System32\KERNELBASE.dll
0x00007ff985990000 - 0x00007ff985a33000 	C:\Windows\System32\ADVAPI32.dll
0x00007ff982ca0000 - 0x00007ff982d3e000 	C:\Windows\System32\msvcrt.dll
0x00007ff985310000 - 0x00007ff9853ae000 	C:\Windows\System32\sechost.dll
0x00007ff9834b0000 - 0x00007ff9835d2000 	C:\Windows\System32\RPCRT4.dll
0x00007ff982fe0000 - 0x00007ff983177000 	C:\Windows\System32\USER32.dll
0x00007ff982400000 - 0x00007ff982420000 	C:\Windows\System32\win32u.dll
0x00007ff9831e0000 - 0x00007ff983209000 	C:\Windows\System32\GDI32.dll
0x00007ff9827a0000 - 0x00007ff982939000 	C:\Windows\System32\gdi32full.dll
0x00007ff981b40000 - 0x00007ff981be0000 	C:\Windows\System32\msvcp_win.dll
0x00007ff982940000 - 0x00007ff982a3a000 	C:\Windows\System32\ucrtbase.dll
0x00007ff9728c0000 - 0x00007ff972b39000 	C:\Windows\WinSxS\amd64_microsoft.windows.common-controls_6595b64144ccf1df_6.0.17763.615_none_05b4414a072024d4\COMCTL32.dll
0x00007ff985480000 - 0x00007ff9857ac000 	C:\Windows\System32\combase.dll
0x00007ff982a40000 - 0x00007ff982abe000 	C:\Windows\System32\bcryptPrimitives.dll
0x00007ff982f50000 - 0x00007ff982f7e000 	C:\Windows\System32\IMM32.DLL
0x0000000061320000 - 0x00000000613f2000 	C:\Program Files\Java\jre1.8.0_212\bin\msvcr100.dll
0x0000000061e70000 - 0x0000000062715000 	C:\Program Files\Java\jre1.8.0_212\bin\server\jvm.dll
0x00007ff9835e0000 - 0x00007ff9835e8000 	C:\Windows\System32\PSAPI.DLL
0x00007ff96ddd0000 - 0x00007ff96ddd9000 	C:\Windows\SYSTEM32\WSOCK32.dll
0x00007ff983210000 - 0x00007ff98327d000 	C:\Windows\System32\WS2_32.dll
0x00007ff97e2a0000 - 0x00007ff97e2c4000 	C:\Windows\SYSTEM32\WINMM.dll
0x00007ff97b3a0000 - 0x00007ff97b3aa000 	C:\Windows\SYSTEM32\VERSION.dll
0x00007ff97e270000 - 0x00007ff97e29d000 	C:\Windows\SYSTEM32\WINMMBASE.dll
0x00007ff9826c0000 - 0x00007ff98270a000 	C:\Windows\System32\cfgmgr32.dll
0x00007ff97e370000 - 0x00007ff97e37f000 	C:\Program Files\Java\jre1.8.0_212\bin\verify.dll
0x00007ff97af10000 - 0x00007ff97af39000 	C:\Program Files\Java\jre1.8.0_212\bin\java.dll
0x00007ff97b640000 - 0x00007ff97b656000 	C:\Program Files\Java\jre1.8.0_212\bin\zip.dll
0x00007ff9835f0000 - 0x00007ff984ae0000 	C:\Windows\System32\SHELL32.dll
0x00007ff985130000 - 0x00007ff9851d8000 	C:\Windows\System32\shcore.dll
0x00007ff981cb0000 - 0x00007ff9823fa000 	C:\Windows\System32\windows.storage.dll
0x00007ff981b10000 - 0x00007ff981b34000 	C:\Windows\System32\profapi.dll
0x00007ff981a90000 - 0x00007ff981aed000 	C:\Windows\System32\powrprof.dll
0x00007ff983180000 - 0x00007ff9831d2000 	C:\Windows\System32\shlwapi.dll
0x00007ff981af0000 - 0x00007ff981b01000 	C:\Windows\System32\kernel.appcore.dll
0x00007ff981be0000 - 0x00007ff981bf7000 	C:\Windows\System32\cryptsp.dll
0x00007ff97e320000 - 0x00007ff97e32d000 	C:\Program Files\Java\jre1.8.0_212\bin\management.dll
0x00007ff97aeb0000 - 0x00007ff97aeca000 	C:\Program Files\Java\jre1.8.0_212\bin\net.dll
0x00007ff973840000 - 0x00007ff973a17000 	C:\Windows\SYSTEM32\urlmon.dll
0x00007ff972010000 - 0x00007ff9722b8000 	C:\Windows\SYSTEM32\iertutil.dll
0x00007ff9814b0000 - 0x00007ff9814bc000 	C:\Windows\SYSTEM32\CRYPTBASE.DLL
0x00007ff9812e0000 - 0x00007ff981347000 	C:\Windows\system32\mswsock.dll
0x00007ff97ae10000 - 0x00007ff97ae22000 	C:\Program Files\Java\jre1.8.0_212\bin\nio.dll
0x00007ff973a20000 - 0x00007ff973a36000 	C:\Windows\system32\napinsp.dll
0x00007ff95f3e0000 - 0x00007ff95f3fa000 	C:\Windows\system32\pnrpnsp.dll
0x00007ff981080000 - 0x00007ff981146000 	C:\Windows\SYSTEM32\DNSAPI.dll
0x00007ff982dc0000 - 0x00007ff982dc8000 	C:\Windows\System32\NSI.dll
0x00007ff981040000 - 0x00007ff98107d000 	C:\Windows\SYSTEM32\IPHLPAPI.DLL
0x00007ff95f3d0000 - 0x00007ff95f3de000 	C:\Windows\System32\winrnr.dll
0x00007ff97e2d0000 - 0x00007ff97e2eb000 	C:\Windows\system32\NLAapi.dll
0x00007ff97b380000 - 0x00007ff97b395000 	C:\Windows\system32\wshbth.dll
0x00007ff970370000 - 0x00007ff97037a000 	C:\Windows\System32\rasadhlp.dll
0x00007ff970840000 - 0x00007ff9708b9000 	C:\Windows\System32\fwpuclnt.dll
0x00007ff982770000 - 0x00007ff982796000 	C:\Windows\System32\bcrypt.dll
0x00007ff980ea0000 - 0x00007ff980ed3000 	C:\Windows\system32\rsaenh.dll
0x00007ff9819a0000 - 0x00007ff9819c8000 	C:\Windows\SYSTEM32\USERENV.dll
0x00007ff97fa20000 - 0x00007ff97fa36000 	C:\Windows\SYSTEM32\dhcpcsvc6.DLL
0x00007ff97fa00000 - 0x00007ff97fa1c000 	C:\Windows\SYSTEM32\dhcpcsvc.DLL
0x000000006ec40000 - 0x000000006ec56000 	C:\Users\Simone\Documents\GitHub\OOPeCalc\SpringBootProject\src\main\java\it\project\SpringBootProject\Service\NativeStats.dll
0x0000000061440000 - 0x000000006145a000 	C:\mingw-64\mingw64\bin\libgcc_s_seh-1.dll
0x000000006fc40000 - 0x000000006fda3000 	C:\mingw-64\mingw64\bin\libstdc++-6.dll
0x0000000064940000 - 0x0000000064955000 	C:\mingw-64\mingw64\bin\libwinpthread-1.dll
0x00007ff980450000 - 0x00007ff98063d000 	C:\Windows\SYSTEM32\dbghelp.dll

VM Arguments:
jvm_args: -Dcom.sun.management.jmxremote -Dcom.sun.management.jmxremote.port=50648 -Dcom.sun.management.jmxremote.authenticate=false -Dcom.sun.management.jmxremote.ssl=false -Djava.rmi.server.hostname=localhost -Dspring.jmx.enabled=true -Dspring.application.admin.enabled=true -Djava.library.path=C:\Users\Simone\Documents\GitHub\OOPeCalc\SpringBootProject\src\main\java\it\project\SpringBootProject\Service -Xverify:none -XX:TieredStopAtLevel=1 -Dfile.encoding=UTF-8 
java_command: it.project.SpringBootProject.SpringBootProjectApplication
java_class_path (initial): C:\Users\Simone\Documents\GitHub\OOPeCalc\SpringBootProject\target\classes;C:\Users\Simone\Documents\GitHub\OOPeCalc\json-simple-1.1.1.jar;C:\Users\Simone\Documents\GitHub\OOPeCalc\opencsv-2.2.jar;C:\Users\Simone\.m2\repository\org\springframework\boot\spring-boot-starter-web\2.1.6.RELEASE\spring-boot-starter-web-2.1.6.RELEASE.jar;C:\Users\Simone\.m2\repository\org\springframework\boot\spring-boot-starter\2.1.6.RELEASE\spring-boot-starter-2.1.6.RELEASE.jar;C:\Users\Simone\.m2\repository\org\springframework\boot\spring-boot-starter-logging\2.1.6.RELEASE\spring-boot-starter-logging-2.1.6.RELEASE.jar;C:\Users\Simone\.m2\repository\ch\qos\logback\logback-classic\1.2.3\logback-classic-1.2.3.jar;C:\Users\Simone\.m2\repository\ch\qos\logback\logback-core\1.2.3\logback-core-1.2.3.jar;C:\Users\Simone\.m2\repository\org\apache\logging\log4j\log4j-to-slf4j\2.11.2\log4j-to-slf4j-2.11.2.jar;C:\Users\Simone\.m2\repository\org\apache\logging\log4j\log4j-api\2.11.2\log4j-api-2.11.2.jar;C:\Users\Simone\.m2\repository\org\slf4j\jul-to-slf4j\1.7.26\jul-to-slf4j-1.7.26.jar;C:\Users\Simone\.m2\repository\javax\annotation\javax.annotation-api\1.3.2\javax.annotation-api-1.3.2.jar;C:\Users\Simone\.m2\repository\org\yaml\snakeyaml\1.23\snakeyaml-1.23.jar;C:\Users\Simone\.m2\repository\org\springframework\boot\spring-boot-starter-json\2.1.6.RELEASE\spring-boot-starter-json-2.1.6.RELEASE.jar;C:\Users\Simone\.m2\repository\com\fasterxml\jackson\core\jackson-databind\2.9.9\jackson-databind-2.9.9.jar;C:\Users\Simone\.m2\repository\com\fasterxml\jackson\core\jackson-annotations\2.9.0\jackson-annotations-2.9.0.jar;C:\Users\Simone\.m2\repository\com\fasterxml\jackson\core\jackson-core\2.9.9\jackson-core-2.9.9.jar;C:\Users\Simone\.m2\repository\com\fasterxml\jackson\datatype\jackson-datatype-jdk8\2.9.9\jackson-datatype-jdk8-2.9.9.jar;C:\Users\Simone\.m2\repository\com\fasterxml\jackson\datatype\jackson-datatype-jsr310\2.9.9\jackson-datatype-jsr310-2.9.9.jar;C:\Users\Simo
Launcher Type: SUN_STANDARD

Environment Variables:
PATH=C:/Program Files/Java/jre1.8.0_212/bin/server;C:/Program Files/Java/jre1.8.0_212/bin;C:/Program Files/Java/jre1.8.0_212/lib/amd64;C:\Program Files\NVIDIA GPU Computing Toolkit\CUDA\v10.1\bin;C:\Program Files\NVIDIA GPU Computing Toolkit\CUDA\v10.1\libnvvp;C:\Program Files (x86)\Common Files\Oracle\Java\javapath;C:\Windows\system32;C:\Windows;C:\Windows\System32\Wbem;C:\Windows\System32\WindowsPowerShell\v1.0\;C:\Windows\System32\OpenSSH\;C:\Program Files\dotnet\;C:\Program Files\Microsoft SQL Server\130\Tools\Binn\;C:\Program Files\Git\cmd;C:\Program Files\NVIDIA Corporation\Nsight Compute 2019.1\;C:\Program Files (x86)\NVIDIA Corporation\PhysX\Common;C:\Program Files\NVIDIA Corporation\NVIDIA NvDLISR;C:\Program Files (x86)\Android\android-sdk\platform-tools;C:\Program Files\PuTTY\;C:\Windows;C:\Windows\System32;C:\xampp\php;C:\ZendFramework-1.12.3\bin;C:\ZendFramework-1.12.3\bin\zf.bat;C:\apache-maven-3.6.1\bin;C:\Program Files\Java\jdk1.8.0_212\bin;C:\MinGW\bin;C:\Program Files (x86)\mingw-w64\i686-8.1.0-posix-dwarf-rt_v6-rev0;C:\mingw-64\mingw64\bin;C:\Users\Simone\Desktop\Uni\Programmazione ad Oggetti\Progetti Eclipse\JNItest\src;C:\mingw-64\mingw64\lib\gcc\x86_64-w64-mingw32\8.1.0\include\c++;C:\Program Files (x86)\Microsoft Visual Studio\2017\Community\VC\Tools\MSVC\14.16.27023\bin\Hostx64\x64;C:\Users\Simone\AppData\Local\Microsoft\WindowsApps;C:\Users\Simone\AppData\Local\GitHubDesktop\bin;C:\Users\Simone\AppData\Local\atom\bin;C:\Windows\System32;C:\Windows;C:\Users\Simone\Desktop\Uni\Programmazione ad Oggetti\Progetti Eclipse\JNIexample;C:\mingw-64\mingw64\lib\gcc\x86_64-w64-mingw32\8.1.0\include\c++;;C:\Users\Simone\Desktop;
USERNAME=Simone
OS=Windows_NT
PROCESSOR_IDENTIFIER=Intel64 Family 6 Model 142 Stepping 10, GenuineIntel



---------------  S Y S T E M  ---------------

OS: Windows 10.0 , 64 bit Build 17763 (10.0.17763.475)

CPU:total 8 (initial active 8) (4 cores per cpu, 2 threads per core) family 6 model 142 stepping 10, cmov, cx8, fxsr, mmx, sse, sse2, sse3, ssse3, sse4.1, sse4.2, popcnt, avx, avx2, aes, clmul, erms, 3dnowpref, lzcnt, ht, tsc, tscinvbit, bmi1, bmi2, adx

Memory: 4k page, physical 12466404k(4592668k free), swap 16538360k(4970620k free)

vm_info: Java HotSpot(TM) 64-Bit Server VM (25.212-b10) for windows-amd64 JRE (1.8.0_212-b10), built on Apr  1 2019 22:50:23 by "java_re" with MS VC++ 10.0 (VS2010)

time: Thu Jul 18 15:13:38 2019
timezone: ora legale Europa occidentale
elapsed time: 5 seconds (0d 0h 0m 5s)

