#
# A fatal error has been detected by the Java Runtime Environment:
#
#  Internal Error (0x20474343), pid=16572, tid=0x0000000000002b08
#
# JRE version: Java(TM) SE Runtime Environment (8.0_212-b10) (build 1.8.0_212-b10)
# Java VM: Java HotSpot(TM) 64-Bit Server VM (25.212-b10 mixed mode windows-amd64 compressed oops)
# Problematic frame:
# C  [KERNELBASE.dll+0x39129]
#
# Failed to write core dump. Minidumps are not enabled by default on client versions of Windows
#
# If you would like to submit a bug report, please visit:
#   http://bugreport.java.com/bugreport/crash.jsp
# The crash happened outside the Java Virtual Machine in native code.
# See problematic frame for where to report the bug.
#

---------------  T H R E A D  ---------------

Current thread (0x000000001f4c9000):  JavaThread "http-nio-8080-exec-3" daemon [_thread_in_native, id=11016, stack(0x0000000021450000,0x0000000021550000)]

siginfo: ExceptionCode=0x20474343, ExceptionInformation=0x000000001e497700 

Registers:
RAX=0x0000000000000000, RBX=0x000000001e497700, RCX=0x0000000000000000, RDX=0x0000000000000000
RSP=0x000000002148b8c0, RBP=0x000000002148bc90, RSI=0x000000006fcb3480, RDI=0x000000001e497740
R8 =0x0000000000000000, R9 =0x0000000000000000, R10=0x0000000000000000, R11=0x0000000000000000
R12=0x000000002154cc10, R13=0x000000001fd937e0, R14=0x000000002154cd80, R15=0x000000001f4c9000
RIP=0x00007ff982459129, EFLAGS=0x0000000000000202

Top of Stack: (sp=0x000000002148b8c0)
0x000000002148b8c0:   0000000000000000 000000001e497700
0x000000002148b8d0:   000000006fcb3480 000000001e497740
0x000000002148b8e0:   0000000020474343 0000000000000000
0x000000002148b8f0:   00007ff982459129 0000000000000001
0x000000002148b900:   000000001e497700 0000000064945138
0x000000002148b910:   000000001f4c9000 000000002154cd80
0x000000002148b920:   000000001fd937e0 000000002154cc10
0x000000002148b930:   0000000000000018 0000000000000008
0x000000002148b940:   0000000000000010 00007ff982cb9db0
0x000000002148b950:   0000000000000000 0000000000000018
0x000000002148b960:   000000001fd937e0 0000000021540000
0x000000002148b970:   000000006fd0b500 000000006144df1a
0x000000002148b980:   00007091bcb683b8 0000000000000008
0x000000002148b990:   0000000000000000 000000006144d5c6
0x000000002148b9a0:   000000001e497740 000000006fcb3480
0x000000002148b9b0:   000000006fd18810 000000002148bc90 

Instructions: (pc=0x00007ff982459129)
0x00007ff982459109:   8b d1 44 0f 47 c0 44 89 44 24 38 49 c1 e0 03 e8
0x00007ff982459119:   2a 1d 05 00 48 8d 4c 24 20 48 ff 15 ef 21 16 00
0x00007ff982459129:   0f 1f 44 00 00 48 8b 8c 24 c0 00 00 00 48 33 cc
0x00007ff982459139:   e8 12 e7 04 00 48 81 c4 d8 00 00 00 c3 83 64 24 


Register to memory mapping:

RAX=0x0000000000000000 is an unknown value
RBX=0x000000001e497700 is an unknown value
RCX=0x0000000000000000 is an unknown value
RDX=0x0000000000000000 is an unknown value
RSP=0x000000002148b8c0 is pointing into the stack for thread: 0x000000001f4c9000
RBP=0x000000002148bc90 is pointing into the stack for thread: 0x000000001f4c9000
RSI=0x000000006fcb3480 is an unknown value
RDI=0x000000001e497740 is an unknown value
R8 =0x0000000000000000 is an unknown value
R9 =0x0000000000000000 is an unknown value
R10=0x0000000000000000 is an unknown value
R11=0x0000000000000000 is an unknown value
R12=0x000000002154cc10 is pointing into the stack for thread: 0x000000001f4c9000
R13=0x000000001fd937e0 is pointing into metadata
R14=0x000000002154cd80 is pointing into the stack for thread: 0x000000001f4c9000
R15=0x000000001f4c9000 is a thread


Stack: [0x0000000021450000,0x0000000021550000],  sp=0x000000002148b8c0,  free space=238k
Native frames: (J=compiled Java code, j=interpreted, Vv=VM code, C=native code)
C  [KERNELBASE.dll+0x39129]
C  [libgcc_s_seh-1.dll+0xd5c6]
C  [libstdc++-6.dll+0xc5e05]
C  [libstdc++-6.dll+0xba5ed]
C  [NativeStats.dll+0x4246]
C  [NativeStats.dll+0x48f0]
C  [NativeStats.dll+0x1856]
C  0x0000000002f08c67

Java frames: (J=compiled Java code, j=interpreted, Vv=VM code)
j  it.project.SpringBootProject.Service.NativeStats.nativeString([Ljava/lang/String;I)V+0
j  it.project.SpringBootProject.Service.ReportServiceImpl.reportStatsStrJni(Ljava/lang/String;)Ljava/util/List;+168
j  it.project.SpringBootProject.Controller.ReportController.reportStatsStrJni(Ljava/lang/String;)Lorg/springframework/http/ResponseEntity;+9
v  ~StubRoutines::call_stub
J 2044  sun.reflect.NativeMethodAccessorImpl.invoke0(Ljava/lang/reflect/Method;Ljava/lang/Object;[Ljava/lang/Object;)Ljava/lang/Object; (0 bytes) @ 0x00000000033672bf [0x0000000003367240+0x7f]
J 2043 C1 sun.reflect.NativeMethodAccessorImpl.invoke(Ljava/lang/Object;[Ljava/lang/Object;)Ljava/lang/Object; (104 bytes) @ 0x000000000336a364 [0x0000000003369fa0+0x3c4]
J 1470 C1 sun.reflect.DelegatingMethodAccessorImpl.invoke(Ljava/lang/Object;[Ljava/lang/Object;)Ljava/lang/Object; (10 bytes) @ 0x000000000322f1a4 [0x000000000322f160+0x44]
J 1469 C1 java.lang.reflect.Method.invoke(Ljava/lang/Object;[Ljava/lang/Object;)Ljava/lang/Object; (62 bytes) @ 0x000000000322eda4 [0x000000000322eca0+0x104]
j  org.springframework.web.method.support.InvocableHandlerMethod.doInvoke([Ljava/lang/Object;)Ljava/lang/Object;+16
j  org.springframework.web.method.support.InvocableHandlerMethod.invokeForRequest(Lorg/springframework/web/context/request/NativeWebRequest;Lorg/springframework/web/method/support/ModelAndViewContainer;[Ljava/lang/Object;)Ljava/lang/Object;+56
j  org.springframework.web.servlet.mvc.method.annotation.ServletInvocableHandlerMethod.invokeAndHandle(Lorg/springframework/web/context/request/ServletWebRequest;Lorg/springframework/web/method/support/ModelAndViewContainer;[Ljava/lang/Object;)V+4
j  org.springframework.web.servlet.mvc.method.annotation.RequestMappingHandlerAdapter.invokeHandlerMethod(Ljavax/servlet/http/HttpServletRequest;Ljavax/servlet/http/HttpServletResponse;Lorg/springframework/web/method/HandlerMethod;)Lorg/springframework/web/servlet/ModelAndView;+244
j  org.springframework.web.servlet.mvc.method.annotation.RequestMappingHandlerAdapter.handleInternal(Ljavax/servlet/http/HttpServletRequest;Ljavax/servlet/http/HttpServletResponse;Lorg/springframework/web/method/HandlerMethod;)Lorg/springframework/web/servlet/ModelAndView;+81
j  org.springframework.web.servlet.mvc.method.AbstractHandlerMethodAdapter.handle(Ljavax/servlet/http/HttpServletRequest;Ljavax/servlet/http/HttpServletResponse;Ljava/lang/Object;)Lorg/springframework/web/servlet/ModelAndView;+7
j  org.springframework.web.servlet.DispatcherServlet.doDispatch(Ljavax/servlet/http/HttpServletRequest;Ljavax/servlet/http/HttpServletResponse;)V+257
j  org.springframework.web.servlet.DispatcherServlet.doService(Ljavax/servlet/http/HttpServletRequest;Ljavax/servlet/http/HttpServletResponse;)V+212
j  org.springframework.web.servlet.FrameworkServlet.processRequest(Ljavax/servlet/http/HttpServletRequest;Ljavax/servlet/http/HttpServletResponse;)V+71
j  org.springframework.web.servlet.FrameworkServlet.doGet(Ljavax/servlet/http/HttpServletRequest;Ljavax/servlet/http/HttpServletResponse;)V+3
j  javax.servlet.http.HttpServlet.service(Ljavax/servlet/http/HttpServletRequest;Ljavax/servlet/http/HttpServletResponse;)V+35
j  org.springframework.web.servlet.FrameworkServlet.service(Ljavax/servlet/http/HttpServletRequest;Ljavax/servlet/http/HttpServletResponse;)V+33
j  javax.servlet.http.HttpServlet.service(Ljavax/servlet/ServletRequest;Ljavax/servlet/ServletResponse;)V+36
j  org.apache.catalina.core.ApplicationFilterChain.internalDoFilter(Ljavax/servlet/ServletRequest;Ljavax/servlet/ServletResponse;)V+304
j  org.apache.catalina.core.ApplicationFilterChain.doFilter(Ljavax/servlet/ServletRequest;Ljavax/servlet/ServletResponse;)V+101
j  org.apache.tomcat.websocket.server.WsFilter.doFilter(Ljavax/servlet/ServletRequest;Ljavax/servlet/ServletResponse;Ljavax/servlet/FilterChain;)V+21
j  org.apache.catalina.core.ApplicationFilterChain.internalDoFilter(Ljavax/servlet/ServletRequest;Ljavax/servlet/ServletResponse;)V+135
j  org.apache.catalina.core.ApplicationFilterChain.doFilter(Ljavax/servlet/ServletRequest;Ljavax/servlet/ServletResponse;)V+101
j  org.springframework.web.filter.RequestContextFilter.doFilterInternal(Ljavax/servlet/http/HttpServletRequest;Ljavax/servlet/http/HttpServletResponse;Ljavax/servlet/FilterChain;)V+21
j  org.springframework.web.filter.OncePerRequestFilter.doFilter(Ljavax/servlet/ServletRequest;Ljavax/servlet/ServletResponse;Ljavax/servlet/FilterChain;)V+120
j  org.apache.catalina.core.ApplicationFilterChain.internalDoFilter(Ljavax/servlet/ServletRequest;Ljavax/servlet/ServletResponse;)V+135
j  org.apache.catalina.core.ApplicationFilterChain.doFilter(Ljavax/servlet/ServletRequest;Ljavax/servlet/ServletResponse;)V+101
j  org.springframework.web.filter.FormContentFilter.doFilterInternal(Ljavax/servlet/http/HttpServletRequest;Ljavax/servlet/http/HttpServletResponse;Ljavax/servlet/FilterChain;)V+38
j  org.springframework.web.filter.OncePerRequestFilter.doFilter(Ljavax/servlet/ServletRequest;Ljavax/servlet/ServletResponse;Ljavax/servlet/FilterChain;)V+120
j  org.apache.catalina.core.ApplicationFilterChain.internalDoFilter(Ljavax/servlet/ServletRequest;Ljavax/servlet/ServletResponse;)V+135
j  org.apache.catalina.core.ApplicationFilterChain.doFilter(Ljavax/servlet/ServletRequest;Ljavax/servlet/ServletResponse;)V+101
j  org.springframework.web.filter.HiddenHttpMethodFilter.doFilterInternal(Ljavax/servlet/http/HttpServletRequest;Ljavax/servlet/http/HttpServletResponse;Ljavax/servlet/FilterChain;)V+87
j  org.springframework.web.filter.OncePerRequestFilter.doFilter(Ljavax/servlet/ServletRequest;Ljavax/servlet/ServletResponse;Ljavax/servlet/FilterChain;)V+120
j  org.apache.catalina.core.ApplicationFilterChain.internalDoFilter(Ljavax/servlet/ServletRequest;Ljavax/servlet/ServletResponse;)V+135
j  org.apache.catalina.core.ApplicationFilterChain.doFilter(Ljavax/servlet/ServletRequest;Ljavax/servlet/ServletResponse;)V+101
j  org.springframework.web.filter.CharacterEncodingFilter.doFilterInternal(Ljavax/servlet/http/HttpServletRequest;Ljavax/servlet/http/HttpServletResponse;Ljavax/servlet/FilterChain;)V+53
j  org.springframework.web.filter.OncePerRequestFilter.doFilter(Ljavax/servlet/ServletRequest;Ljavax/servlet/ServletResponse;Ljavax/servlet/FilterChain;)V+120
j  org.apache.catalina.core.ApplicationFilterChain.internalDoFilter(Ljavax/servlet/ServletRequest;Ljavax/servlet/ServletResponse;)V+135
j  org.apache.catalina.core.ApplicationFilterChain.doFilter(Ljavax/servlet/ServletRequest;Ljavax/servlet/ServletResponse;)V+101
j  org.apache.catalina.core.StandardWrapperValve.invoke(Lorg/apache/catalina/connector/Request;Lorg/apache/catalina/connector/Response;)V+694
j  org.apache.catalina.core.StandardContextValve.invoke(Lorg/apache/catalina/connector/Request;Lorg/apache/catalina/connector/Response;)V+166
j  org.apache.catalina.authenticator.AuthenticatorBase.invoke(Lorg/apache/catalina/connector/Request;Lorg/apache/catalina/connector/Response;)V+260
j  org.apache.catalina.core.StandardHostValve.invoke(Lorg/apache/catalina/connector/Request;Lorg/apache/catalina/connector/Response;)V+114
j  org.apache.catalina.valves.ErrorReportValve.invoke(Lorg/apache/catalina/connector/Request;Lorg/apache/catalina/connector/Response;)V+6
j  org.apache.catalina.core.StandardEngineValve.invoke(Lorg/apache/catalina/connector/Request;Lorg/apache/catalina/connector/Response;)V+45
j  org.apache.catalina.connector.CoyoteAdapter.service(Lorg/apache/coyote/Request;Lorg/apache/coyote/Response;)V+199
j  org.apache.coyote.http11.Http11Processor.service(Lorg/apache/tomcat/util/net/SocketWrapperBase;)Lorg/apache/tomcat/util/net/AbstractEndpoint$Handler$SocketState;+791
j  org.apache.coyote.AbstractProcessorLight.process(Lorg/apache/tomcat/util/net/SocketWrapperBase;Lorg/apache/tomcat/util/net/SocketEvent;)Lorg/apache/tomcat/util/net/AbstractEndpoint$Handler$SocketState;+113
j  org.apache.coyote.AbstractProtocol$ConnectionHandler.process(Lorg/apache/tomcat/util/net/SocketWrapperBase;Lorg/apache/tomcat/util/net/SocketEvent;)Lorg/apache/tomcat/util/net/AbstractEndpoint$Handler$SocketState;+422
j  org.apache.tomcat.util.net.NioEndpoint$SocketProcessor.doRun()V+221
j  org.apache.tomcat.util.net.SocketProcessorBase.run()V+21
j  java.util.concurrent.ThreadPoolExecutor.runWorker(Ljava/util/concurrent/ThreadPoolExecutor$Worker;)V+95
j  java.util.concurrent.ThreadPoolExecutor$Worker.run()V+5
j  org.apache.tomcat.util.threads.TaskThread$WrappingRunnable.run()V+4
j  java.lang.Thread.run()V+11
v  ~StubRoutines::call_stub

---------------  P R O C E S S  ---------------

Java Threads: ( => current thread )
  0x000000001f556000 JavaThread "DestroyJavaVM" [_thread_blocked, id=1980, stack(0x0000000002ce0000,0x0000000002de0000)]
  0x000000001f553000 JavaThread "http-nio-8080-Acceptor" daemon [_thread_in_native, id=20376, stack(0x0000000021d50000,0x0000000021e50000)]
  0x000000001f555000 JavaThread "http-nio-8080-ClientPoller" daemon [_thread_in_native, id=20408, stack(0x0000000021c50000,0x0000000021d50000)]
  0x000000001f550000 JavaThread "http-nio-8080-exec-10" daemon [_thread_blocked, id=4024, stack(0x0000000021b50000,0x0000000021c50000)]
  0x000000001f554800 JavaThread "http-nio-8080-exec-9" daemon [_thread_blocked, id=11124, stack(0x0000000021a50000,0x0000000021b50000)]
  0x000000001f551800 JavaThread "http-nio-8080-exec-8" daemon [_thread_blocked, id=16272, stack(0x0000000021950000,0x0000000021a50000)]
  0x000000001f4c7000 JavaThread "http-nio-8080-exec-7" daemon [_thread_blocked, id=6300, stack(0x0000000021850000,0x0000000021950000)]
  0x000000001f4cd800 JavaThread "http-nio-8080-exec-6" daemon [_thread_blocked, id=15920, stack(0x0000000021750000,0x0000000021850000)]
  0x000000001f4cd000 JavaThread "http-nio-8080-exec-5" daemon [_thread_blocked, id=16404, stack(0x0000000021650000,0x0000000021750000)]
  0x000000001f4c8800 JavaThread "http-nio-8080-exec-4" daemon [_thread_blocked, id=15004, stack(0x0000000021550000,0x0000000021650000)]
=>0x000000001f4c9000 JavaThread "http-nio-8080-exec-3" daemon [_thread_in_native, id=11016, stack(0x0000000021450000,0x0000000021550000)]
  0x000000001f4c7800 JavaThread "http-nio-8080-exec-2" daemon [_thread_blocked, id=20316, stack(0x0000000021350000,0x0000000021450000)]
  0x000000001f4cb800 JavaThread "http-nio-8080-exec-1" daemon [_thread_blocked, id=19000, stack(0x0000000021250000,0x0000000021350000)]
  0x000000001f4ca000 JavaThread "http-nio-8080-BlockPoller" daemon [_thread_in_native, id=11768, stack(0x0000000021150000,0x0000000021250000)]
  0x000000001f4ca800 JavaThread "Live Reload Server" daemon [_thread_in_native, id=16836, stack(0x0000000021050000,0x0000000021150000)]
  0x000000001f4cc000 JavaThread "File Watcher" daemon [_thread_blocked, id=15808, stack(0x0000000020e50000,0x0000000020f50000)]
  0x000000001f44f000 JavaThread "container-0" [_thread_blocked, id=17776, stack(0x0000000020b50000,0x0000000020c50000)]
  0x000000001f44e800 JavaThread "Catalina-utility-2" [_thread_blocked, id=6700, stack(0x0000000020a50000,0x0000000020b50000)]
  0x000000001f402000 JavaThread "Catalina-utility-1" [_thread_blocked, id=7412, stack(0x0000000020950000,0x0000000020a50000)]
  0x000000001f1c1000 JavaThread "JMX server connection timeout 22" daemon [_thread_blocked, id=2104, stack(0x0000000020650000,0x0000000020750000)]
  0x000000001f1e7800 JavaThread "RMI Scheduler(0)" daemon [_thread_blocked, id=18916, stack(0x0000000020550000,0x0000000020650000)]
  0x000000001f1da800 JavaThread "RMI TCP Connection(1)-127.0.0.1" daemon [_thread_in_native, id=584, stack(0x0000000020450000,0x0000000020550000)]
  0x000000001d456000 JavaThread "RMI TCP Accept-0" daemon [_thread_in_native, id=5444, stack(0x000000001dd20000,0x000000001de20000)]
  0x000000001d451000 JavaThread "RMI TCP Accept-50379" daemon [_thread_in_native, id=12492, stack(0x000000001dc20000,0x000000001dd20000)]
  0x000000001d43e000 JavaThread "RMI TCP Accept-0" daemon [_thread_in_native, id=2636, stack(0x000000001db20000,0x000000001dc20000)]
  0x000000001c394000 JavaThread "Service Thread" daemon [_thread_blocked, id=15116, stack(0x000000001cee0000,0x000000001cfe0000)]
  0x000000001c307800 JavaThread "C1 CompilerThread3" daemon [_thread_blocked, id=12844, stack(0x000000001cde0000,0x000000001cee0000)]
  0x000000001c303800 JavaThread "C2 CompilerThread2" daemon [_thread_blocked, id=12544, stack(0x000000001cce0000,0x000000001cde0000)]
  0x000000001c2f7000 JavaThread "C2 CompilerThread1" daemon [_thread_blocked, id=5036, stack(0x000000001cbe0000,0x000000001cce0000)]
  0x000000001c2f4800 JavaThread "C2 CompilerThread0" daemon [_thread_blocked, id=20256, stack(0x000000001cae0000,0x000000001cbe0000)]
  0x000000001c2ef800 JavaThread "Attach Listener" daemon [_thread_blocked, id=6684, stack(0x000000001c9e0000,0x000000001cae0000)]
  0x000000001c2ee800 JavaThread "Signal Dispatcher" daemon [_thread_blocked, id=6888, stack(0x000000001c8e0000,0x000000001c9e0000)]
  0x000000001c2e0800 JavaThread "Finalizer" daemon [_thread_blocked, id=11920, stack(0x000000001c6c0000,0x000000001c7c0000)]
  0x000000001a3bd000 JavaThread "Reference Handler" daemon [_thread_blocked, id=15128, stack(0x000000001c1c0000,0x000000001c2c0000)]

Other Threads:
  0x000000001a3b9000 VMThread [stack: 0x000000001c0c0000,0x000000001c1c0000] [id=7076]
  0x000000001d457000 WatcherThread [stack: 0x000000001de20000,0x000000001df20000] [id=16872]

VM state:not at safepoint (normal execution)

VM Mutex/Monitor currently owned by a thread: None

heap address: 0x0000000701c00000, size: 3044 MB, Compressed Oops mode: Zero based, Oop shift amount: 3
Narrow klass base: 0x0000000000000000, Narrow klass shift: 3
Compressed class space size: 1073741824 Address: 0x00000007c0000000

Heap:
 PSYoungGen      total 134144K, used 49677K [0x0000000780980000, 0x000000078b680000, 0x00000007c0000000)
  eden space 120320K, 29% used [0x0000000780980000,0x0000000782c85d28,0x0000000787f00000)
  from space 13824K, 99% used [0x0000000788f80000,0x0000000789cfd9d0,0x0000000789d00000)
  to   space 16896K, 0% used [0x0000000787f00000,0x0000000787f00000,0x0000000788f80000)
 ParOldGen       total 74752K, used 10645K [0x0000000701c00000, 0x0000000706500000, 0x0000000780980000)
  object space 74752K, 14% used [0x0000000701c00000,0x0000000702665508,0x0000000706500000)
 Metaspace       used 31502K, capacity 33230K, committed 33408K, reserved 1077248K
  class space    used 4291K, capacity 4633K, committed 4736K, reserved 1048576K

Card table byte_map: [0x00000000122b0000,0x00000000128b0000] byte_map_base: 0x000000000eaa2000

Marking Bits: (ParMarkBitMap*) 0x0000000062695ce0
 Begin Bits: [0x00000000134b0000, 0x0000000016440000)
 End Bits:   [0x0000000016440000, 0x00000000193d0000)

Polling page: 0x0000000001460000

CodeCache: size=245760Kb used=6708Kb max_used=6708Kb free=239051Kb
 bounds [0x0000000002ef0000, 0x0000000003580000, 0x0000000011ef0000]
 total_blobs=3588 nmethods=3149 adapters=349
 compilation: enabled

Compilation events (10 events):
Event: 6.865 Thread 0x000000001c307800 3145       1       org.apache.tomcat.util.buf.ByteChunk::equalsIgnoreCase (76 bytes)
Event: 6.865 Thread 0x000000001c307800 nmethod 3145 0x000000000357ba50 code [0x000000000357bbe0, 0x000000000357bec8]
Event: 6.866 Thread 0x000000001c307800 3146       1       java.util.ArrayList$ArrayListSpliterator::characteristics (4 bytes)
Event: 6.866 Thread 0x000000001c307800 nmethod 3146 0x000000000357c210 code [0x000000000357c360, 0x000000000357c470]
Event: 6.876 Thread 0x000000001c307800 3147       1       org.springframework.core.convert.TypeDescriptor::hashCode (8 bytes)
Event: 6.876 Thread 0x000000001c307800 nmethod 3147 0x000000000357c4d0 code [0x000000000357c620, 0x000000000357c768]
Event: 6.877 Thread 0x000000001c307800 3148       1       it.project.SpringBootProject.Model.Report::getCountry (5 bytes)
Event: 6.877 Thread 0x000000001c307800 nmethod 3148 0x000000000357c810 code [0x000000000357c960, 0x000000000357ca70]
Event: 6.878 Thread 0x000000001c307800 3149   !   1       sun.reflect.GeneratedMethodAccessor35::invoke (61 bytes)
Event: 6.878 Thread 0x000000001c307800 nmethod 3149 0x000000000357cad0 code [0x000000000357cc80, 0x000000000357cfe8]

GC Heap History (10 events):
Event: 1.234 GC heap before
{Heap before GC invocations=3 (full 0):
 PSYoungGen      total 57344K, used 16841K [0x0000000780980000, 0x0000000787980000, 0x00000007c0000000)
  eden space 49152K, 17% used [0x0000000780980000,0x00000007811f60f8,0x0000000783980000)
  from space 8192K, 99% used [0x0000000784180000,0x000000078497c508,0x0000000784980000)
  to   space 8192K, 0% used [0x0000000783980000,0x0000000783980000,0x0000000784180000)
 ParOldGen       total 131072K, used 2002K [0x0000000701c00000, 0x0000000709c00000, 0x0000000780980000)
  object space 131072K, 1% used [0x0000000701c00000,0x0000000701df4ad0,0x0000000709c00000)
 Metaspace       used 20681K, capacity 21258K, committed 21296K, reserved 1067008K
  class space    used 2791K, capacity 2932K, committed 2944K, reserved 1048576K
Event: 1.238 GC heap after
Heap after GC invocations=3 (full 0):
 PSYoungGen      total 57344K, used 5849K [0x0000000780980000, 0x0000000787980000, 0x00000007c0000000)
  eden space 49152K, 0% used [0x0000000780980000,0x0000000780980000,0x0000000783980000)
  from space 8192K, 71% used [0x0000000783980000,0x0000000783f366e0,0x0000000784180000)
  to   space 8192K, 0% used [0x0000000787180000,0x0000000787180000,0x0000000787980000)
 ParOldGen       total 131072K, used 2074K [0x0000000701c00000, 0x0000000709c00000, 0x0000000780980000)
  object space 131072K, 1% used [0x0000000701c00000,0x0000000701e06ae0,0x0000000709c00000)
 Metaspace       used 20681K, capacity 21258K, committed 21296K, reserved 1067008K
  class space    used 2791K, capacity 2932K, committed 2944K, reserved 1048576K
}
Event: 1.238 GC heap before
{Heap before GC invocations=4 (full 1):
 PSYoungGen      total 57344K, used 5849K [0x0000000780980000, 0x0000000787980000, 0x00000007c0000000)
  eden space 49152K, 0% used [0x0000000780980000,0x0000000780980000,0x0000000783980000)
  from space 8192K, 71% used [0x0000000783980000,0x0000000783f366e0,0x0000000784180000)
  to   space 8192K, 0% used [0x0000000787180000,0x0000000787180000,0x0000000787980000)
 ParOldGen       total 131072K, used 2074K [0x0000000701c00000, 0x0000000709c00000, 0x0000000780980000)
  object space 131072K, 1% used [0x0000000701c00000,0x0000000701e06ae0,0x0000000709c00000)
 Metaspace       used 20681K, capacity 21258K, committed 21296K, reserved 1067008K
  class space    used 2791K, capacity 2932K, committed 2944K, reserved 1048576K
Event: 1.264 GC heap after
Heap after GC invocations=4 (full 1):
 PSYoungGen      total 57344K, used 0K [0x0000000780980000, 0x0000000787980000, 0x00000007c0000000)
  eden space 49152K, 0% used [0x0000000780980000,0x0000000780980000,0x0000000783980000)
  from space 8192K, 0% used [0x0000000783980000,0x0000000783980000,0x0000000784180000)
  to   space 8192K, 0% used [0x0000000787180000,0x0000000787180000,0x0000000787980000)
 ParOldGen       total 74752K, used 5735K [0x0000000701c00000, 0x0000000706500000, 0x0000000780980000)
  object space 74752K, 7% used [0x0000000701c00000,0x0000000702199e78,0x0000000706500000)
 Metaspace       used 20680K, capacity 21252K, committed 21296K, reserved 1067008K
  class space    used 2791K, capacity 2931K, committed 2944K, reserved 1048576K
}
Event: 1.687 GC heap before
{Heap before GC invocations=5 (full 1):
 PSYoungGen      total 57344K, used 49152K [0x0000000780980000, 0x0000000787980000, 0x00000007c0000000)
  eden space 49152K, 100% used [0x0000000780980000,0x0000000783980000,0x0000000783980000)
  from space 8192K, 0% used [0x0000000783980000,0x0000000783980000,0x0000000784180000)
  to   space 8192K, 0% used [0x0000000787180000,0x0000000787180000,0x0000000787980000)
 ParOldGen       total 74752K, used 5735K [0x0000000701c00000, 0x0000000706500000, 0x0000000780980000)
  object space 74752K, 7% used [0x0000000701c00000,0x0000000702199e78,0x0000000706500000)
 Metaspace       used 22973K, capacity 23844K, committed 24192K, reserved 1071104K
  class space    used 3129K, capacity 3335K, committed 3456K, reserved 1048576K
Event: 1.691 GC heap after
Heap after GC invocations=5 (full 1):
 PSYoungGen      total 83968K, used 5078K [0x0000000780980000, 0x0000000787680000, 0x00000007c0000000)
  eden space 78848K, 0% used [0x0000000780980000,0x0000000780980000,0x0000000785680000)
  from space 5120K, 99% used [0x0000000787180000,0x00000007876758b8,0x0000000787680000)
  to   space 8192K, 0% used [0x0000000786680000,0x0000000786680000,0x0000000786e80000)
 ParOldGen       total 74752K, used 5743K [0x0000000701c00000, 0x0000000706500000, 0x0000000780980000)
  object space 74752K, 7% used [0x0000000701c00000,0x000000070219be78,0x0000000706500000)
 Metaspace       used 22973K, capacity 23844K, committed 24192K, reserved 1071104K
  class space    used 3129K, capacity 3335K, committed 3456K, reserved 1048576K
}
Event: 2.410 GC heap before
{Heap before GC invocations=6 (full 1):
 PSYoungGen      total 83968K, used 83926K [0x0000000780980000, 0x0000000787680000, 0x00000007c0000000)
  eden space 78848K, 100% used [0x0000000780980000,0x0000000785680000,0x0000000785680000)
  from space 5120K, 99% used [0x0000000787180000,0x00000007876758b8,0x0000000787680000)
  to   space 8192K, 0% used [0x0000000786680000,0x0000000786680000,0x0000000786e80000)
 ParOldGen       total 74752K, used 5743K [0x0000000701c00000, 0x0000000706500000, 0x0000000780980000)
  object space 74752K, 7% used [0x0000000701c00000,0x000000070219be78,0x0000000706500000)
 Metaspace       used 29292K, capacity 30834K, committed 30976K, reserved 1075200K
  class space    used 3976K, capacity 4267K, committed 4352K, reserved 1048576K
Event: 2.419 GC heap after
Heap after GC invocations=6 (full 1):
 PSYoungGen      total 103424K, used 8177K [0x0000000780980000, 0x0000000789d00000, 0x00000007c0000000)
  eden space 95232K, 0% used [0x0000000780980000,0x0000000780980000,0x0000000786680000)
  from space 8192K, 99% used [0x0000000786680000,0x0000000786e7c598,0x0000000786e80000)
  to   space 13824K, 0% used [0x0000000788f80000,0x0000000788f80000,0x0000000789d00000)
 ParOldGen       total 74752K, used 9147K [0x0000000701c00000, 0x0000000706500000, 0x0000000780980000)
  object space 74752K, 12% used [0x0000000701c00000,0x00000007024eedc0,0x0000000706500000)
 Metaspace       used 29292K, capacity 30834K, committed 30976K, reserved 1075200K
  class space    used 3976K, capacity 4267K, committed 4352K, reserved 1048576K
}
Event: 5.241 GC heap before
{Heap before GC invocations=7 (full 1):
 PSYoungGen      total 103424K, used 103409K [0x0000000780980000, 0x0000000789d00000, 0x00000007c0000000)
  eden space 95232K, 100% used [0x0000000780980000,0x0000000786680000,0x0000000786680000)
  from space 8192K, 99% used [0x0000000786680000,0x0000000786e7c598,0x0000000786e80000)
  to   space 13824K, 0% used [0x0000000788f80000,0x0000000788f80000,0x0000000789d00000)
 ParOldGen       total 74752K, used 9147K [0x0000000701c00000, 0x0000000706500000, 0x0000000780980000)
  object space 74752K, 12% used [0x0000000701c00000,0x00000007024eedc0,0x0000000706500000)
 Metaspace       used 31144K, capacity 32860K, committed 33024K, reserved 1077248K
  class space    used 4241K, capacity 4556K, committed 4608K, reserved 1048576K
Event: 5.257 GC heap after
Heap after GC invocations=7 (full 1):
 PSYoungGen      total 134144K, used 13814K [0x0000000780980000, 0x000000078b680000, 0x00000007c0000000)
  eden space 120320K, 0% used [0x0000000780980000,0x0000000780980000,0x0000000787f00000)
  from space 13824K, 99% used [0x0000000788f80000,0x0000000789cfd9d0,0x0000000789d00000)
  to   space 16896K, 0% used [0x0000000787f00000,0x0000000787f00000,0x0000000788f80000)
 ParOldGen       total 74752K, used 10645K [0x0000000701c00000, 0x0000000706500000, 0x0000000780980000)
  object space 74752K, 14% used [0x0000000701c00000,0x0000000702665508,0x0000000706500000)
 Metaspace       used 31144K, capacity 32860K, committed 33024K, reserved 1077248K
  class space    used 4241K, capacity 4556K, committed 4608K, reserved 1048576K
}

Deoptimization events (0 events):
No events

Classes redefined (0 events):
No events

Internal exceptions (10 events):
Event: 6.849 Thread 0x000000001f1da800 Exception <a 'java/lang/ClassNotFoundException': org/springframework/context/support/LiveBeansView> (0x0000000781eba538) thrown at [C:\re\workspace\8-2-build-windows-amd64-cygwin\jdk8u212\12974\hotspot\src\share\vm\classfile\systemDictionary.cpp, line 210
Event: 6.849 Thread 0x000000001f1da800 Exception <a 'java/lang/ClassNotFoundException': org/springframework/boot/actuate/endpoint/jmx/EndpointMBean> (0x0000000781ec7158) thrown at [C:\re\workspace\8-2-build-windows-amd64-cygwin\jdk8u212\12974\hotspot\src\share\vm\classfile\systemDictionary.cpp
Event: 6.849 Thread 0x000000001f1da800 Exception <a 'java/lang/ClassNotFoundException': org/springframework/boot/actuate/endpoint/jmx/DataEndpointMBean> (0x0000000781ec76b8) thrown at [C:\re\workspace\8-2-build-windows-amd64-cygwin\jdk8u212\12974\hotspot\src\share\vm\classfile\systemDictionary
Event: 6.849 Thread 0x000000001f1da800 Exception <a 'java/lang/ClassNotFoundException': org/springframework/context/support/LiveBeansView> (0x0000000781ec7c00) thrown at [C:\re\workspace\8-2-build-windows-amd64-cygwin\jdk8u212\12974\hotspot\src\share\vm\classfile\systemDictionary.cpp, line 210
Event: 6.851 Thread 0x000000001f1da800 Exception <a 'java/lang/ClassNotFoundException': org/springframework/boot/actuate/endpoint/jmx/EndpointMBean> (0x0000000781f1f560) thrown at [C:\re\workspace\8-2-build-windows-amd64-cygwin\jdk8u212\12974\hotspot\src\share\vm\classfile\systemDictionary.cpp
Event: 6.851 Thread 0x000000001f1da800 Exception <a 'java/lang/ClassNotFoundException': org/springframework/boot/actuate/endpoint/jmx/DataEndpointMBean> (0x0000000781f1fac0) thrown at [C:\re\workspace\8-2-build-windows-amd64-cygwin\jdk8u212\12974\hotspot\src\share\vm\classfile\systemDictionary
Event: 6.851 Thread 0x000000001f1da800 Exception <a 'java/lang/ClassNotFoundException': org/springframework/context/support/LiveBeansView> (0x0000000781f20008) thrown at [C:\re\workspace\8-2-build-windows-amd64-cygwin\jdk8u212\12974\hotspot\src\share\vm\classfile\systemDictionary.cpp, line 210
Event: 6.851 Thread 0x000000001f1da800 Exception <a 'java/lang/ClassNotFoundException': org/springframework/boot/actuate/endpoint/jmx/EndpointMBean> (0x0000000781f20338) thrown at [C:\re\workspace\8-2-build-windows-amd64-cygwin\jdk8u212\12974\hotspot\src\share\vm\classfile\systemDictionary.cpp
Event: 6.851 Thread 0x000000001f1da800 Exception <a 'java/lang/ClassNotFoundException': org/springframework/boot/actuate/endpoint/jmx/DataEndpointMBean> (0x0000000781f20858) thrown at [C:\re\workspace\8-2-build-windows-amd64-cygwin\jdk8u212\12974\hotspot\src\share\vm\classfile\systemDictionary
Event: 6.851 Thread 0x000000001f1da800 Exception <a 'java/lang/ClassNotFoundException': org/springframework/context/support/LiveBeansView> (0x0000000781f20d60) thrown at [C:\re\workspace\8-2-build-windows-amd64-cygwin\jdk8u212\12974\hotspot\src\share\vm\classfile\systemDictionary.cpp, line 210

Events (10 events):
Event: 6.873 loading class org/springframework/web/bind/WebDataBinder
Event: 6.873 loading class org/springframework/web/bind/WebDataBinder done
Event: 6.873 loading class org/springframework/validation/DataBinder
Event: 6.873 loading class org/springframework/validation/DataBinder done
Event: 6.874 Executing VM operation: Deoptimize
Event: 6.874 Executing VM operation: Deoptimize done
Event: 6.875 loading class org/springframework/validation/DefaultBindingErrorProcessor
Event: 6.875 loading class org/springframework/validation/DefaultBindingErrorProcessor done
Event: 6.875 loading class org/springframework/validation/BindingErrorProcessor
Event: 6.875 loading class org/springframework/validation/BindingErrorProcessor done


Dynamic libraries:
0x00007ff681b50000 - 0x00007ff681b87000 	C:\Program Files\Java\jre1.8.0_212\bin\javaw.exe
0x00007ff985a70000 - 0x00007ff985c5d000 	C:\Windows\SYSTEM32\ntdll.dll
0x00007ff97e380000 - 0x00007ff97e392000 	C:\Program Files\AVAST Software\Avast\aswhook.dll
0x00007ff9853c0000 - 0x00007ff985473000 	C:\Windows\System32\KERNEL32.DLL
0x00007ff982420000 - 0x00007ff9826b3000 	C:\Windows\System32\KERNELBASE.dll
0x00007ff985990000 - 0x00007ff985a33000 	C:\Windows\System32\ADVAPI32.dll
0x00007ff982ca0000 - 0x00007ff982d3e000 	C:\Windows\System32\msvcrt.dll
0x00007ff985310000 - 0x00007ff9853ae000 	C:\Windows\System32\sechost.dll
0x00007ff9834b0000 - 0x00007ff9835d2000 	C:\Windows\System32\RPCRT4.dll
0x00007ff982fe0000 - 0x00007ff983177000 	C:\Windows\System32\USER32.dll
0x00007ff982400000 - 0x00007ff982420000 	C:\Windows\System32\win32u.dll
0x00007ff9831e0000 - 0x00007ff983209000 	C:\Windows\System32\GDI32.dll
0x00007ff9827a0000 - 0x00007ff982939000 	C:\Windows\System32\gdi32full.dll
0x00007ff981b40000 - 0x00007ff981be0000 	C:\Windows\System32\msvcp_win.dll
0x00007ff982940000 - 0x00007ff982a3a000 	C:\Windows\System32\ucrtbase.dll
0x00007ff9728c0000 - 0x00007ff972b39000 	C:\Windows\WinSxS\amd64_microsoft.windows.common-controls_6595b64144ccf1df_6.0.17763.615_none_05b4414a072024d4\COMCTL32.dll
0x00007ff985480000 - 0x00007ff9857ac000 	C:\Windows\System32\combase.dll
0x00007ff982a40000 - 0x00007ff982abe000 	C:\Windows\System32\bcryptPrimitives.dll
0x00007ff982f50000 - 0x00007ff982f7e000 	C:\Windows\System32\IMM32.DLL
0x0000000061320000 - 0x00000000613f2000 	C:\Program Files\Java\jre1.8.0_212\bin\msvcr100.dll
0x0000000061e70000 - 0x0000000062715000 	C:\Program Files\Java\jre1.8.0_212\bin\server\jvm.dll
0x00007ff9835e0000 - 0x00007ff9835e8000 	C:\Windows\System32\PSAPI.DLL
0x00007ff96ddd0000 - 0x00007ff96ddd9000 	C:\Windows\SYSTEM32\WSOCK32.dll
0x00007ff983210000 - 0x00007ff98327d000 	C:\Windows\System32\WS2_32.dll
0x00007ff97e2a0000 - 0x00007ff97e2c4000 	C:\Windows\SYSTEM32\WINMM.dll
0x00007ff97b3a0000 - 0x00007ff97b3aa000 	C:\Windows\SYSTEM32\VERSION.dll
0x00007ff97e270000 - 0x00007ff97e29d000 	C:\Windows\SYSTEM32\WINMMBASE.dll
0x00007ff9826c0000 - 0x00007ff98270a000 	C:\Windows\System32\cfgmgr32.dll
0x00007ff97e370000 - 0x00007ff97e37f000 	C:\Program Files\Java\jre1.8.0_212\bin\verify.dll
0x00007ff97af10000 - 0x00007ff97af39000 	C:\Program Files\Java\jre1.8.0_212\bin\java.dll
0x00007ff97b640000 - 0x00007ff97b656000 	C:\Program Files\Java\jre1.8.0_212\bin\zip.dll
0x00007ff9835f0000 - 0x00007ff984ae0000 	C:\Windows\System32\SHELL32.dll
0x00007ff985130000 - 0x00007ff9851d8000 	C:\Windows\System32\shcore.dll
0x00007ff981cb0000 - 0x00007ff9823fa000 	C:\Windows\System32\windows.storage.dll
0x00007ff981b10000 - 0x00007ff981b34000 	C:\Windows\System32\profapi.dll
0x00007ff981a90000 - 0x00007ff981aed000 	C:\Windows\System32\powrprof.dll
0x00007ff983180000 - 0x00007ff9831d2000 	C:\Windows\System32\shlwapi.dll
0x00007ff981af0000 - 0x00007ff981b01000 	C:\Windows\System32\kernel.appcore.dll
0x00007ff981be0000 - 0x00007ff981bf7000 	C:\Windows\System32\cryptsp.dll
0x00007ff97e320000 - 0x00007ff97e32d000 	C:\Program Files\Java\jre1.8.0_212\bin\management.dll
0x00007ff97aeb0000 - 0x00007ff97aeca000 	C:\Program Files\Java\jre1.8.0_212\bin\net.dll
0x00007ff973840000 - 0x00007ff973a17000 	C:\Windows\SYSTEM32\urlmon.dll
0x00007ff972010000 - 0x00007ff9722b8000 	C:\Windows\SYSTEM32\iertutil.dll
0x00007ff9814b0000 - 0x00007ff9814bc000 	C:\Windows\SYSTEM32\CRYPTBASE.DLL
0x00007ff9812e0000 - 0x00007ff981347000 	C:\Windows\system32\mswsock.dll
0x00007ff97ae10000 - 0x00007ff97ae22000 	C:\Program Files\Java\jre1.8.0_212\bin\nio.dll
0x00007ff973a20000 - 0x00007ff973a36000 	C:\Windows\system32\napinsp.dll
0x00007ff95f3e0000 - 0x00007ff95f3fa000 	C:\Windows\system32\pnrpnsp.dll
0x00007ff981080000 - 0x00007ff981146000 	C:\Windows\SYSTEM32\DNSAPI.dll
0x00007ff982dc0000 - 0x00007ff982dc8000 	C:\Windows\System32\NSI.dll
0x00007ff981040000 - 0x00007ff98107d000 	C:\Windows\SYSTEM32\IPHLPAPI.DLL
0x00007ff95f3d0000 - 0x00007ff95f3de000 	C:\Windows\System32\winrnr.dll
0x00007ff97e2d0000 - 0x00007ff97e2eb000 	C:\Windows\system32\NLAapi.dll
0x00007ff97b380000 - 0x00007ff97b395000 	C:\Windows\system32\wshbth.dll
0x00007ff970370000 - 0x00007ff97037a000 	C:\Windows\System32\rasadhlp.dll
0x00007ff970840000 - 0x00007ff9708b9000 	C:\Windows\System32\fwpuclnt.dll
0x00007ff982770000 - 0x00007ff982796000 	C:\Windows\System32\bcrypt.dll
0x00007ff980ea0000 - 0x00007ff980ed3000 	C:\Windows\system32\rsaenh.dll
0x00007ff9819a0000 - 0x00007ff9819c8000 	C:\Windows\SYSTEM32\USERENV.dll
0x00007ff97fa20000 - 0x00007ff97fa36000 	C:\Windows\SYSTEM32\dhcpcsvc6.DLL
0x00007ff97fa00000 - 0x00007ff97fa1c000 	C:\Windows\SYSTEM32\dhcpcsvc.DLL
0x000000006ec40000 - 0x000000006ec56000 	C:\Users\Simone\Documents\GitHub\OOPeCalc\SpringBootProject\src\main\java\it\project\SpringBootProject\Service\NativeStats.dll
0x0000000061440000 - 0x000000006145a000 	C:\mingw-64\mingw64\bin\libgcc_s_seh-1.dll
0x000000006fc40000 - 0x000000006fda3000 	C:\mingw-64\mingw64\bin\libstdc++-6.dll
0x0000000064940000 - 0x0000000064955000 	C:\mingw-64\mingw64\bin\libwinpthread-1.dll
0x00007ff980450000 - 0x00007ff98063d000 	C:\Windows\SYSTEM32\dbghelp.dll

VM Arguments:
jvm_args: -Dcom.sun.management.jmxremote -Dcom.sun.management.jmxremote.port=50379 -Dcom.sun.management.jmxremote.authenticate=false -Dcom.sun.management.jmxremote.ssl=false -Djava.rmi.server.hostname=localhost -Dspring.jmx.enabled=true -Dspring.application.admin.enabled=true -Djava.library.path=C:\Users\Simone\Documents\GitHub\OOPeCalc\SpringBootProject\src\main\java\it\project\SpringBootProject\Service -Xverify:none -XX:TieredStopAtLevel=1 -Dfile.encoding=UTF-8 
java_command: it.project.SpringBootProject.SpringBootProjectApplication
java_class_path (initial): C:\Users\Simone\Documents\GitHub\OOPeCalc\SpringBootProject\target\classes;C:\Users\Simone\Documents\GitHub\OOPeCalc\json-simple-1.1.1.jar;C:\Users\Simone\Documents\GitHub\OOPeCalc\opencsv-2.2.jar;C:\Users\Simone\.m2\repository\org\springframework\boot\spring-boot-starter-web\2.1.6.RELEASE\spring-boot-starter-web-2.1.6.RELEASE.jar;C:\Users\Simone\.m2\repository\org\springframework\boot\spring-boot-starter\2.1.6.RELEASE\spring-boot-starter-2.1.6.RELEASE.jar;C:\Users\Simone\.m2\repository\org\springframework\boot\spring-boot-starter-logging\2.1.6.RELEASE\spring-boot-starter-logging-2.1.6.RELEASE.jar;C:\Users\Simone\.m2\repository\ch\qos\logback\logback-classic\1.2.3\logback-classic-1.2.3.jar;C:\Users\Simone\.m2\repository\ch\qos\logback\logback-core\1.2.3\logback-core-1.2.3.jar;C:\Users\Simone\.m2\repository\org\apache\logging\log4j\log4j-to-slf4j\2.11.2\log4j-to-slf4j-2.11.2.jar;C:\Users\Simone\.m2\repository\org\apache\logging\log4j\log4j-api\2.11.2\log4j-api-2.11.2.jar;C:\Users\Simone\.m2\repository\org\slf4j\jul-to-slf4j\1.7.26\jul-to-slf4j-1.7.26.jar;C:\Users\Simone\.m2\repository\javax\annotation\javax.annotation-api\1.3.2\javax.annotation-api-1.3.2.jar;C:\Users\Simone\.m2\repository\org\yaml\snakeyaml\1.23\snakeyaml-1.23.jar;C:\Users\Simone\.m2\repository\org\springframework\boot\spring-boot-starter-json\2.1.6.RELEASE\spring-boot-starter-json-2.1.6.RELEASE.jar;C:\Users\Simone\.m2\repository\com\fasterxml\jackson\core\jackson-databind\2.9.9\jackson-databind-2.9.9.jar;C:\Users\Simone\.m2\repository\com\fasterxml\jackson\core\jackson-annotations\2.9.0\jackson-annotations-2.9.0.jar;C:\Users\Simone\.m2\repository\com\fasterxml\jackson\core\jackson-core\2.9.9\jackson-core-2.9.9.jar;C:\Users\Simone\.m2\repository\com\fasterxml\jackson\datatype\jackson-datatype-jdk8\2.9.9\jackson-datatype-jdk8-2.9.9.jar;C:\Users\Simone\.m2\repository\com\fasterxml\jackson\datatype\jackson-datatype-jsr310\2.9.9\jackson-datatype-jsr310-2.9.9.jar;C:\Users\Simo
Launcher Type: SUN_STANDARD

Environment Variables:
PATH=C:/Program Files/Java/jre1.8.0_212/bin/server;C:/Program Files/Java/jre1.8.0_212/bin;C:/Program Files/Java/jre1.8.0_212/lib/amd64;C:\Program Files\NVIDIA GPU Computing Toolkit\CUDA\v10.1\bin;C:\Program Files\NVIDIA GPU Computing Toolkit\CUDA\v10.1\libnvvp;C:\Program Files (x86)\Common Files\Oracle\Java\javapath;C:\Windows\system32;C:\Windows;C:\Windows\System32\Wbem;C:\Windows\System32\WindowsPowerShell\v1.0\;C:\Windows\System32\OpenSSH\;C:\Program Files\dotnet\;C:\Program Files\Microsoft SQL Server\130\Tools\Binn\;C:\Program Files\Git\cmd;C:\Program Files\NVIDIA Corporation\Nsight Compute 2019.1\;C:\Program Files (x86)\NVIDIA Corporation\PhysX\Common;C:\Program Files\NVIDIA Corporation\NVIDIA NvDLISR;C:\Program Files (x86)\Android\android-sdk\platform-tools;C:\Program Files\PuTTY\;C:\Windows;C:\Windows\System32;C:\xampp\php;C:\ZendFramework-1.12.3\bin;C:\ZendFramework-1.12.3\bin\zf.bat;C:\apache-maven-3.6.1\bin;C:\Program Files\Java\jdk1.8.0_212\bin;C:\MinGW\bin;C:\Program Files (x86)\mingw-w64\i686-8.1.0-posix-dwarf-rt_v6-rev0;C:\mingw-64\mingw64\bin;C:\Users\Simone\Desktop\Uni\Programmazione ad Oggetti\Progetti Eclipse\JNItest\src;C:\mingw-64\mingw64\lib\gcc\x86_64-w64-mingw32\8.1.0\include\c++;C:\Program Files (x86)\Microsoft Visual Studio\2017\Community\VC\Tools\MSVC\14.16.27023\bin\Hostx64\x64;C:\Users\Simone\AppData\Local\Microsoft\WindowsApps;C:\Users\Simone\AppData\Local\GitHubDesktop\bin;C:\Users\Simone\AppData\Local\atom\bin;C:\Windows\System32;C:\Windows;C:\Users\Simone\Desktop\Uni\Programmazione ad Oggetti\Progetti Eclipse\JNIexample;C:\mingw-64\mingw64\lib\gcc\x86_64-w64-mingw32\8.1.0\include\c++;;C:\Users\Simone\Desktop;
USERNAME=Simone
OS=Windows_NT
PROCESSOR_IDENTIFIER=Intel64 Family 6 Model 142 Stepping 10, GenuineIntel



---------------  S Y S T E M  ---------------

OS: Windows 10.0 , 64 bit Build 17763 (10.0.17763.475)

CPU:total 8 (initial active 8) (4 cores per cpu, 2 threads per core) family 6 model 142 stepping 10, cmov, cx8, fxsr, mmx, sse, sse2, sse3, ssse3, sse4.1, sse4.2, popcnt, avx, avx2, aes, clmul, erms, 3dnowpref, lzcnt, ht, tsc, tscinvbit, bmi1, bmi2, adx

Memory: 4k page, physical 12466404k(4471948k free), swap 16538360k(4963180k free)

vm_info: Java HotSpot(TM) 64-Bit Server VM (25.212-b10) for windows-amd64 JRE (1.8.0_212-b10), built on Apr  1 2019 22:50:23 by "java_re" with MS VC++ 10.0 (VS2010)

time: Thu Jul 18 15:05:51 2019
timezone: ora legale Europa occidentale
elapsed time: 7 seconds (0d 0h 0m 7s)

