#
# A fatal error has been detected by the Java Runtime Environment:
#
#  Internal Error (0x20474343), pid=16948, tid=0x0000000000000d9c
#
# JRE version: Java(TM) SE Runtime Environment (8.0_212-b10) (build 1.8.0_212-b10)
# Java VM: Java HotSpot(TM) 64-Bit Server VM (25.212-b10 mixed mode windows-amd64 compressed oops)
# Problematic frame:
# C  [KERNELBASE.dll+0x39129]
#
# Failed to write core dump. Minidumps are not enabled by default on client versions of Windows
#
# If you would like to submit a bug report, please visit:
#   http://bugreport.java.com/bugreport/crash.jsp
# The crash happened outside the Java Virtual Machine in native code.
# See problematic frame for where to report the bug.
#

---------------  T H R E A D  ---------------

Current thread (0x000000001e91a800):  JavaThread "http-nio-8080-exec-4" daemon [_thread_in_native, id=3484, stack(0x0000000020550000,0x0000000020650000)]

siginfo: ExceptionCode=0x20474343, ExceptionInformation=0x000000001d897700 

Registers:
RAX=0x0000000000000000, RBX=0x000000001d897700, RCX=0x0000000000000000, RDX=0x0000000000000000
RSP=0x000000002058bd50, RBP=0x000000002058c120, RSI=0x000000006fcb3480, RDI=0x000000001d897740
R8 =0x0000000000000000, R9 =0x0000000000000000, R10=0x0000000000000000, R11=0x0000000000000000
R12=0x000000002064d0a0, R13=0x000000001f1957e0, R14=0x000000002064d250, R15=0x000000001e91a800
RIP=0x00007ff982459129, EFLAGS=0x0000000000000202

Top of Stack: (sp=0x000000002058bd50)
0x000000002058bd50:   0000000000000000 000000001d897700
0x000000002058bd60:   000000006fcb3480 000000001d897740
0x000000002058bd70:   0000000020474343 0000000000000000
0x000000002058bd80:   00007ff982459129 0000000000000001
0x000000002058bd90:   000000001d897700 0000000064945138
0x000000002058bda0:   000000001e91a800 000000002064d250
0x000000002058bdb0:   000000001f1957e0 000000002064d0a0
0x000000002058bdc0:   0000000000000018 0000000000000008
0x000000002058bdd0:   0000000000000010 00007ff982cb9db0
0x000000002058bde0:   0000000000000000 0000000000000018
0x000000002058bdf0:   000000001f1957e0 0000000020640000
0x000000002058be00:   000000006fd0b500 000000006144df1a
0x000000002058be10:   0000632a064351ba 0000000000000008
0x000000002058be20:   0000000000000000 000000006144d5c6
0x000000002058be30:   000000001d897740 000000006fcb3480
0x000000002058be40:   000000006fd18810 000000002058c120 

Instructions: (pc=0x00007ff982459129)
0x00007ff982459109:   8b d1 44 0f 47 c0 44 89 44 24 38 49 c1 e0 03 e8
0x00007ff982459119:   2a 1d 05 00 48 8d 4c 24 20 48 ff 15 ef 21 16 00
0x00007ff982459129:   0f 1f 44 00 00 48 8b 8c 24 c0 00 00 00 48 33 cc
0x00007ff982459139:   e8 12 e7 04 00 48 81 c4 d8 00 00 00 c3 83 64 24 


Register to memory mapping:

RAX=0x0000000000000000 is an unknown value
RBX=0x000000001d897700 is an unknown value
RCX=0x0000000000000000 is an unknown value
RDX=0x0000000000000000 is an unknown value
RSP=0x000000002058bd50 is pointing into the stack for thread: 0x000000001e91a800
RBP=0x000000002058c120 is pointing into the stack for thread: 0x000000001e91a800
RSI=0x000000006fcb3480 is an unknown value
RDI=0x000000001d897740 is an unknown value
R8 =0x0000000000000000 is an unknown value
R9 =0x0000000000000000 is an unknown value
R10=0x0000000000000000 is an unknown value
R11=0x0000000000000000 is an unknown value
R12=0x000000002064d0a0 is pointing into the stack for thread: 0x000000001e91a800
R13=0x000000001f1957e0 is pointing into metadata
R14=0x000000002064d250 is pointing into the stack for thread: 0x000000001e91a800
R15=0x000000001e91a800 is a thread


Stack: [0x0000000020550000,0x0000000020650000],  sp=0x000000002058bd50,  free space=239k
Native frames: (J=compiled Java code, j=interpreted, Vv=VM code, C=native code)
C  [KERNELBASE.dll+0x39129]
C  [libgcc_s_seh-1.dll+0xd5c6]
C  [libstdc++-6.dll+0xc5e05]
C  [libstdc++-6.dll+0xba5ed]
C  [NativeStats.dll+0x4856]
C  [NativeStats.dll+0x5c20]
C  [NativeStats.dll+0x18d0]
C  0x0000000002338c67

Java frames: (J=compiled Java code, j=interpreted, Vv=VM code)
j  it.project.SpringBootProject.Service.NativeStats.nativeString([Ljava/lang/String;I)V+0
j  it.project.SpringBootProject.Service.ReportServiceImpl.reportStatsStrJni(Ljava/lang/String;)Ljava/util/List;+168
j  it.project.SpringBootProject.Controller.ReportController.reportStatsStrJni(Ljava/lang/String;)Lorg/springframework/http/ResponseEntity;+9
v  ~StubRoutines::call_stub
J 1991  sun.reflect.NativeMethodAccessorImpl.invoke0(Ljava/lang/reflect/Method;Ljava/lang/Object;[Ljava/lang/Object;)Ljava/lang/Object; (0 bytes) @ 0x000000000278a27f [0x000000000278a200+0x7f]
J 1990 C1 sun.reflect.NativeMethodAccessorImpl.invoke(Ljava/lang/Object;[Ljava/lang/Object;)Ljava/lang/Object; (104 bytes) @ 0x000000000278d624 [0x000000000278d260+0x3c4]
J 1447 C1 sun.reflect.DelegatingMethodAccessorImpl.invoke(Ljava/lang/Object;[Ljava/lang/Object;)Ljava/lang/Object; (10 bytes) @ 0x0000000002655924 [0x00000000026558e0+0x44]
J 1433 C1 java.lang.reflect.Method.invoke(Ljava/lang/Object;[Ljava/lang/Object;)Ljava/lang/Object; (62 bytes) @ 0x000000000264bfe4 [0x000000000264bee0+0x104]
j  org.springframework.web.method.support.InvocableHandlerMethod.doInvoke([Ljava/lang/Object;)Ljava/lang/Object;+16
j  org.springframework.web.method.support.InvocableHandlerMethod.invokeForRequest(Lorg/springframework/web/context/request/NativeWebRequest;Lorg/springframework/web/method/support/ModelAndViewContainer;[Ljava/lang/Object;)Ljava/lang/Object;+56
j  org.springframework.web.servlet.mvc.method.annotation.ServletInvocableHandlerMethod.invokeAndHandle(Lorg/springframework/web/context/request/ServletWebRequest;Lorg/springframework/web/method/support/ModelAndViewContainer;[Ljava/lang/Object;)V+4
j  org.springframework.web.servlet.mvc.method.annotation.RequestMappingHandlerAdapter.invokeHandlerMethod(Ljavax/servlet/http/HttpServletRequest;Ljavax/servlet/http/HttpServletResponse;Lorg/springframework/web/method/HandlerMethod;)Lorg/springframework/web/servlet/ModelAndView;+244
j  org.springframework.web.servlet.mvc.method.annotation.RequestMappingHandlerAdapter.handleInternal(Ljavax/servlet/http/HttpServletRequest;Ljavax/servlet/http/HttpServletResponse;Lorg/springframework/web/method/HandlerMethod;)Lorg/springframework/web/servlet/ModelAndView;+81
j  org.springframework.web.servlet.mvc.method.AbstractHandlerMethodAdapter.handle(Ljavax/servlet/http/HttpServletRequest;Ljavax/servlet/http/HttpServletResponse;Ljava/lang/Object;)Lorg/springframework/web/servlet/ModelAndView;+7
j  org.springframework.web.servlet.DispatcherServlet.doDispatch(Ljavax/servlet/http/HttpServletRequest;Ljavax/servlet/http/HttpServletResponse;)V+257
j  org.springframework.web.servlet.DispatcherServlet.doService(Ljavax/servlet/http/HttpServletRequest;Ljavax/servlet/http/HttpServletResponse;)V+212
j  org.springframework.web.servlet.FrameworkServlet.processRequest(Ljavax/servlet/http/HttpServletRequest;Ljavax/servlet/http/HttpServletResponse;)V+71
j  org.springframework.web.servlet.FrameworkServlet.doGet(Ljavax/servlet/http/HttpServletRequest;Ljavax/servlet/http/HttpServletResponse;)V+3
j  javax.servlet.http.HttpServlet.service(Ljavax/servlet/http/HttpServletRequest;Ljavax/servlet/http/HttpServletResponse;)V+35
j  org.springframework.web.servlet.FrameworkServlet.service(Ljavax/servlet/http/HttpServletRequest;Ljavax/servlet/http/HttpServletResponse;)V+33
j  javax.servlet.http.HttpServlet.service(Ljavax/servlet/ServletRequest;Ljavax/servlet/ServletResponse;)V+36
j  org.apache.catalina.core.ApplicationFilterChain.internalDoFilter(Ljavax/servlet/ServletRequest;Ljavax/servlet/ServletResponse;)V+304
j  org.apache.catalina.core.ApplicationFilterChain.doFilter(Ljavax/servlet/ServletRequest;Ljavax/servlet/ServletResponse;)V+101
j  org.apache.tomcat.websocket.server.WsFilter.doFilter(Ljavax/servlet/ServletRequest;Ljavax/servlet/ServletResponse;Ljavax/servlet/FilterChain;)V+21
j  org.apache.catalina.core.ApplicationFilterChain.internalDoFilter(Ljavax/servlet/ServletRequest;Ljavax/servlet/ServletResponse;)V+135
j  org.apache.catalina.core.ApplicationFilterChain.doFilter(Ljavax/servlet/ServletRequest;Ljavax/servlet/ServletResponse;)V+101
j  org.springframework.web.filter.RequestContextFilter.doFilterInternal(Ljavax/servlet/http/HttpServletRequest;Ljavax/servlet/http/HttpServletResponse;Ljavax/servlet/FilterChain;)V+21
j  org.springframework.web.filter.OncePerRequestFilter.doFilter(Ljavax/servlet/ServletRequest;Ljavax/servlet/ServletResponse;Ljavax/servlet/FilterChain;)V+120
j  org.apache.catalina.core.ApplicationFilterChain.internalDoFilter(Ljavax/servlet/ServletRequest;Ljavax/servlet/ServletResponse;)V+135
j  org.apache.catalina.core.ApplicationFilterChain.doFilter(Ljavax/servlet/ServletRequest;Ljavax/servlet/ServletResponse;)V+101
j  org.springframework.web.filter.FormContentFilter.doFilterInternal(Ljavax/servlet/http/HttpServletRequest;Ljavax/servlet/http/HttpServletResponse;Ljavax/servlet/FilterChain;)V+38
j  org.springframework.web.filter.OncePerRequestFilter.doFilter(Ljavax/servlet/ServletRequest;Ljavax/servlet/ServletResponse;Ljavax/servlet/FilterChain;)V+120
j  org.apache.catalina.core.ApplicationFilterChain.internalDoFilter(Ljavax/servlet/ServletRequest;Ljavax/servlet/ServletResponse;)V+135
j  org.apache.catalina.core.ApplicationFilterChain.doFilter(Ljavax/servlet/ServletRequest;Ljavax/servlet/ServletResponse;)V+101
j  org.springframework.web.filter.HiddenHttpMethodFilter.doFilterInternal(Ljavax/servlet/http/HttpServletRequest;Ljavax/servlet/http/HttpServletResponse;Ljavax/servlet/FilterChain;)V+87
j  org.springframework.web.filter.OncePerRequestFilter.doFilter(Ljavax/servlet/ServletRequest;Ljavax/servlet/ServletResponse;Ljavax/servlet/FilterChain;)V+120
j  org.apache.catalina.core.ApplicationFilterChain.internalDoFilter(Ljavax/servlet/ServletRequest;Ljavax/servlet/ServletResponse;)V+135
j  org.apache.catalina.core.ApplicationFilterChain.doFilter(Ljavax/servlet/ServletRequest;Ljavax/servlet/ServletResponse;)V+101
j  org.springframework.web.filter.CharacterEncodingFilter.doFilterInternal(Ljavax/servlet/http/HttpServletRequest;Ljavax/servlet/http/HttpServletResponse;Ljavax/servlet/FilterChain;)V+53
j  org.springframework.web.filter.OncePerRequestFilter.doFilter(Ljavax/servlet/ServletRequest;Ljavax/servlet/ServletResponse;Ljavax/servlet/FilterChain;)V+120
j  org.apache.catalina.core.ApplicationFilterChain.internalDoFilter(Ljavax/servlet/ServletRequest;Ljavax/servlet/ServletResponse;)V+135
j  org.apache.catalina.core.ApplicationFilterChain.doFilter(Ljavax/servlet/ServletRequest;Ljavax/servlet/ServletResponse;)V+101
j  org.apache.catalina.core.StandardWrapperValve.invoke(Lorg/apache/catalina/connector/Request;Lorg/apache/catalina/connector/Response;)V+694
j  org.apache.catalina.core.StandardContextValve.invoke(Lorg/apache/catalina/connector/Request;Lorg/apache/catalina/connector/Response;)V+166
j  org.apache.catalina.authenticator.AuthenticatorBase.invoke(Lorg/apache/catalina/connector/Request;Lorg/apache/catalina/connector/Response;)V+260
j  org.apache.catalina.core.StandardHostValve.invoke(Lorg/apache/catalina/connector/Request;Lorg/apache/catalina/connector/Response;)V+114
j  org.apache.catalina.valves.ErrorReportValve.invoke(Lorg/apache/catalina/connector/Request;Lorg/apache/catalina/connector/Response;)V+6
j  org.apache.catalina.core.StandardEngineValve.invoke(Lorg/apache/catalina/connector/Request;Lorg/apache/catalina/connector/Response;)V+45
j  org.apache.catalina.connector.CoyoteAdapter.service(Lorg/apache/coyote/Request;Lorg/apache/coyote/Response;)V+199
j  org.apache.coyote.http11.Http11Processor.service(Lorg/apache/tomcat/util/net/SocketWrapperBase;)Lorg/apache/tomcat/util/net/AbstractEndpoint$Handler$SocketState;+791
j  org.apache.coyote.AbstractProcessorLight.process(Lorg/apache/tomcat/util/net/SocketWrapperBase;Lorg/apache/tomcat/util/net/SocketEvent;)Lorg/apache/tomcat/util/net/AbstractEndpoint$Handler$SocketState;+113
j  org.apache.coyote.AbstractProtocol$ConnectionHandler.process(Lorg/apache/tomcat/util/net/SocketWrapperBase;Lorg/apache/tomcat/util/net/SocketEvent;)Lorg/apache/tomcat/util/net/AbstractEndpoint$Handler$SocketState;+422
j  org.apache.tomcat.util.net.NioEndpoint$SocketProcessor.doRun()V+221
j  org.apache.tomcat.util.net.SocketProcessorBase.run()V+21
j  java.util.concurrent.ThreadPoolExecutor.runWorker(Ljava/util/concurrent/ThreadPoolExecutor$Worker;)V+95
j  java.util.concurrent.ThreadPoolExecutor$Worker.run()V+5
j  org.apache.tomcat.util.threads.TaskThread$WrappingRunnable.run()V+4
j  java.lang.Thread.run()V+11
v  ~StubRoutines::call_stub

---------------  P R O C E S S  ---------------

Java Threads: ( => current thread )
  0x000000001e938800 JavaThread "JMX server connection timeout 43" daemon [_thread_blocked, id=16592, stack(0x0000000021350000,0x0000000021450000)]
  0x000000001e937000 JavaThread "RMI Scheduler(0)" daemon [_thread_blocked, id=9948, stack(0x0000000021250000,0x0000000021350000)]
  0x000000001e93b800 JavaThread "RMI TCP Connection(1)-127.0.0.1" daemon [_thread_in_native, id=13460, stack(0x0000000021150000,0x0000000021250000)]
  0x000000001e93d000 JavaThread "DestroyJavaVM" [_thread_blocked, id=17848, stack(0x0000000002120000,0x0000000002220000)]
  0x000000001e935800 JavaThread "http-nio-8080-Acceptor" daemon [_thread_in_native, id=12244, stack(0x0000000020d50000,0x0000000020e50000)]
  0x000000001e938000 JavaThread "http-nio-8080-ClientPoller" daemon [_thread_in_native, id=14284, stack(0x0000000020c50000,0x0000000020d50000)]
  0x000000001e920800 JavaThread "http-nio-8080-exec-10" daemon [_thread_blocked, id=18900, stack(0x0000000020b50000,0x0000000020c50000)]
  0x000000001e920000 JavaThread "http-nio-8080-exec-9" daemon [_thread_blocked, id=17172, stack(0x0000000020a50000,0x0000000020b50000)]
  0x000000001e91c000 JavaThread "http-nio-8080-exec-8" daemon [_thread_blocked, id=13520, stack(0x0000000020950000,0x0000000020a50000)]
  0x000000001e91f000 JavaThread "http-nio-8080-exec-7" daemon [_thread_blocked, id=18108, stack(0x0000000020850000,0x0000000020950000)]
  0x000000001e91d800 JavaThread "http-nio-8080-exec-6" daemon [_thread_blocked, id=15928, stack(0x0000000020750000,0x0000000020850000)]
  0x000000001e91d000 JavaThread "http-nio-8080-exec-5" daemon [_thread_blocked, id=3816, stack(0x0000000020650000,0x0000000020750000)]
=>0x000000001e91a800 JavaThread "http-nio-8080-exec-4" daemon [_thread_in_native, id=3484, stack(0x0000000020550000,0x0000000020650000)]
  0x000000001e91e800 JavaThread "http-nio-8080-exec-3" daemon [_thread_blocked, id=12936, stack(0x0000000020450000,0x0000000020550000)]
  0x000000001e921800 JavaThread "http-nio-8080-exec-2" daemon [_thread_blocked, id=19340, stack(0x0000000020350000,0x0000000020450000)]
  0x000000001e91b800 JavaThread "http-nio-8080-exec-1" daemon [_thread_blocked, id=19608, stack(0x0000000020250000,0x0000000020350000)]
  0x000000001e915800 JavaThread "http-nio-8080-BlockPoller" daemon [_thread_in_native, id=17828, stack(0x0000000020150000,0x0000000020250000)]
  0x000000001e8e8800 JavaThread "Live Reload Server" daemon [_thread_in_native, id=10628, stack(0x0000000020050000,0x0000000020150000)]
  0x000000001e8e7800 JavaThread "File Watcher" daemon [_thread_blocked, id=20016, stack(0x000000001fe50000,0x000000001ff50000)]
  0x000000001e805000 JavaThread "container-0" [_thread_blocked, id=20056, stack(0x000000001fb50000,0x000000001fc50000)]
  0x000000001e804000 JavaThread "Catalina-utility-2" [_thread_blocked, id=16048, stack(0x000000001fa50000,0x000000001fb50000)]
  0x000000001e85d800 JavaThread "Catalina-utility-1" [_thread_blocked, id=1312, stack(0x000000001f950000,0x000000001fa50000)]
  0x000000001c846800 JavaThread "RMI TCP Accept-0" daemon [_thread_in_native, id=13304, stack(0x000000001d120000,0x000000001d220000)]
  0x000000001c842000 JavaThread "RMI TCP Accept-53688" daemon [_thread_in_native, id=2404, stack(0x000000001d020000,0x000000001d120000)]
  0x000000001c82f000 JavaThread "RMI TCP Accept-0" daemon [_thread_in_native, id=12916, stack(0x000000001cf20000,0x000000001d020000)]
  0x000000001b788000 JavaThread "Service Thread" daemon [_thread_blocked, id=18244, stack(0x000000001c2e0000,0x000000001c3e0000)]
  0x000000001b707800 JavaThread "C1 CompilerThread3" daemon [_thread_blocked, id=5084, stack(0x000000001c1e0000,0x000000001c2e0000)]
  0x000000001b6fd800 JavaThread "C2 CompilerThread2" daemon [_thread_blocked, id=11624, stack(0x000000001c0e0000,0x000000001c1e0000)]
  0x000000001b6f1800 JavaThread "C2 CompilerThread1" daemon [_thread_blocked, id=16468, stack(0x000000001bfe0000,0x000000001c0e0000)]
  0x000000001b6ee800 JavaThread "C2 CompilerThread0" daemon [_thread_blocked, id=8532, stack(0x000000001bee0000,0x000000001bfe0000)]
  0x000000001b6ed800 JavaThread "Attach Listener" daemon [_thread_blocked, id=15120, stack(0x000000001bde0000,0x000000001bee0000)]
  0x00000000197fe800 JavaThread "Signal Dispatcher" daemon [_thread_blocked, id=7792, stack(0x000000001bce0000,0x000000001bde0000)]
  0x00000000197f3800 JavaThread "Finalizer" daemon [_thread_blocked, id=13756, stack(0x000000001bac0000,0x000000001bbc0000)]
  0x00000000197ec800 JavaThread "Reference Handler" daemon [_thread_blocked, id=19100, stack(0x000000001b5c0000,0x000000001b6c0000)]

Other Threads:
  0x00000000197e8800 VMThread [stack: 0x000000001b4c0000,0x000000001b5c0000] [id=16568]
  0x000000001c848800 WatcherThread [stack: 0x000000001d220000,0x000000001d320000] [id=19388]

VM state:not at safepoint (normal execution)

VM Mutex/Monitor currently owned by a thread: None

heap address: 0x0000000701c00000, size: 3044 MB, Compressed Oops mode: Zero based, Oop shift amount: 3
Narrow klass base: 0x0000000000000000, Narrow klass shift: 3
Compressed class space size: 1073741824 Address: 0x00000007c0000000

Heap:
 PSYoungGen      total 144896K, used 45527K [0x0000000780980000, 0x000000078c000000, 0x00000007c0000000)
  eden space 131072K, 24% used [0x0000000780980000,0x000000078287b0e8,0x0000000788980000)
  from space 13824K, 99% used [0x0000000789a80000,0x000000078a7fae88,0x000000078a800000)
  to   space 17408K, 0% used [0x0000000788980000,0x0000000788980000,0x0000000789a80000)
 ParOldGen       total 71168K, used 11315K [0x0000000701c00000, 0x0000000706180000, 0x0000000780980000)
  object space 71168K, 15% used [0x0000000701c00000,0x000000070270cdc8,0x0000000706180000)
 Metaspace       used 31567K, capacity 33410K, committed 33664K, reserved 1079296K
  class space    used 4290K, capacity 4665K, committed 4736K, reserved 1048576K

Card table byte_map: [0x00000000116e0000,0x0000000011ce0000] byte_map_base: 0x000000000ded2000

Marking Bits: (ParMarkBitMap*) 0x0000000062695ce0
 Begin Bits: [0x00000000128e0000, 0x0000000015870000)
 End Bits:   [0x0000000015870000, 0x0000000018800000)

Polling page: 0x0000000000680000

CodeCache: size=245760Kb used=6668Kb max_used=6668Kb free=239091Kb
 bounds [0x0000000002320000, 0x00000000029b0000, 0x0000000011320000]
 total_blobs=3549 nmethods=3110 adapters=349
 compilation: enabled

Compilation events (10 events):
Event: 5.570 Thread 0x000000001b707800 3105       1       java.util.ArrayList$ArrayListSpliterator::characteristics (4 bytes)
Event: 5.570 Thread 0x000000001b707800 nmethod 3105 0x00000000029a1ad0 code [0x00000000029a1c20, 0x00000000029a1d30]
Event: 5.578 Thread 0x000000001b707800 3107       1       org.springframework.core.convert.TypeDescriptor::hashCode (8 bytes)
Event: 5.578 Thread 0x000000001b707800 nmethod 3107 0x00000000029a2150 code [0x00000000029a22a0, 0x00000000029a23e8]
Event: 5.579 Thread 0x000000001b707800 3108       1       it.project.SpringBootProject.Model.Report::getCountry (5 bytes)
Event: 5.579 Thread 0x000000001b707800 nmethod 3108 0x00000000029a2490 code [0x00000000029a25e0, 0x00000000029a26f0]
Event: 5.579 Thread 0x000000001b707800 3109   !   1       sun.reflect.GeneratedMethodAccessor35::invoke (61 bytes)
Event: 5.579 Thread 0x000000001b707800 nmethod 3109 0x00000000029a2750 code [0x00000000029a2900, 0x00000000029a2c68]
Event: 5.823 Thread 0x000000001b707800 3110       1       org.springframework.boot.devtools.filewatch.FileSnapshot::hashCode (49 bytes)
Event: 5.823 Thread 0x000000001b707800 nmethod 3110 0x00000000029a2fd0 code [0x00000000029a3140, 0x00000000029a3338]

GC Heap History (10 events):
Event: 1.122 GC heap before
{Heap before GC invocations=3 (full 0):
 PSYoungGen      total 57344K, used 17229K [0x0000000780980000, 0x0000000787980000, 0x00000007c0000000)
  eden space 49152K, 18% used [0x0000000780980000,0x0000000781253e60,0x0000000783980000)
  from space 8192K, 99% used [0x0000000784180000,0x000000078497f818,0x0000000784980000)
  to   space 8192K, 0% used [0x0000000783980000,0x0000000783980000,0x0000000784180000)
 ParOldGen       total 131072K, used 1996K [0x0000000701c00000, 0x0000000709c00000, 0x0000000780980000)
  object space 131072K, 1% used [0x0000000701c00000,0x0000000701df3310,0x0000000709c00000)
 Metaspace       used 20679K, capacity 21202K, committed 21296K, reserved 1067008K
  class space    used 2788K, capacity 2932K, committed 2944K, reserved 1048576K
Event: 1.127 GC heap after
Heap after GC invocations=3 (full 0):
 PSYoungGen      total 57344K, used 5903K [0x0000000780980000, 0x0000000787980000, 0x00000007c0000000)
  eden space 49152K, 0% used [0x0000000780980000,0x0000000780980000,0x0000000783980000)
  from space 8192K, 72% used [0x0000000783980000,0x0000000783f43d70,0x0000000784180000)
  to   space 8192K, 0% used [0x0000000787180000,0x0000000787180000,0x0000000787980000)
 ParOldGen       total 131072K, used 2068K [0x0000000701c00000, 0x0000000709c00000, 0x0000000780980000)
  object space 131072K, 1% used [0x0000000701c00000,0x0000000701e05320,0x0000000709c00000)
 Metaspace       used 20679K, capacity 21202K, committed 21296K, reserved 1067008K
  class space    used 2788K, capacity 2932K, committed 2944K, reserved 1048576K
}
Event: 1.127 GC heap before
{Heap before GC invocations=4 (full 1):
 PSYoungGen      total 57344K, used 5903K [0x0000000780980000, 0x0000000787980000, 0x00000007c0000000)
  eden space 49152K, 0% used [0x0000000780980000,0x0000000780980000,0x0000000783980000)
  from space 8192K, 72% used [0x0000000783980000,0x0000000783f43d70,0x0000000784180000)
  to   space 8192K, 0% used [0x0000000787180000,0x0000000787180000,0x0000000787980000)
 ParOldGen       total 131072K, used 2068K [0x0000000701c00000, 0x0000000709c00000, 0x0000000780980000)
  object space 131072K, 1% used [0x0000000701c00000,0x0000000701e05320,0x0000000709c00000)
 Metaspace       used 20679K, capacity 21202K, committed 21296K, reserved 1067008K
  class space    used 2788K, capacity 2932K, committed 2944K, reserved 1048576K
Event: 1.151 GC heap after
Heap after GC invocations=4 (full 1):
 PSYoungGen      total 57344K, used 0K [0x0000000780980000, 0x0000000787980000, 0x00000007c0000000)
  eden space 49152K, 0% used [0x0000000780980000,0x0000000780980000,0x0000000783980000)
  from space 8192K, 0% used [0x0000000783980000,0x0000000783980000,0x0000000784180000)
  to   space 8192K, 0% used [0x0000000787180000,0x0000000787180000,0x0000000787980000)
 ParOldGen       total 71168K, used 5744K [0x0000000701c00000, 0x0000000706180000, 0x0000000780980000)
  object space 71168K, 8% used [0x0000000701c00000,0x000000070219c0e8,0x0000000706180000)
 Metaspace       used 20677K, capacity 21196K, committed 21296K, reserved 1067008K
  class space    used 2787K, capacity 2931K, committed 2944K, reserved 1048576K
}
Event: 1.482 GC heap before
{Heap before GC invocations=5 (full 1):
 PSYoungGen      total 57344K, used 49152K [0x0000000780980000, 0x0000000787980000, 0x00000007c0000000)
  eden space 49152K, 100% used [0x0000000780980000,0x0000000783980000,0x0000000783980000)
  from space 8192K, 0% used [0x0000000783980000,0x0000000783980000,0x0000000784180000)
  to   space 8192K, 0% used [0x0000000787180000,0x0000000787180000,0x0000000787980000)
 ParOldGen       total 71168K, used 5744K [0x0000000701c00000, 0x0000000706180000, 0x0000000780980000)
  object space 71168K, 8% used [0x0000000701c00000,0x000000070219c0e8,0x0000000706180000)
 Metaspace       used 23045K, capacity 23920K, committed 24192K, reserved 1071104K
  class space    used 3134K, capacity 3335K, committed 3456K, reserved 1048576K
Event: 1.486 GC heap after
Heap after GC invocations=5 (full 1):
 PSYoungGen      total 88064K, used 5129K [0x0000000780980000, 0x0000000787700000, 0x00000007c0000000)
  eden space 82432K, 0% used [0x0000000780980000,0x0000000780980000,0x0000000785a00000)
  from space 5632K, 91% used [0x0000000787180000,0x00000007876825e8,0x0000000787700000)
  to   space 8192K, 0% used [0x0000000786700000,0x0000000786700000,0x0000000786f00000)
 ParOldGen       total 71168K, used 5752K [0x0000000701c00000, 0x0000000706180000, 0x0000000780980000)
  object space 71168K, 8% used [0x0000000701c00000,0x000000070219e0e8,0x0000000706180000)
 Metaspace       used 23045K, capacity 23920K, committed 24192K, reserved 1071104K
  class space    used 3134K, capacity 3335K, committed 3456K, reserved 1048576K
}
Event: 2.188 GC heap before
{Heap before GC invocations=6 (full 1):
 PSYoungGen      total 88064K, used 87561K [0x0000000780980000, 0x0000000787700000, 0x00000007c0000000)
  eden space 82432K, 100% used [0x0000000780980000,0x0000000785a00000,0x0000000785a00000)
  from space 5632K, 91% used [0x0000000787180000,0x00000007876825e8,0x0000000787700000)
  to   space 8192K, 0% used [0x0000000786700000,0x0000000786700000,0x0000000786f00000)
 ParOldGen       total 71168K, used 5752K [0x0000000701c00000, 0x0000000706180000, 0x0000000780980000)
  object space 71168K, 8% used [0x0000000701c00000,0x000000070219e0e8,0x0000000706180000)
 Metaspace       used 29390K, capacity 30984K, committed 31232K, reserved 1077248K
  class space    used 3976K, capacity 4304K, committed 4352K, reserved 1048576K
Event: 2.196 GC heap after
Heap after GC invocations=6 (full 1):
 PSYoungGen      total 103936K, used 8183K [0x0000000780980000, 0x000000078a800000, 0x00000007c0000000)
  eden space 95744K, 0% used [0x0000000780980000,0x0000000780980000,0x0000000786700000)
  from space 8192K, 99% used [0x0000000786700000,0x0000000786efdf50,0x0000000786f00000)
  to   space 13824K, 0% used [0x0000000789a80000,0x0000000789a80000,0x000000078a800000)
 ParOldGen       total 71168K, used 9542K [0x0000000701c00000, 0x0000000706180000, 0x0000000780980000)
  object space 71168K, 13% used [0x0000000701c00000,0x0000000702551a20,0x0000000706180000)
 Metaspace       used 29390K, capacity 30984K, committed 31232K, reserved 1077248K
  class space    used 3976K, capacity 4304K, committed 4352K, reserved 1048576K
}
Event: 2.947 GC heap before
{Heap before GC invocations=7 (full 1):
 PSYoungGen      total 103936K, used 103927K [0x0000000780980000, 0x000000078a800000, 0x00000007c0000000)
  eden space 95744K, 100% used [0x0000000780980000,0x0000000786700000,0x0000000786700000)
  from space 8192K, 99% used [0x0000000786700000,0x0000000786efdf50,0x0000000786f00000)
  to   space 13824K, 0% used [0x0000000789a80000,0x0000000789a80000,0x000000078a800000)
 ParOldGen       total 71168K, used 9542K [0x0000000701c00000, 0x0000000706180000, 0x0000000780980000)
  object space 71168K, 13% used [0x0000000701c00000,0x0000000702551a20,0x0000000706180000)
 Metaspace       used 30805K, capacity 32548K, committed 32768K, reserved 1077248K
  class space    used 4173K, capacity 4504K, committed 4608K, reserved 1048576K
Event: 2.958 GC heap after
Heap after GC invocations=7 (full 1):
 PSYoungGen      total 144896K, used 13803K [0x0000000780980000, 0x000000078c000000, 0x00000007c0000000)
  eden space 131072K, 0% used [0x0000000780980000,0x0000000780980000,0x0000000788980000)
  from space 13824K, 99% used [0x0000000789a80000,0x000000078a7fae88,0x000000078a800000)
  to   space 17408K, 0% used [0x0000000788980000,0x0000000788980000,0x0000000789a80000)
 ParOldGen       total 71168K, used 11315K [0x0000000701c00000, 0x0000000706180000, 0x0000000780980000)
  object space 71168K, 15% used [0x0000000701c00000,0x000000070270cdc8,0x0000000706180000)
 Metaspace       used 30805K, capacity 32548K, committed 32768K, reserved 1077248K
  class space    used 4173K, capacity 4504K, committed 4608K, reserved 1048576K
}

Deoptimization events (0 events):
No events

Classes redefined (0 events):
No events

Internal exceptions (10 events):
Event: 3.483 Thread 0x000000001e93b800 Exception <a 'java/lang/ClassNotFoundException': org/springframework/context/support/LiveBeansView> (0x0000000781aeef38) thrown at [C:\re\workspace\8-2-build-windows-amd64-cygwin\jdk8u212\12974\hotspot\src\share\vm\classfile\systemDictionary.cpp, line 210
Event: 3.484 Thread 0x000000001e93b800 Exception <a 'java/lang/ClassNotFoundException': org/springframework/boot/actuate/endpoint/jmx/EndpointMBean> (0x0000000781afbb58) thrown at [C:\re\workspace\8-2-build-windows-amd64-cygwin\jdk8u212\12974\hotspot\src\share\vm\classfile\systemDictionary.cpp
Event: 3.484 Thread 0x000000001e93b800 Exception <a 'java/lang/ClassNotFoundException': org/springframework/boot/actuate/endpoint/jmx/DataEndpointMBean> (0x0000000781afc0b8) thrown at [C:\re\workspace\8-2-build-windows-amd64-cygwin\jdk8u212\12974\hotspot\src\share\vm\classfile\systemDictionary
Event: 3.484 Thread 0x000000001e93b800 Exception <a 'java/lang/ClassNotFoundException': org/springframework/context/support/LiveBeansView> (0x0000000781afc600) thrown at [C:\re\workspace\8-2-build-windows-amd64-cygwin\jdk8u212\12974\hotspot\src\share\vm\classfile\systemDictionary.cpp, line 210
Event: 3.485 Thread 0x000000001e93b800 Exception <a 'java/lang/ClassNotFoundException': org/springframework/boot/actuate/endpoint/jmx/EndpointMBean> (0x0000000781b53f90) thrown at [C:\re\workspace\8-2-build-windows-amd64-cygwin\jdk8u212\12974\hotspot\src\share\vm\classfile\systemDictionary.cpp
Event: 3.485 Thread 0x000000001e93b800 Exception <a 'java/lang/ClassNotFoundException': org/springframework/boot/actuate/endpoint/jmx/DataEndpointMBean> (0x0000000781b544f0) thrown at [C:\re\workspace\8-2-build-windows-amd64-cygwin\jdk8u212\12974\hotspot\src\share\vm\classfile\systemDictionary
Event: 3.485 Thread 0x000000001e93b800 Exception <a 'java/lang/ClassNotFoundException': org/springframework/context/support/LiveBeansView> (0x0000000781b54a38) thrown at [C:\re\workspace\8-2-build-windows-amd64-cygwin\jdk8u212\12974\hotspot\src\share\vm\classfile\systemDictionary.cpp, line 210
Event: 3.485 Thread 0x000000001e93b800 Exception <a 'java/lang/ClassNotFoundException': org/springframework/boot/actuate/endpoint/jmx/EndpointMBean> (0x0000000781b54d68) thrown at [C:\re\workspace\8-2-build-windows-amd64-cygwin\jdk8u212\12974\hotspot\src\share\vm\classfile\systemDictionary.cpp
Event: 3.485 Thread 0x000000001e93b800 Exception <a 'java/lang/ClassNotFoundException': org/springframework/boot/actuate/endpoint/jmx/DataEndpointMBean> (0x0000000781b55288) thrown at [C:\re\workspace\8-2-build-windows-amd64-cygwin\jdk8u212\12974\hotspot\src\share\vm\classfile\systemDictionary
Event: 3.485 Thread 0x000000001e93b800 Exception <a 'java/lang/ClassNotFoundException': org/springframework/context/support/LiveBeansView> (0x0000000781b55790) thrown at [C:\re\workspace\8-2-build-windows-amd64-cygwin\jdk8u212\12974\hotspot\src\share\vm\classfile\systemDictionary.cpp, line 210

Events (10 events):
Event: 5.575 loading class org/springframework/web/bind/WebDataBinder
Event: 5.575 loading class org/springframework/web/bind/WebDataBinder done
Event: 5.575 loading class org/springframework/validation/DataBinder
Event: 5.575 loading class org/springframework/validation/DataBinder done
Event: 5.576 Executing VM operation: Deoptimize
Event: 5.577 Executing VM operation: Deoptimize done
Event: 5.577 loading class org/springframework/validation/DefaultBindingErrorProcessor
Event: 5.577 loading class org/springframework/validation/DefaultBindingErrorProcessor done
Event: 5.577 loading class org/springframework/validation/BindingErrorProcessor
Event: 5.577 loading class org/springframework/validation/BindingErrorProcessor done


Dynamic libraries:
0x00007ff681b50000 - 0x00007ff681b87000 	C:\Program Files\Java\jre1.8.0_212\bin\javaw.exe
0x00007ff985a70000 - 0x00007ff985c5d000 	C:\Windows\SYSTEM32\ntdll.dll
0x00007ff97e380000 - 0x00007ff97e392000 	C:\Program Files\AVAST Software\Avast\aswhook.dll
0x00007ff9853c0000 - 0x00007ff985473000 	C:\Windows\System32\KERNEL32.DLL
0x00007ff982420000 - 0x00007ff9826b3000 	C:\Windows\System32\KERNELBASE.dll
0x00007ff985990000 - 0x00007ff985a33000 	C:\Windows\System32\ADVAPI32.dll
0x00007ff982ca0000 - 0x00007ff982d3e000 	C:\Windows\System32\msvcrt.dll
0x00007ff985310000 - 0x00007ff9853ae000 	C:\Windows\System32\sechost.dll
0x00007ff9834b0000 - 0x00007ff9835d2000 	C:\Windows\System32\RPCRT4.dll
0x00007ff982fe0000 - 0x00007ff983177000 	C:\Windows\System32\USER32.dll
0x00007ff982400000 - 0x00007ff982420000 	C:\Windows\System32\win32u.dll
0x00007ff9831e0000 - 0x00007ff983209000 	C:\Windows\System32\GDI32.dll
0x00007ff9827a0000 - 0x00007ff982939000 	C:\Windows\System32\gdi32full.dll
0x00007ff981b40000 - 0x00007ff981be0000 	C:\Windows\System32\msvcp_win.dll
0x00007ff982940000 - 0x00007ff982a3a000 	C:\Windows\System32\ucrtbase.dll
0x00007ff9728c0000 - 0x00007ff972b39000 	C:\Windows\WinSxS\amd64_microsoft.windows.common-controls_6595b64144ccf1df_6.0.17763.615_none_05b4414a072024d4\COMCTL32.dll
0x00007ff985480000 - 0x00007ff9857ac000 	C:\Windows\System32\combase.dll
0x00007ff982a40000 - 0x00007ff982abe000 	C:\Windows\System32\bcryptPrimitives.dll
0x00007ff982f50000 - 0x00007ff982f7e000 	C:\Windows\System32\IMM32.DLL
0x0000000061320000 - 0x00000000613f2000 	C:\Program Files\Java\jre1.8.0_212\bin\msvcr100.dll
0x0000000061e70000 - 0x0000000062715000 	C:\Program Files\Java\jre1.8.0_212\bin\server\jvm.dll
0x00007ff9835e0000 - 0x00007ff9835e8000 	C:\Windows\System32\PSAPI.DLL
0x00007ff96ddd0000 - 0x00007ff96ddd9000 	C:\Windows\SYSTEM32\WSOCK32.dll
0x00007ff983210000 - 0x00007ff98327d000 	C:\Windows\System32\WS2_32.dll
0x00007ff97e2a0000 - 0x00007ff97e2c4000 	C:\Windows\SYSTEM32\WINMM.dll
0x00007ff97b3a0000 - 0x00007ff97b3aa000 	C:\Windows\SYSTEM32\VERSION.dll
0x00007ff97e270000 - 0x00007ff97e29d000 	C:\Windows\SYSTEM32\WINMMBASE.dll
0x00007ff9826c0000 - 0x00007ff98270a000 	C:\Windows\System32\cfgmgr32.dll
0x00007ff97e370000 - 0x00007ff97e37f000 	C:\Program Files\Java\jre1.8.0_212\bin\verify.dll
0x00007ff97af10000 - 0x00007ff97af39000 	C:\Program Files\Java\jre1.8.0_212\bin\java.dll
0x00007ff97b640000 - 0x00007ff97b656000 	C:\Program Files\Java\jre1.8.0_212\bin\zip.dll
0x00007ff9835f0000 - 0x00007ff984ae0000 	C:\Windows\System32\SHELL32.dll
0x00007ff985130000 - 0x00007ff9851d8000 	C:\Windows\System32\shcore.dll
0x00007ff981cb0000 - 0x00007ff9823fa000 	C:\Windows\System32\windows.storage.dll
0x00007ff981b10000 - 0x00007ff981b34000 	C:\Windows\System32\profapi.dll
0x00007ff981a90000 - 0x00007ff981aed000 	C:\Windows\System32\powrprof.dll
0x00007ff983180000 - 0x00007ff9831d2000 	C:\Windows\System32\shlwapi.dll
0x00007ff981af0000 - 0x00007ff981b01000 	C:\Windows\System32\kernel.appcore.dll
0x00007ff981be0000 - 0x00007ff981bf7000 	C:\Windows\System32\cryptsp.dll
0x00007ff97e320000 - 0x00007ff97e32d000 	C:\Program Files\Java\jre1.8.0_212\bin\management.dll
0x00007ff97aeb0000 - 0x00007ff97aeca000 	C:\Program Files\Java\jre1.8.0_212\bin\net.dll
0x00007ff973840000 - 0x00007ff973a17000 	C:\Windows\SYSTEM32\urlmon.dll
0x00007ff972010000 - 0x00007ff9722b8000 	C:\Windows\SYSTEM32\iertutil.dll
0x00007ff9814b0000 - 0x00007ff9814bc000 	C:\Windows\SYSTEM32\CRYPTBASE.DLL
0x00007ff9812e0000 - 0x00007ff981347000 	C:\Windows\system32\mswsock.dll
0x00007ff97ae10000 - 0x00007ff97ae22000 	C:\Program Files\Java\jre1.8.0_212\bin\nio.dll
0x00007ff973a20000 - 0x00007ff973a36000 	C:\Windows\system32\napinsp.dll
0x00007ff95f3e0000 - 0x00007ff95f3fa000 	C:\Windows\system32\pnrpnsp.dll
0x00007ff981080000 - 0x00007ff981146000 	C:\Windows\SYSTEM32\DNSAPI.dll
0x00007ff982dc0000 - 0x00007ff982dc8000 	C:\Windows\System32\NSI.dll
0x00007ff981040000 - 0x00007ff98107d000 	C:\Windows\SYSTEM32\IPHLPAPI.DLL
0x00007ff95f3d0000 - 0x00007ff95f3de000 	C:\Windows\System32\winrnr.dll
0x00007ff97e2d0000 - 0x00007ff97e2eb000 	C:\Windows\system32\NLAapi.dll
0x00007ff97b380000 - 0x00007ff97b395000 	C:\Windows\system32\wshbth.dll
0x00007ff970370000 - 0x00007ff97037a000 	C:\Windows\System32\rasadhlp.dll
0x00007ff970840000 - 0x00007ff9708b9000 	C:\Windows\System32\fwpuclnt.dll
0x00007ff982770000 - 0x00007ff982796000 	C:\Windows\System32\bcrypt.dll
0x00007ff980ea0000 - 0x00007ff980ed3000 	C:\Windows\system32\rsaenh.dll
0x00007ff9819a0000 - 0x00007ff9819c8000 	C:\Windows\SYSTEM32\USERENV.dll
0x00007ff97fa20000 - 0x00007ff97fa36000 	C:\Windows\SYSTEM32\dhcpcsvc6.DLL
0x00007ff97fa00000 - 0x00007ff97fa1c000 	C:\Windows\SYSTEM32\dhcpcsvc.DLL
0x000000006ec40000 - 0x000000006ec58000 	C:\Users\Simone\Documents\GitHub\OOPeCalc\SpringBootProject\src\main\java\it\project\SpringBootProject\Service\NativeStats.dll
0x0000000061440000 - 0x000000006145a000 	C:\mingw-64\mingw64\bin\libgcc_s_seh-1.dll
0x000000006fc40000 - 0x000000006fda3000 	C:\mingw-64\mingw64\bin\libstdc++-6.dll
0x0000000064940000 - 0x0000000064955000 	C:\mingw-64\mingw64\bin\libwinpthread-1.dll
0x00007ff980450000 - 0x00007ff98063d000 	C:\Windows\SYSTEM32\dbghelp.dll

VM Arguments:
jvm_args: -Dcom.sun.management.jmxremote -Dcom.sun.management.jmxremote.port=53688 -Dcom.sun.management.jmxremote.authenticate=false -Dcom.sun.management.jmxremote.ssl=false -Djava.rmi.server.hostname=localhost -Dspring.jmx.enabled=true -Dspring.application.admin.enabled=true -Djava.library.path=C:\Users\Simone\Documents\GitHub\OOPeCalc\SpringBootProject\src\main\java\it\project\SpringBootProject\Service -Xverify:none -XX:TieredStopAtLevel=1 -Dfile.encoding=UTF-8 
java_command: it.project.SpringBootProject.SpringBootProjectApplication
java_class_path (initial): C:\Users\Simone\Documents\GitHub\OOPeCalc\SpringBootProject\target\classes;C:\Users\Simone\Documents\GitHub\OOPeCalc\json-simple-1.1.1.jar;C:\Users\Simone\Documents\GitHub\OOPeCalc\opencsv-2.2.jar;C:\Users\Simone\.m2\repository\org\springframework\boot\spring-boot-starter-web\2.1.6.RELEASE\spring-boot-starter-web-2.1.6.RELEASE.jar;C:\Users\Simone\.m2\repository\org\springframework\boot\spring-boot-starter\2.1.6.RELEASE\spring-boot-starter-2.1.6.RELEASE.jar;C:\Users\Simone\.m2\repository\org\springframework\boot\spring-boot-starter-logging\2.1.6.RELEASE\spring-boot-starter-logging-2.1.6.RELEASE.jar;C:\Users\Simone\.m2\repository\ch\qos\logback\logback-classic\1.2.3\logback-classic-1.2.3.jar;C:\Users\Simone\.m2\repository\ch\qos\logback\logback-core\1.2.3\logback-core-1.2.3.jar;C:\Users\Simone\.m2\repository\org\apache\logging\log4j\log4j-to-slf4j\2.11.2\log4j-to-slf4j-2.11.2.jar;C:\Users\Simone\.m2\repository\org\apache\logging\log4j\log4j-api\2.11.2\log4j-api-2.11.2.jar;C:\Users\Simone\.m2\repository\org\slf4j\jul-to-slf4j\1.7.26\jul-to-slf4j-1.7.26.jar;C:\Users\Simone\.m2\repository\javax\annotation\javax.annotation-api\1.3.2\javax.annotation-api-1.3.2.jar;C:\Users\Simone\.m2\repository\org\yaml\snakeyaml\1.23\snakeyaml-1.23.jar;C:\Users\Simone\.m2\repository\org\springframework\boot\spring-boot-starter-json\2.1.6.RELEASE\spring-boot-starter-json-2.1.6.RELEASE.jar;C:\Users\Simone\.m2\repository\com\fasterxml\jackson\core\jackson-databind\2.9.9\jackson-databind-2.9.9.jar;C:\Users\Simone\.m2\repository\com\fasterxml\jackson\core\jackson-annotations\2.9.0\jackson-annotations-2.9.0.jar;C:\Users\Simone\.m2\repository\com\fasterxml\jackson\core\jackson-core\2.9.9\jackson-core-2.9.9.jar;C:\Users\Simone\.m2\repository\com\fasterxml\jackson\datatype\jackson-datatype-jdk8\2.9.9\jackson-datatype-jdk8-2.9.9.jar;C:\Users\Simone\.m2\repository\com\fasterxml\jackson\datatype\jackson-datatype-jsr310\2.9.9\jackson-datatype-jsr310-2.9.9.jar;C:\Users\Simo
Launcher Type: SUN_STANDARD

Environment Variables:
PATH=C:/Program Files/Java/jre1.8.0_212/bin/server;C:/Program Files/Java/jre1.8.0_212/bin;C:/Program Files/Java/jre1.8.0_212/lib/amd64;C:\Program Files\NVIDIA GPU Computing Toolkit\CUDA\v10.1\bin;C:\Program Files\NVIDIA GPU Computing Toolkit\CUDA\v10.1\libnvvp;C:\Program Files (x86)\Common Files\Oracle\Java\javapath;C:\Windows\system32;C:\Windows;C:\Windows\System32\Wbem;C:\Windows\System32\WindowsPowerShell\v1.0\;C:\Windows\System32\OpenSSH\;C:\Program Files\dotnet\;C:\Program Files\Microsoft SQL Server\130\Tools\Binn\;C:\Program Files\Git\cmd;C:\Program Files\NVIDIA Corporation\Nsight Compute 2019.1\;C:\Program Files (x86)\NVIDIA Corporation\PhysX\Common;C:\Program Files\NVIDIA Corporation\NVIDIA NvDLISR;C:\Program Files (x86)\Android\android-sdk\platform-tools;C:\Program Files\PuTTY\;C:\Windows;C:\Windows\System32;C:\xampp\php;C:\ZendFramework-1.12.3\bin;C:\ZendFramework-1.12.3\bin\zf.bat;C:\apache-maven-3.6.1\bin;C:\Program Files\Java\jdk1.8.0_212\bin;C:\MinGW\bin;C:\Program Files (x86)\mingw-w64\i686-8.1.0-posix-dwarf-rt_v6-rev0;C:\mingw-64\mingw64\bin;C:\Users\Simone\Desktop\Uni\Programmazione ad Oggetti\Progetti Eclipse\JNItest\src;C:\mingw-64\mingw64\lib\gcc\x86_64-w64-mingw32\8.1.0\include\c++;C:\Program Files (x86)\Microsoft Visual Studio\2017\Community\VC\Tools\MSVC\14.16.27023\bin\Hostx64\x64;C:\Users\Simone\AppData\Local\Microsoft\WindowsApps;C:\Users\Simone\AppData\Local\GitHubDesktop\bin;C:\Users\Simone\AppData\Local\atom\bin;C:\Windows\System32;C:\Windows;C:\Users\Simone\Desktop\Uni\Programmazione ad Oggetti\Progetti Eclipse\JNIexample;C:\mingw-64\mingw64\lib\gcc\x86_64-w64-mingw32\8.1.0\include\c++;;C:\Users\Simone\Desktop;
USERNAME=Simone
OS=Windows_NT
PROCESSOR_IDENTIFIER=Intel64 Family 6 Model 142 Stepping 10, GenuineIntel



---------------  S Y S T E M  ---------------

OS: Windows 10.0 , 64 bit Build 17763 (10.0.17763.475)

CPU:total 8 (initial active 8) (4 cores per cpu, 2 threads per core) family 6 model 142 stepping 10, cmov, cx8, fxsr, mmx, sse, sse2, sse3, ssse3, sse4.1, sse4.2, popcnt, avx, avx2, aes, clmul, erms, 3dnowpref, lzcnt, ht, tsc, tscinvbit, bmi1, bmi2, adx

Memory: 4k page, physical 12466404k(5395064k free), swap 16537352k(5495968k free)

vm_info: Java HotSpot(TM) 64-Bit Server VM (25.212-b10) for windows-amd64 JRE (1.8.0_212-b10), built on Apr  1 2019 22:50:23 by "java_re" with MS VC++ 10.0 (VS2010)

time: Thu Jul 18 17:54:35 2019
timezone: ora legale Europa occidentale
elapsed time: 5 seconds (0d 0h 0m 5s)

