#
# A fatal error has been detected by the Java Runtime Environment:
#
#  Internal Error (0x20474343), pid=8116, tid=0x0000000000001e98
#
# JRE version: Java(TM) SE Runtime Environment (8.0_212-b10) (build 1.8.0_212-b10)
# Java VM: Java HotSpot(TM) 64-Bit Server VM (25.212-b10 mixed mode windows-amd64 compressed oops)
# Problematic frame:
# C  [KERNELBASE.dll+0x39129]
#
# Failed to write core dump. Minidumps are not enabled by default on client versions of Windows
#
# If you would like to submit a bug report, please visit:
#   http://bugreport.java.com/bugreport/crash.jsp
# The crash happened outside the Java Virtual Machine in native code.
# See problematic frame for where to report the bug.
#

---------------  T H R E A D  ---------------

Current thread (0x000000001bb8d000):  JavaThread "http-nio-8080-exec-4" daemon [_thread_in_native, id=7832, stack(0x00000000209e0000,0x0000000020ae0000)]

siginfo: ExceptionCode=0x20474343, ExceptionInformation=0x000000001dd28730 

Registers:
RAX=0x0000000000000000, RBX=0x000000001dd28730, RCX=0x0000000000000000, RDX=0x0000000000000000
RSP=0x0000000020a1b7a0, RBP=0x0000000020a1bb70, RSI=0x000000006fcb3480, RDI=0x000000001dd28770
R8 =0x0000000000000000, R9 =0x0000000000000000, R10=0x0000000000000000, R11=0x0000000000000000
R12=0x0000000020adcaf0, R13=0x000000001f610f80, R14=0x0000000020adcc90, R15=0x000000001bb8d000
RIP=0x00007ff982459129, EFLAGS=0x0000000000000206

Top of Stack: (sp=0x0000000020a1b7a0)
0x0000000020a1b7a0:   0000000000000000 000000001dd28730
0x0000000020a1b7b0:   000000006fcb3480 000000001dd28770
0x0000000020a1b7c0:   0000000020474343 0000000000000000
0x0000000020a1b7d0:   00007ff982459129 0000000000000001
0x0000000020a1b7e0:   000000001dd28730 0000000064945138
0x0000000020a1b7f0:   000000001bb8d000 0000000020adcc90
0x0000000020a1b800:   000000001f610f80 0000000020adcaf0
0x0000000020a1b810:   0000000000000018 0000000000000008
0x0000000020a1b820:   0000000000000010 00007ff982cb9db0
0x0000000020a1b830:   0000000000000000 0000000000000018
0x0000000020a1b840:   000000001f610f80 0000000020ad0000
0x0000000020a1b850:   000000006fd0b500 000000006144df1a
0x0000000020a1b860:   0000b191bc96482b 0000000000000008
0x0000000020a1b870:   0000000000000000 000000006144d5c6
0x0000000020a1b880:   000000001dd28770 000000006fcb3480
0x0000000020a1b890:   000000006fd18810 0000000020a1bb70 

Instructions: (pc=0x00007ff982459129)
0x00007ff982459109:   8b d1 44 0f 47 c0 44 89 44 24 38 49 c1 e0 03 e8
0x00007ff982459119:   2a 1d 05 00 48 8d 4c 24 20 48 ff 15 ef 21 16 00
0x00007ff982459129:   0f 1f 44 00 00 48 8b 8c 24 c0 00 00 00 48 33 cc
0x00007ff982459139:   e8 12 e7 04 00 48 81 c4 d8 00 00 00 c3 83 64 24 


Register to memory mapping:

RAX=0x0000000000000000 is an unknown value
RBX=0x000000001dd28730 is an unknown value
RCX=0x0000000000000000 is an unknown value
RDX=0x0000000000000000 is an unknown value
RSP=0x0000000020a1b7a0 is pointing into the stack for thread: 0x000000001bb8d000
RBP=0x0000000020a1bb70 is pointing into the stack for thread: 0x000000001bb8d000
RSI=0x000000006fcb3480 is an unknown value
RDI=0x000000001dd28770 is an unknown value
R8 =0x0000000000000000 is an unknown value
R9 =0x0000000000000000 is an unknown value
R10=0x0000000000000000 is an unknown value
R11=0x0000000000000000 is an unknown value
R12=0x0000000020adcaf0 is pointing into the stack for thread: 0x000000001bb8d000
R13=0x000000001f610f80 is pointing into metadata
R14=0x0000000020adcc90 is pointing into the stack for thread: 0x000000001bb8d000
R15=0x000000001bb8d000 is a thread


Stack: [0x00000000209e0000,0x0000000020ae0000],  sp=0x0000000020a1b7a0,  free space=237k
Native frames: (J=compiled Java code, j=interpreted, Vv=VM code, C=native code)
C  [KERNELBASE.dll+0x39129]
C  [libgcc_s_seh-1.dll+0xd5c6]
C  [libstdc++-6.dll+0xc5e05]
C  [libstdc++-6.dll+0xba5ed]
C  [NativeStats.dll+0x4666]
C  [NativeStats.dll+0x5330]
C  [NativeStats.dll+0x1895]
C  0x0000000002778c67

Java frames: (J=compiled Java code, j=interpreted, Vv=VM code)
j  it.project.SpringBootProject.Service.NativeStats.nativeString([Ljava/lang/String;I)V+0
j  it.project.SpringBootProject.Service.ReportServiceImpl.reportStatsStrJni(Ljava/lang/String;)Ljava/util/List;+168
j  it.project.SpringBootProject.Controller.ReportController.reportStatsStrJni(Ljava/lang/String;)Lorg/springframework/http/ResponseEntity;+9
v  ~StubRoutines::call_stub
J 1991  sun.reflect.NativeMethodAccessorImpl.invoke0(Ljava/lang/reflect/Method;Ljava/lang/Object;[Ljava/lang/Object;)Ljava/lang/Object; (0 bytes) @ 0x0000000002bc447f [0x0000000002bc4400+0x7f]
J 1990 C1 sun.reflect.NativeMethodAccessorImpl.invoke(Ljava/lang/Object;[Ljava/lang/Object;)Ljava/lang/Object; (104 bytes) @ 0x0000000002bcb264 [0x0000000002bcaea0+0x3c4]
J 1444 C1 sun.reflect.DelegatingMethodAccessorImpl.invoke(Ljava/lang/Object;[Ljava/lang/Object;)Ljava/lang/Object; (10 bytes) @ 0x0000000002a8e8e4 [0x0000000002a8e8a0+0x44]
J 1433 C1 java.lang.reflect.Method.invoke(Ljava/lang/Object;[Ljava/lang/Object;)Ljava/lang/Object; (62 bytes) @ 0x0000000002a8d8a4 [0x0000000002a8d7a0+0x104]
j  org.springframework.web.method.support.InvocableHandlerMethod.doInvoke([Ljava/lang/Object;)Ljava/lang/Object;+16
j  org.springframework.web.method.support.InvocableHandlerMethod.invokeForRequest(Lorg/springframework/web/context/request/NativeWebRequest;Lorg/springframework/web/method/support/ModelAndViewContainer;[Ljava/lang/Object;)Ljava/lang/Object;+56
j  org.springframework.web.servlet.mvc.method.annotation.ServletInvocableHandlerMethod.invokeAndHandle(Lorg/springframework/web/context/request/ServletWebRequest;Lorg/springframework/web/method/support/ModelAndViewContainer;[Ljava/lang/Object;)V+4
j  org.springframework.web.servlet.mvc.method.annotation.RequestMappingHandlerAdapter.invokeHandlerMethod(Ljavax/servlet/http/HttpServletRequest;Ljavax/servlet/http/HttpServletResponse;Lorg/springframework/web/method/HandlerMethod;)Lorg/springframework/web/servlet/ModelAndView;+244
j  org.springframework.web.servlet.mvc.method.annotation.RequestMappingHandlerAdapter.handleInternal(Ljavax/servlet/http/HttpServletRequest;Ljavax/servlet/http/HttpServletResponse;Lorg/springframework/web/method/HandlerMethod;)Lorg/springframework/web/servlet/ModelAndView;+81
j  org.springframework.web.servlet.mvc.method.AbstractHandlerMethodAdapter.handle(Ljavax/servlet/http/HttpServletRequest;Ljavax/servlet/http/HttpServletResponse;Ljava/lang/Object;)Lorg/springframework/web/servlet/ModelAndView;+7
j  org.springframework.web.servlet.DispatcherServlet.doDispatch(Ljavax/servlet/http/HttpServletRequest;Ljavax/servlet/http/HttpServletResponse;)V+257
j  org.springframework.web.servlet.DispatcherServlet.doService(Ljavax/servlet/http/HttpServletRequest;Ljavax/servlet/http/HttpServletResponse;)V+212
j  org.springframework.web.servlet.FrameworkServlet.processRequest(Ljavax/servlet/http/HttpServletRequest;Ljavax/servlet/http/HttpServletResponse;)V+71
j  org.springframework.web.servlet.FrameworkServlet.doGet(Ljavax/servlet/http/HttpServletRequest;Ljavax/servlet/http/HttpServletResponse;)V+3
j  javax.servlet.http.HttpServlet.service(Ljavax/servlet/http/HttpServletRequest;Ljavax/servlet/http/HttpServletResponse;)V+35
j  org.springframework.web.servlet.FrameworkServlet.service(Ljavax/servlet/http/HttpServletRequest;Ljavax/servlet/http/HttpServletResponse;)V+33
j  javax.servlet.http.HttpServlet.service(Ljavax/servlet/ServletRequest;Ljavax/servlet/ServletResponse;)V+36
j  org.apache.catalina.core.ApplicationFilterChain.internalDoFilter(Ljavax/servlet/ServletRequest;Ljavax/servlet/ServletResponse;)V+304
j  org.apache.catalina.core.ApplicationFilterChain.doFilter(Ljavax/servlet/ServletRequest;Ljavax/servlet/ServletResponse;)V+101
j  org.apache.tomcat.websocket.server.WsFilter.doFilter(Ljavax/servlet/ServletRequest;Ljavax/servlet/ServletResponse;Ljavax/servlet/FilterChain;)V+21
j  org.apache.catalina.core.ApplicationFilterChain.internalDoFilter(Ljavax/servlet/ServletRequest;Ljavax/servlet/ServletResponse;)V+135
j  org.apache.catalina.core.ApplicationFilterChain.doFilter(Ljavax/servlet/ServletRequest;Ljavax/servlet/ServletResponse;)V+101
j  org.springframework.web.filter.RequestContextFilter.doFilterInternal(Ljavax/servlet/http/HttpServletRequest;Ljavax/servlet/http/HttpServletResponse;Ljavax/servlet/FilterChain;)V+21
j  org.springframework.web.filter.OncePerRequestFilter.doFilter(Ljavax/servlet/ServletRequest;Ljavax/servlet/ServletResponse;Ljavax/servlet/FilterChain;)V+120
j  org.apache.catalina.core.ApplicationFilterChain.internalDoFilter(Ljavax/servlet/ServletRequest;Ljavax/servlet/ServletResponse;)V+135
j  org.apache.catalina.core.ApplicationFilterChain.doFilter(Ljavax/servlet/ServletRequest;Ljavax/servlet/ServletResponse;)V+101
j  org.springframework.web.filter.FormContentFilter.doFilterInternal(Ljavax/servlet/http/HttpServletRequest;Ljavax/servlet/http/HttpServletResponse;Ljavax/servlet/FilterChain;)V+38
j  org.springframework.web.filter.OncePerRequestFilter.doFilter(Ljavax/servlet/ServletRequest;Ljavax/servlet/ServletResponse;Ljavax/servlet/FilterChain;)V+120
j  org.apache.catalina.core.ApplicationFilterChain.internalDoFilter(Ljavax/servlet/ServletRequest;Ljavax/servlet/ServletResponse;)V+135
j  org.apache.catalina.core.ApplicationFilterChain.doFilter(Ljavax/servlet/ServletRequest;Ljavax/servlet/ServletResponse;)V+101
j  org.springframework.web.filter.HiddenHttpMethodFilter.doFilterInternal(Ljavax/servlet/http/HttpServletRequest;Ljavax/servlet/http/HttpServletResponse;Ljavax/servlet/FilterChain;)V+87
j  org.springframework.web.filter.OncePerRequestFilter.doFilter(Ljavax/servlet/ServletRequest;Ljavax/servlet/ServletResponse;Ljavax/servlet/FilterChain;)V+120
j  org.apache.catalina.core.ApplicationFilterChain.internalDoFilter(Ljavax/servlet/ServletRequest;Ljavax/servlet/ServletResponse;)V+135
j  org.apache.catalina.core.ApplicationFilterChain.doFilter(Ljavax/servlet/ServletRequest;Ljavax/servlet/ServletResponse;)V+101
j  org.springframework.web.filter.CharacterEncodingFilter.doFilterInternal(Ljavax/servlet/http/HttpServletRequest;Ljavax/servlet/http/HttpServletResponse;Ljavax/servlet/FilterChain;)V+53
j  org.springframework.web.filter.OncePerRequestFilter.doFilter(Ljavax/servlet/ServletRequest;Ljavax/servlet/ServletResponse;Ljavax/servlet/FilterChain;)V+120
j  org.apache.catalina.core.ApplicationFilterChain.internalDoFilter(Ljavax/servlet/ServletRequest;Ljavax/servlet/ServletResponse;)V+135
j  org.apache.catalina.core.ApplicationFilterChain.doFilter(Ljavax/servlet/ServletRequest;Ljavax/servlet/ServletResponse;)V+101
j  org.apache.catalina.core.StandardWrapperValve.invoke(Lorg/apache/catalina/connector/Request;Lorg/apache/catalina/connector/Response;)V+694
j  org.apache.catalina.core.StandardContextValve.invoke(Lorg/apache/catalina/connector/Request;Lorg/apache/catalina/connector/Response;)V+166
j  org.apache.catalina.authenticator.AuthenticatorBase.invoke(Lorg/apache/catalina/connector/Request;Lorg/apache/catalina/connector/Response;)V+260
j  org.apache.catalina.core.StandardHostValve.invoke(Lorg/apache/catalina/connector/Request;Lorg/apache/catalina/connector/Response;)V+114
j  org.apache.catalina.valves.ErrorReportValve.invoke(Lorg/apache/catalina/connector/Request;Lorg/apache/catalina/connector/Response;)V+6
j  org.apache.catalina.core.StandardEngineValve.invoke(Lorg/apache/catalina/connector/Request;Lorg/apache/catalina/connector/Response;)V+45
j  org.apache.catalina.connector.CoyoteAdapter.service(Lorg/apache/coyote/Request;Lorg/apache/coyote/Response;)V+199
j  org.apache.coyote.http11.Http11Processor.service(Lorg/apache/tomcat/util/net/SocketWrapperBase;)Lorg/apache/tomcat/util/net/AbstractEndpoint$Handler$SocketState;+791
j  org.apache.coyote.AbstractProcessorLight.process(Lorg/apache/tomcat/util/net/SocketWrapperBase;Lorg/apache/tomcat/util/net/SocketEvent;)Lorg/apache/tomcat/util/net/AbstractEndpoint$Handler$SocketState;+113
j  org.apache.coyote.AbstractProtocol$ConnectionHandler.process(Lorg/apache/tomcat/util/net/SocketWrapperBase;Lorg/apache/tomcat/util/net/SocketEvent;)Lorg/apache/tomcat/util/net/AbstractEndpoint$Handler$SocketState;+422
j  org.apache.tomcat.util.net.NioEndpoint$SocketProcessor.doRun()V+221
j  org.apache.tomcat.util.net.SocketProcessorBase.run()V+21
j  java.util.concurrent.ThreadPoolExecutor.runWorker(Ljava/util/concurrent/ThreadPoolExecutor$Worker;)V+95
j  java.util.concurrent.ThreadPoolExecutor$Worker.run()V+5
j  org.apache.tomcat.util.threads.TaskThread$WrappingRunnable.run()V+4
j  java.lang.Thread.run()V+11
v  ~StubRoutines::call_stub

---------------  P R O C E S S  ---------------

Java Threads: ( => current thread )
  0x000000001ed97000 JavaThread "JMX server connection timeout 43" daemon [_thread_blocked, id=4016, stack(0x00000000217e0000,0x00000000218e0000)]
  0x000000001ed94000 JavaThread "RMI Scheduler(0)" daemon [_thread_blocked, id=9088, stack(0x00000000216e0000,0x00000000217e0000)]
  0x000000001ed96000 JavaThread "RMI TCP Connection(1)-127.0.0.1" daemon [_thread_in_native, id=19132, stack(0x00000000215e0000,0x00000000216e0000)]
  0x000000001ed93000 JavaThread "DestroyJavaVM" [_thread_blocked, id=8412, stack(0x0000000002560000,0x0000000002660000)]
  0x000000001ed95800 JavaThread "http-nio-8080-Acceptor" daemon [_thread_in_native, id=17596, stack(0x00000000211e0000,0x00000000212e0000)]
  0x000000001ed98800 JavaThread "http-nio-8080-ClientPoller" daemon [_thread_in_native, id=14692, stack(0x00000000210e0000,0x00000000211e0000)]
  0x000000001ed94800 JavaThread "http-nio-8080-exec-10" daemon [_thread_blocked, id=3436, stack(0x0000000020fe0000,0x00000000210e0000)]
  0x000000001ed91800 JavaThread "http-nio-8080-exec-9" daemon [_thread_blocked, id=16908, stack(0x0000000020ee0000,0x0000000020fe0000)]
  0x000000001bb92000 JavaThread "http-nio-8080-exec-8" daemon [_thread_blocked, id=17752, stack(0x0000000020de0000,0x0000000020ee0000)]
  0x000000001bb8f000 JavaThread "http-nio-8080-exec-7" daemon [_thread_blocked, id=4512, stack(0x0000000020ce0000,0x0000000020de0000)]
  0x000000001bb8e800 JavaThread "http-nio-8080-exec-6" daemon [_thread_blocked, id=12788, stack(0x0000000020be0000,0x0000000020ce0000)]
  0x000000001bb93800 JavaThread "http-nio-8080-exec-5" daemon [_thread_blocked, id=13576, stack(0x0000000020ae0000,0x0000000020be0000)]
=>0x000000001bb8d000 JavaThread "http-nio-8080-exec-4" daemon [_thread_in_native, id=7832, stack(0x00000000209e0000,0x0000000020ae0000)]
  0x000000001bb91800 JavaThread "http-nio-8080-exec-3" daemon [_thread_blocked, id=3912, stack(0x00000000208e0000,0x00000000209e0000)]
  0x000000001bb93000 JavaThread "http-nio-8080-exec-2" daemon [_thread_blocked, id=17520, stack(0x00000000207e0000,0x00000000208e0000)]
  0x000000001bb90800 JavaThread "http-nio-8080-exec-1" daemon [_thread_blocked, id=13804, stack(0x00000000206e0000,0x00000000207e0000)]
  0x000000001ed88800 JavaThread "http-nio-8080-BlockPoller" daemon [_thread_in_native, id=6868, stack(0x00000000205e0000,0x00000000206e0000)]
  0x000000001ed56000 JavaThread "Live Reload Server" daemon [_thread_in_native, id=1632, stack(0x00000000204e0000,0x00000000205e0000)]
  0x000000001ed7d800 JavaThread "File Watcher" daemon [_thread_blocked, id=15260, stack(0x00000000202e0000,0x00000000203e0000)]
  0x000000001ec20000 JavaThread "container-0" [_thread_blocked, id=8552, stack(0x000000001ffe0000,0x00000000200e0000)]
  0x000000001ec1f000 JavaThread "Catalina-utility-2" [_thread_blocked, id=5456, stack(0x000000001fee0000,0x000000001ffe0000)]
  0x000000001ec1d000 JavaThread "Catalina-utility-1" [_thread_blocked, id=14804, stack(0x000000001fde0000,0x000000001fee0000)]
  0x000000001cce7800 JavaThread "RMI TCP Accept-0" daemon [_thread_in_native, id=3696, stack(0x000000001d5b0000,0x000000001d6b0000)]
  0x000000001cce0800 JavaThread "RMI TCP Accept-51562" daemon [_thread_in_native, id=19036, stack(0x000000001d4b0000,0x000000001d5b0000)]
  0x000000001ccce000 JavaThread "RMI TCP Accept-0" daemon [_thread_in_native, id=18784, stack(0x000000001d3b0000,0x000000001d4b0000)]
  0x000000001bc11800 JavaThread "Service Thread" daemon [_thread_blocked, id=5316, stack(0x000000001c770000,0x000000001c870000)]
  0x000000001bb8d800 JavaThread "C1 CompilerThread3" daemon [_thread_blocked, id=11524, stack(0x000000001c670000,0x000000001c770000)]
  0x000000001bb89000 JavaThread "C2 CompilerThread2" daemon [_thread_blocked, id=14120, stack(0x000000001c570000,0x000000001c670000)]
  0x000000001bb82000 JavaThread "C2 CompilerThread1" daemon [_thread_blocked, id=16596, stack(0x000000001c470000,0x000000001c570000)]
  0x000000001bb7f000 JavaThread "C2 CompilerThread0" daemon [_thread_blocked, id=10560, stack(0x000000001c370000,0x000000001c470000)]
  0x000000001bb7e000 JavaThread "Attach Listener" daemon [_thread_blocked, id=8840, stack(0x000000001c270000,0x000000001c370000)]
  0x000000001bb7d000 JavaThread "Signal Dispatcher" daemon [_thread_blocked, id=11464, stack(0x000000001c170000,0x000000001c270000)]
  0x000000001bb70800 JavaThread "Finalizer" daemon [_thread_blocked, id=13592, stack(0x000000001bf50000,0x000000001c050000)]
  0x0000000019c2d000 JavaThread "Reference Handler" daemon [_thread_blocked, id=18212, stack(0x000000001ba50000,0x000000001bb50000)]

Other Threads:
  0x0000000019c29000 VMThread [stack: 0x000000001b950000,0x000000001ba50000] [id=16424]
  0x000000001ccec000 WatcherThread [stack: 0x000000001d6b0000,0x000000001d7b0000] [id=5660]

VM state:not at safepoint (normal execution)

VM Mutex/Monitor currently owned by a thread: None

heap address: 0x0000000701c00000, size: 3044 MB, Compressed Oops mode: Zero based, Oop shift amount: 3
Narrow klass base: 0x0000000000000000, Narrow klass shift: 3
Compressed class space size: 1073741824 Address: 0x00000007c0000000

Heap:
 PSYoungGen      total 141824K, used 55912K [0x0000000780980000, 0x000000078ba80000, 0x00000007c0000000)
  eden space 128000K, 32% used [0x0000000780980000,0x000000078329be10,0x0000000788680000)
  from space 13824K, 99% used [0x0000000789700000,0x000000078a47e4f8,0x000000078a480000)
  to   space 16896K, 0% used [0x0000000788680000,0x0000000788680000,0x0000000789700000)
 ParOldGen       total 72704K, used 10350K [0x0000000701c00000, 0x0000000706300000, 0x0000000780980000)
  object space 72704K, 14% used [0x0000000701c00000,0x000000070261bb18,0x0000000706300000)
 Metaspace       used 31790K, capacity 33604K, committed 33920K, reserved 1079296K
  class space    used 4318K, capacity 4666K, committed 4736K, reserved 1048576K

Card table byte_map: [0x0000000011b20000,0x0000000012120000] byte_map_base: 0x000000000e312000

Marking Bits: (ParMarkBitMap*) 0x0000000062695ce0
 Begin Bits: [0x0000000012d20000, 0x0000000015cb0000)
 End Bits:   [0x0000000015cb0000, 0x0000000018c40000)

Polling page: 0x0000000000c10000

CodeCache: size=245760Kb used=6788Kb max_used=6788Kb free=238971Kb
 bounds [0x0000000002760000, 0x0000000002e10000, 0x0000000011760000]
 total_blobs=3605 nmethods=3167 adapters=349
 compilation: enabled

Compilation events (10 events):
Event: 23.148 Thread 0x000000001bb8d800 3162       1       org.springframework.util.AntPathMatcher::skipSeparator (30 bytes)
Event: 23.148 Thread 0x000000001bb8d800 nmethod 3162 0x0000000002dfca10 code [0x0000000002dfcb80, 0x0000000002dfcd28]
Event: 23.148 Thread 0x000000001bb8d800 3164       1       org.springframework.util.StringUtils::uriDecode (240 bytes)
Event: 23.150 Thread 0x000000001bb8d800 nmethod 3164 0x0000000002dfce90 code [0x0000000002dfd1a0, 0x0000000002dfe528]
Event: 23.150 Thread 0x000000001bb8d800 3166       1       it.project.SpringBootProject.Model.Report::getCountry (5 bytes)
Event: 23.150 Thread 0x000000001bb8d800 nmethod 3166 0x0000000002dff8d0 code [0x0000000002dffa20, 0x0000000002dffb30]
Event: 23.150 Thread 0x000000001bb8d800 3165       1       org.apache.catalina.connector.Request::getAttribute (259 bytes)
Event: 23.150 Thread 0x000000001bb8d800 nmethod 3165 0x0000000002dffb90 code [0x0000000002dffe40, 0x0000000002e00598]
Event: 23.150 Thread 0x000000001bb8d800 3167   !   1       sun.reflect.GeneratedMethodAccessor35::invoke (61 bytes)
Event: 23.151 Thread 0x000000001bb8d800 nmethod 3167 0x0000000002e00b50 code [0x0000000002e00d00, 0x0000000002e01068]

GC Heap History (10 events):
Event: 1.062 GC heap before
{Heap before GC invocations=3 (full 0):
 PSYoungGen      total 57344K, used 16610K [0x0000000780980000, 0x0000000787980000, 0x00000007c0000000)
  eden space 49152K, 17% used [0x0000000780980000,0x00000007811b90d0,0x0000000783980000)
  from space 8192K, 99% used [0x0000000784180000,0x000000078497f998,0x0000000784980000)
  to   space 8192K, 0% used [0x0000000783980000,0x0000000783980000,0x0000000784180000)
 ParOldGen       total 131072K, used 2018K [0x0000000701c00000, 0x0000000709c00000, 0x0000000780980000)
  object space 131072K, 1% used [0x0000000701c00000,0x0000000701df8bb0,0x0000000709c00000)
 Metaspace       used 20656K, capacity 21202K, committed 21296K, reserved 1067008K
  class space    used 2788K, capacity 2932K, committed 2944K, reserved 1048576K
Event: 1.066 GC heap after
Heap after GC invocations=3 (full 0):
 PSYoungGen      total 57344K, used 5859K [0x0000000780980000, 0x0000000787980000, 0x00000007c0000000)
  eden space 49152K, 0% used [0x0000000780980000,0x0000000780980000,0x0000000783980000)
  from space 8192K, 71% used [0x0000000783980000,0x0000000783f38cb0,0x0000000784180000)
  to   space 8192K, 0% used [0x0000000787180000,0x0000000787180000,0x0000000787980000)
 ParOldGen       total 131072K, used 2090K [0x0000000701c00000, 0x0000000709c00000, 0x0000000780980000)
  object space 131072K, 1% used [0x0000000701c00000,0x0000000701e0abc0,0x0000000709c00000)
 Metaspace       used 20656K, capacity 21202K, committed 21296K, reserved 1067008K
  class space    used 2788K, capacity 2932K, committed 2944K, reserved 1048576K
}
Event: 1.066 GC heap before
{Heap before GC invocations=4 (full 1):
 PSYoungGen      total 57344K, used 5859K [0x0000000780980000, 0x0000000787980000, 0x00000007c0000000)
  eden space 49152K, 0% used [0x0000000780980000,0x0000000780980000,0x0000000783980000)
  from space 8192K, 71% used [0x0000000783980000,0x0000000783f38cb0,0x0000000784180000)
  to   space 8192K, 0% used [0x0000000787180000,0x0000000787180000,0x0000000787980000)
 ParOldGen       total 131072K, used 2090K [0x0000000701c00000, 0x0000000709c00000, 0x0000000780980000)
  object space 131072K, 1% used [0x0000000701c00000,0x0000000701e0abc0,0x0000000709c00000)
 Metaspace       used 20656K, capacity 21202K, committed 21296K, reserved 1067008K
  class space    used 2788K, capacity 2932K, committed 2944K, reserved 1048576K
Event: 1.088 GC heap after
Heap after GC invocations=4 (full 1):
 PSYoungGen      total 57344K, used 0K [0x0000000780980000, 0x0000000787980000, 0x00000007c0000000)
  eden space 49152K, 0% used [0x0000000780980000,0x0000000780980000,0x0000000783980000)
  from space 8192K, 0% used [0x0000000783980000,0x0000000783980000,0x0000000784180000)
  to   space 8192K, 0% used [0x0000000787180000,0x0000000787180000,0x0000000787980000)
 ParOldGen       total 72704K, used 5737K [0x0000000701c00000, 0x0000000706300000, 0x0000000780980000)
  object space 72704K, 7% used [0x0000000701c00000,0x000000070219a4d0,0x0000000706300000)
 Metaspace       used 20654K, capacity 21196K, committed 21296K, reserved 1067008K
  class space    used 2787K, capacity 2931K, committed 2944K, reserved 1048576K
}
Event: 1.378 GC heap before
{Heap before GC invocations=5 (full 1):
 PSYoungGen      total 57344K, used 49152K [0x0000000780980000, 0x0000000787980000, 0x00000007c0000000)
  eden space 49152K, 100% used [0x0000000780980000,0x0000000783980000,0x0000000783980000)
  from space 8192K, 0% used [0x0000000783980000,0x0000000783980000,0x0000000784180000)
  to   space 8192K, 0% used [0x0000000787180000,0x0000000787180000,0x0000000787980000)
 ParOldGen       total 72704K, used 5737K [0x0000000701c00000, 0x0000000706300000, 0x0000000780980000)
  object space 72704K, 7% used [0x0000000701c00000,0x000000070219a4d0,0x0000000706300000)
 Metaspace       used 23036K, capacity 23916K, committed 24192K, reserved 1071104K
  class space    used 3135K, capacity 3335K, committed 3456K, reserved 1048576K
Event: 1.382 GC heap after
Heap after GC invocations=5 (full 1):
 PSYoungGen      total 87040K, used 5136K [0x0000000780980000, 0x0000000787700000, 0x00000007c0000000)
  eden space 81408K, 0% used [0x0000000780980000,0x0000000780980000,0x0000000785900000)
  from space 5632K, 91% used [0x0000000787180000,0x0000000787684250,0x0000000787700000)
  to   space 8192K, 0% used [0x0000000786700000,0x0000000786700000,0x0000000786f00000)
 ParOldGen       total 72704K, used 5745K [0x0000000701c00000, 0x0000000706300000, 0x0000000780980000)
  object space 72704K, 7% used [0x0000000701c00000,0x000000070219c4d0,0x0000000706300000)
 Metaspace       used 23036K, capacity 23916K, committed 24192K, reserved 1071104K
  class space    used 3135K, capacity 3335K, committed 3456K, reserved 1048576K
}
Event: 2.025 GC heap before
{Heap before GC invocations=6 (full 1):
 PSYoungGen      total 87040K, used 86544K [0x0000000780980000, 0x0000000787700000, 0x00000007c0000000)
  eden space 81408K, 100% used [0x0000000780980000,0x0000000785900000,0x0000000785900000)
  from space 5632K, 91% used [0x0000000787180000,0x0000000787684250,0x0000000787700000)
  to   space 8192K, 0% used [0x0000000786700000,0x0000000786700000,0x0000000786f00000)
 ParOldGen       total 72704K, used 5745K [0x0000000701c00000, 0x0000000706300000, 0x0000000780980000)
  object space 72704K, 7% used [0x0000000701c00000,0x000000070219c4d0,0x0000000706300000)
 Metaspace       used 29330K, capacity 30936K, committed 31232K, reserved 1077248K
  class space    used 3969K, capacity 4270K, committed 4352K, reserved 1048576K
Event: 2.032 GC heap after
Heap after GC invocations=6 (full 1):
 PSYoungGen      total 103936K, used 8168K [0x0000000780980000, 0x000000078a480000, 0x00000007c0000000)
  eden space 95744K, 0% used [0x0000000780980000,0x0000000780980000,0x0000000786700000)
  from space 8192K, 99% used [0x0000000786700000,0x0000000786efa0a8,0x0000000786f00000)
  to   space 13824K, 0% used [0x0000000789700000,0x0000000789700000,0x000000078a480000)
 ParOldGen       total 72704K, used 9578K [0x0000000701c00000, 0x0000000706300000, 0x0000000780980000)
  object space 72704K, 13% used [0x0000000701c00000,0x000000070255a850,0x0000000706300000)
 Metaspace       used 29330K, capacity 30936K, committed 31232K, reserved 1077248K
  class space    used 3969K, capacity 4270K, committed 4352K, reserved 1048576K
}
Event: 21.759 GC heap before
{Heap before GC invocations=7 (full 1):
 PSYoungGen      total 103936K, used 103912K [0x0000000780980000, 0x000000078a480000, 0x00000007c0000000)
  eden space 95744K, 100% used [0x0000000780980000,0x0000000786700000,0x0000000786700000)
  from space 8192K, 99% used [0x0000000786700000,0x0000000786efa0a8,0x0000000786f00000)
  to   space 13824K, 0% used [0x0000000789700000,0x0000000789700000,0x000000078a480000)
 ParOldGen       total 72704K, used 9578K [0x0000000701c00000, 0x0000000706300000, 0x0000000780980000)
  object space 72704K, 13% used [0x0000000701c00000,0x000000070255a850,0x0000000706300000)
 Metaspace       used 31727K, capacity 33516K, committed 33664K, reserved 1079296K
  class space    used 4309K, capacity 4662K, committed 4736K, reserved 1048576K
Event: 21.767 GC heap after
Heap after GC invocations=7 (full 1):
 PSYoungGen      total 141824K, used 13817K [0x0000000780980000, 0x000000078ba80000, 0x00000007c0000000)
  eden space 128000K, 0% used [0x0000000780980000,0x0000000780980000,0x0000000788680000)
  from space 13824K, 99% used [0x0000000789700000,0x000000078a47e4f8,0x000000078a480000)
  to   space 16896K, 0% used [0x0000000788680000,0x0000000788680000,0x0000000789700000)
 ParOldGen       total 72704K, used 10350K [0x0000000701c00000, 0x0000000706300000, 0x0000000780980000)
  object space 72704K, 14% used [0x0000000701c00000,0x000000070261bb18,0x0000000706300000)
 Metaspace       used 31727K, capacity 33516K, committed 33664K, reserved 1079296K
  class space    used 4309K, capacity 4662K, committed 4736K, reserved 1048576K
}

Deoptimization events (0 events):
No events

Classes redefined (0 events):
No events

Internal exceptions (10 events):
Event: 17.490 Thread 0x000000001ed96000 Exception <a 'java/lang/ClassNotFoundException': org/springframework/boot/actuate/endpoint/jmx/EndpointMBean> (0x0000000782c1c930) thrown at [C:\re\workspace\8-2-build-windows-amd64-cygwin\jdk8u212\12974\hotspot\src\share\vm\classfile\systemDictionary.cpp
Event: 17.490 Thread 0x000000001ed96000 Exception <a 'java/lang/ClassNotFoundException': org/springframework/boot/actuate/endpoint/jmx/DataEndpointMBean> (0x0000000782c1ce90) thrown at [C:\re\workspace\8-2-build-windows-amd64-cygwin\jdk8u212\12974\hotspot\src\share\vm\classfile\systemDictionary
Event: 17.490 Thread 0x000000001ed96000 Exception <a 'java/lang/ClassNotFoundException': org/springframework/context/support/LiveBeansView> (0x0000000782c1d3d8) thrown at [C:\re\workspace\8-2-build-windows-amd64-cygwin\jdk8u212\12974\hotspot\src\share\vm\classfile\systemDictionary.cpp, line 210
Event: 17.491 Thread 0x000000001ed96000 Exception <a 'java/lang/ClassNotFoundException': org/springframework/boot/actuate/endpoint/jmx/EndpointMBean> (0x0000000782c74cf8) thrown at [C:\re\workspace\8-2-build-windows-amd64-cygwin\jdk8u212\12974\hotspot\src\share\vm\classfile\systemDictionary.cpp
Event: 17.491 Thread 0x000000001ed96000 Exception <a 'java/lang/ClassNotFoundException': org/springframework/boot/actuate/endpoint/jmx/DataEndpointMBean> (0x0000000782c75258) thrown at [C:\re\workspace\8-2-build-windows-amd64-cygwin\jdk8u212\12974\hotspot\src\share\vm\classfile\systemDictionary
Event: 17.491 Thread 0x000000001ed96000 Exception <a 'java/lang/ClassNotFoundException': org/springframework/context/support/LiveBeansView> (0x0000000782c757a0) thrown at [C:\re\workspace\8-2-build-windows-amd64-cygwin\jdk8u212\12974\hotspot\src\share\vm\classfile\systemDictionary.cpp, line 210
Event: 17.491 Thread 0x000000001ed96000 Exception <a 'java/lang/ClassNotFoundException': org/springframework/boot/actuate/endpoint/jmx/EndpointMBean> (0x0000000782c75ad0) thrown at [C:\re\workspace\8-2-build-windows-amd64-cygwin\jdk8u212\12974\hotspot\src\share\vm\classfile\systemDictionary.cpp
Event: 17.491 Thread 0x000000001ed96000 Exception <a 'java/lang/ClassNotFoundException': org/springframework/boot/actuate/endpoint/jmx/DataEndpointMBean> (0x0000000782c75ff0) thrown at [C:\re\workspace\8-2-build-windows-amd64-cygwin\jdk8u212\12974\hotspot\src\share\vm\classfile\systemDictionary
Event: 17.491 Thread 0x000000001ed96000 Exception <a 'java/lang/ClassNotFoundException': org/springframework/context/support/LiveBeansView> (0x0000000782c764f8) thrown at [C:\re\workspace\8-2-build-windows-amd64-cygwin\jdk8u212\12974\hotspot\src\share\vm\classfile\systemDictionary.cpp, line 210
Event: 21.784 Thread 0x000000001bb91800 Exception <a 'java/lang/NoSuchMethodError': java.lang.Object.lambda$thenComparing$36697e65$1(Ljava/util/Comparator;Ljava/lang/Object;Ljava/lang/Object;)I> (0x0000000782426768) thrown at [C:\re\workspace\8-2-build-windows-amd64-cygwin\jdk8u212\12974\hotspo

Events (10 events):
Event: 21.787 loading class javax/servlet/LocalStrings_it_IT
Event: 21.787 loading class javax/servlet/LocalStrings_it_IT done
Event: 21.787 loading class org/springframework/util/StreamUtils
Event: 21.787 loading class org/springframework/util/StreamUtils done
Event: 21.788 loading class org/apache/tomcat/util/buf/HexUtils
Event: 21.788 loading class org/apache/tomcat/util/buf/HexUtils done
Event: 21.789 Executing VM operation: RevokeBias
Event: 21.789 Executing VM operation: RevokeBias done
Event: 21.789 Executing VM operation: RevokeBias
Event: 21.789 Executing VM operation: RevokeBias done


Dynamic libraries:
0x00007ff681b50000 - 0x00007ff681b87000 	C:\Program Files\Java\jre1.8.0_212\bin\javaw.exe
0x00007ff985a70000 - 0x00007ff985c5d000 	C:\Windows\SYSTEM32\ntdll.dll
0x00007ff97e380000 - 0x00007ff97e392000 	C:\Program Files\AVAST Software\Avast\aswhook.dll
0x00007ff9853c0000 - 0x00007ff985473000 	C:\Windows\System32\KERNEL32.DLL
0x00007ff982420000 - 0x00007ff9826b3000 	C:\Windows\System32\KERNELBASE.dll
0x00007ff985990000 - 0x00007ff985a33000 	C:\Windows\System32\ADVAPI32.dll
0x00007ff982ca0000 - 0x00007ff982d3e000 	C:\Windows\System32\msvcrt.dll
0x00007ff985310000 - 0x00007ff9853ae000 	C:\Windows\System32\sechost.dll
0x00007ff9834b0000 - 0x00007ff9835d2000 	C:\Windows\System32\RPCRT4.dll
0x00007ff982fe0000 - 0x00007ff983177000 	C:\Windows\System32\USER32.dll
0x00007ff982400000 - 0x00007ff982420000 	C:\Windows\System32\win32u.dll
0x00007ff9831e0000 - 0x00007ff983209000 	C:\Windows\System32\GDI32.dll
0x00007ff9827a0000 - 0x00007ff982939000 	C:\Windows\System32\gdi32full.dll
0x00007ff981b40000 - 0x00007ff981be0000 	C:\Windows\System32\msvcp_win.dll
0x00007ff982940000 - 0x00007ff982a3a000 	C:\Windows\System32\ucrtbase.dll
0x00007ff9728c0000 - 0x00007ff972b39000 	C:\Windows\WinSxS\amd64_microsoft.windows.common-controls_6595b64144ccf1df_6.0.17763.615_none_05b4414a072024d4\COMCTL32.dll
0x00007ff985480000 - 0x00007ff9857ac000 	C:\Windows\System32\combase.dll
0x00007ff982a40000 - 0x00007ff982abe000 	C:\Windows\System32\bcryptPrimitives.dll
0x00007ff982f50000 - 0x00007ff982f7e000 	C:\Windows\System32\IMM32.DLL
0x0000000061320000 - 0x00000000613f2000 	C:\Program Files\Java\jre1.8.0_212\bin\msvcr100.dll
0x0000000061e70000 - 0x0000000062715000 	C:\Program Files\Java\jre1.8.0_212\bin\server\jvm.dll
0x00007ff9835e0000 - 0x00007ff9835e8000 	C:\Windows\System32\PSAPI.DLL
0x00007ff96ddd0000 - 0x00007ff96ddd9000 	C:\Windows\SYSTEM32\WSOCK32.dll
0x00007ff983210000 - 0x00007ff98327d000 	C:\Windows\System32\WS2_32.dll
0x00007ff97e2a0000 - 0x00007ff97e2c4000 	C:\Windows\SYSTEM32\WINMM.dll
0x00007ff97b3a0000 - 0x00007ff97b3aa000 	C:\Windows\SYSTEM32\VERSION.dll
0x00007ff97e270000 - 0x00007ff97e29d000 	C:\Windows\SYSTEM32\WINMMBASE.dll
0x00007ff9826c0000 - 0x00007ff98270a000 	C:\Windows\System32\cfgmgr32.dll
0x00007ff97e370000 - 0x00007ff97e37f000 	C:\Program Files\Java\jre1.8.0_212\bin\verify.dll
0x00007ff97af10000 - 0x00007ff97af39000 	C:\Program Files\Java\jre1.8.0_212\bin\java.dll
0x00007ff97b640000 - 0x00007ff97b656000 	C:\Program Files\Java\jre1.8.0_212\bin\zip.dll
0x00007ff9835f0000 - 0x00007ff984ae0000 	C:\Windows\System32\SHELL32.dll
0x00007ff985130000 - 0x00007ff9851d8000 	C:\Windows\System32\shcore.dll
0x00007ff981cb0000 - 0x00007ff9823fa000 	C:\Windows\System32\windows.storage.dll
0x00007ff981b10000 - 0x00007ff981b34000 	C:\Windows\System32\profapi.dll
0x00007ff981a90000 - 0x00007ff981aed000 	C:\Windows\System32\powrprof.dll
0x00007ff983180000 - 0x00007ff9831d2000 	C:\Windows\System32\shlwapi.dll
0x00007ff981af0000 - 0x00007ff981b01000 	C:\Windows\System32\kernel.appcore.dll
0x00007ff981be0000 - 0x00007ff981bf7000 	C:\Windows\System32\cryptsp.dll
0x00007ff97e320000 - 0x00007ff97e32d000 	C:\Program Files\Java\jre1.8.0_212\bin\management.dll
0x00007ff97aeb0000 - 0x00007ff97aeca000 	C:\Program Files\Java\jre1.8.0_212\bin\net.dll
0x00007ff973840000 - 0x00007ff973a17000 	C:\Windows\SYSTEM32\urlmon.dll
0x00007ff972010000 - 0x00007ff9722b8000 	C:\Windows\SYSTEM32\iertutil.dll
0x00007ff9814b0000 - 0x00007ff9814bc000 	C:\Windows\SYSTEM32\CRYPTBASE.DLL
0x00007ff9812e0000 - 0x00007ff981347000 	C:\Windows\system32\mswsock.dll
0x00007ff97ae10000 - 0x00007ff97ae22000 	C:\Program Files\Java\jre1.8.0_212\bin\nio.dll
0x00007ff973a20000 - 0x00007ff973a36000 	C:\Windows\system32\napinsp.dll
0x00007ff95f3e0000 - 0x00007ff95f3fa000 	C:\Windows\system32\pnrpnsp.dll
0x00007ff981080000 - 0x00007ff981146000 	C:\Windows\SYSTEM32\DNSAPI.dll
0x00007ff982dc0000 - 0x00007ff982dc8000 	C:\Windows\System32\NSI.dll
0x00007ff981040000 - 0x00007ff98107d000 	C:\Windows\SYSTEM32\IPHLPAPI.DLL
0x00007ff95f3d0000 - 0x00007ff95f3de000 	C:\Windows\System32\winrnr.dll
0x00007ff97e2d0000 - 0x00007ff97e2eb000 	C:\Windows\system32\NLAapi.dll
0x00007ff97b380000 - 0x00007ff97b395000 	C:\Windows\system32\wshbth.dll
0x00007ff970370000 - 0x00007ff97037a000 	C:\Windows\System32\rasadhlp.dll
0x00007ff970840000 - 0x00007ff9708b9000 	C:\Windows\System32\fwpuclnt.dll
0x00007ff982770000 - 0x00007ff982796000 	C:\Windows\System32\bcrypt.dll
0x00007ff980ea0000 - 0x00007ff980ed3000 	C:\Windows\system32\rsaenh.dll
0x00007ff9819a0000 - 0x00007ff9819c8000 	C:\Windows\SYSTEM32\USERENV.dll
0x00007ff97fa20000 - 0x00007ff97fa36000 	C:\Windows\SYSTEM32\dhcpcsvc6.DLL
0x00007ff97fa00000 - 0x00007ff97fa1c000 	C:\Windows\SYSTEM32\dhcpcsvc.DLL
0x000000006ec40000 - 0x000000006ec58000 	C:\Users\Simone\Documents\GitHub\OOPeCalc\SpringBootProject\src\main\java\it\project\SpringBootProject\Service\NativeStats.dll
0x0000000061440000 - 0x000000006145a000 	C:\mingw-64\mingw64\bin\libgcc_s_seh-1.dll
0x000000006fc40000 - 0x000000006fda3000 	C:\mingw-64\mingw64\bin\libstdc++-6.dll
0x0000000064940000 - 0x0000000064955000 	C:\mingw-64\mingw64\bin\libwinpthread-1.dll
0x00007ff980450000 - 0x00007ff98063d000 	C:\Windows\SYSTEM32\dbghelp.dll

VM Arguments:
jvm_args: -Dcom.sun.management.jmxremote -Dcom.sun.management.jmxremote.port=51562 -Dcom.sun.management.jmxremote.authenticate=false -Dcom.sun.management.jmxremote.ssl=false -Djava.rmi.server.hostname=localhost -Dspring.jmx.enabled=true -Dspring.application.admin.enabled=true -Djava.library.path=C:\Users\Simone\Documents\GitHub\OOPeCalc\SpringBootProject\src\main\java\it\project\SpringBootProject\Service -Xverify:none -XX:TieredStopAtLevel=1 -Dfile.encoding=UTF-8 
java_command: it.project.SpringBootProject.SpringBootProjectApplication
java_class_path (initial): C:\Users\Simone\Documents\GitHub\OOPeCalc\SpringBootProject\target\classes;C:\Users\Simone\Documents\GitHub\OOPeCalc\json-simple-1.1.1.jar;C:\Users\Simone\Documents\GitHub\OOPeCalc\opencsv-2.2.jar;C:\Users\Simone\.m2\repository\org\springframework\boot\spring-boot-starter-web\2.1.6.RELEASE\spring-boot-starter-web-2.1.6.RELEASE.jar;C:\Users\Simone\.m2\repository\org\springframework\boot\spring-boot-starter\2.1.6.RELEASE\spring-boot-starter-2.1.6.RELEASE.jar;C:\Users\Simone\.m2\repository\org\springframework\boot\spring-boot-starter-logging\2.1.6.RELEASE\spring-boot-starter-logging-2.1.6.RELEASE.jar;C:\Users\Simone\.m2\repository\ch\qos\logback\logback-classic\1.2.3\logback-classic-1.2.3.jar;C:\Users\Simone\.m2\repository\ch\qos\logback\logback-core\1.2.3\logback-core-1.2.3.jar;C:\Users\Simone\.m2\repository\org\apache\logging\log4j\log4j-to-slf4j\2.11.2\log4j-to-slf4j-2.11.2.jar;C:\Users\Simone\.m2\repository\org\apache\logging\log4j\log4j-api\2.11.2\log4j-api-2.11.2.jar;C:\Users\Simone\.m2\repository\org\slf4j\jul-to-slf4j\1.7.26\jul-to-slf4j-1.7.26.jar;C:\Users\Simone\.m2\repository\javax\annotation\javax.annotation-api\1.3.2\javax.annotation-api-1.3.2.jar;C:\Users\Simone\.m2\repository\org\yaml\snakeyaml\1.23\snakeyaml-1.23.jar;C:\Users\Simone\.m2\repository\org\springframework\boot\spring-boot-starter-json\2.1.6.RELEASE\spring-boot-starter-json-2.1.6.RELEASE.jar;C:\Users\Simone\.m2\repository\com\fasterxml\jackson\core\jackson-databind\2.9.9\jackson-databind-2.9.9.jar;C:\Users\Simone\.m2\repository\com\fasterxml\jackson\core\jackson-annotations\2.9.0\jackson-annotations-2.9.0.jar;C:\Users\Simone\.m2\repository\com\fasterxml\jackson\core\jackson-core\2.9.9\jackson-core-2.9.9.jar;C:\Users\Simone\.m2\repository\com\fasterxml\jackson\datatype\jackson-datatype-jdk8\2.9.9\jackson-datatype-jdk8-2.9.9.jar;C:\Users\Simone\.m2\repository\com\fasterxml\jackson\datatype\jackson-datatype-jsr310\2.9.9\jackson-datatype-jsr310-2.9.9.jar;C:\Users\Simo
Launcher Type: SUN_STANDARD

Environment Variables:
PATH=C:/Program Files/Java/jre1.8.0_212/bin/server;C:/Program Files/Java/jre1.8.0_212/bin;C:/Program Files/Java/jre1.8.0_212/lib/amd64;C:\Program Files\NVIDIA GPU Computing Toolkit\CUDA\v10.1\bin;C:\Program Files\NVIDIA GPU Computing Toolkit\CUDA\v10.1\libnvvp;C:\Program Files (x86)\Common Files\Oracle\Java\javapath;C:\Windows\system32;C:\Windows;C:\Windows\System32\Wbem;C:\Windows\System32\WindowsPowerShell\v1.0\;C:\Windows\System32\OpenSSH\;C:\Program Files\dotnet\;C:\Program Files\Microsoft SQL Server\130\Tools\Binn\;C:\Program Files\Git\cmd;C:\Program Files\NVIDIA Corporation\Nsight Compute 2019.1\;C:\Program Files (x86)\NVIDIA Corporation\PhysX\Common;C:\Program Files\NVIDIA Corporation\NVIDIA NvDLISR;C:\Program Files (x86)\Android\android-sdk\platform-tools;C:\Program Files\PuTTY\;C:\Windows;C:\Windows\System32;C:\xampp\php;C:\ZendFramework-1.12.3\bin;C:\ZendFramework-1.12.3\bin\zf.bat;C:\apache-maven-3.6.1\bin;C:\Program Files\Java\jdk1.8.0_212\bin;C:\MinGW\bin;C:\Program Files (x86)\mingw-w64\i686-8.1.0-posix-dwarf-rt_v6-rev0;C:\mingw-64\mingw64\bin;C:\Users\Simone\Desktop\Uni\Programmazione ad Oggetti\Progetti Eclipse\JNItest\src;C:\mingw-64\mingw64\lib\gcc\x86_64-w64-mingw32\8.1.0\include\c++;C:\Program Files (x86)\Microsoft Visual Studio\2017\Community\VC\Tools\MSVC\14.16.27023\bin\Hostx64\x64;C:\Users\Simone\AppData\Local\Microsoft\WindowsApps;C:\Users\Simone\AppData\Local\GitHubDesktop\bin;C:\Users\Simone\AppData\Local\atom\bin;C:\Windows\System32;C:\Windows;C:\Users\Simone\Desktop\Uni\Programmazione ad Oggetti\Progetti Eclipse\JNIexample;C:\mingw-64\mingw64\lib\gcc\x86_64-w64-mingw32\8.1.0\include\c++;;C:\Users\Simone\Desktop;
USERNAME=Simone
OS=Windows_NT
PROCESSOR_IDENTIFIER=Intel64 Family 6 Model 142 Stepping 10, GenuineIntel



---------------  S Y S T E M  ---------------

OS: Windows 10.0 , 64 bit Build 17763 (10.0.17763.475)

CPU:total 8 (initial active 8) (4 cores per cpu, 2 threads per core) family 6 model 142 stepping 10, cmov, cx8, fxsr, mmx, sse, sse2, sse3, ssse3, sse4.1, sse4.2, popcnt, avx, avx2, aes, clmul, erms, 3dnowpref, lzcnt, ht, tsc, tscinvbit, bmi1, bmi2, adx

Memory: 4k page, physical 12466404k(5701172k free), swap 16538360k(5981068k free)

vm_info: Java HotSpot(TM) 64-Bit Server VM (25.212-b10) for windows-amd64 JRE (1.8.0_212-b10), built on Apr  1 2019 22:50:23 by "java_re" with MS VC++ 10.0 (VS2010)

time: Thu Jul 18 15:52:10 2019
timezone: ora legale Europa occidentale
elapsed time: 23 seconds (0d 0h 0m 23s)

